{"/home/travis/build/npmtest/node-npmtest-i18next/test.js":{"path":"/home/travis/build/npmtest/node-npmtest-i18next/test.js","s":{"1":2,"2":2,"3":2,"4":2,"5":2,"6":2,"7":2,"8":1,"9":2,"10":2,"11":1,"12":1,"13":1,"14":1,"15":2,"16":2,"17":2,"18":2,"19":1,"20":1,"21":2,"22":2,"23":2,"24":1,"25":1,"26":1,"27":1,"28":1,"29":1,"30":1,"31":1,"32":1,"33":1,"34":1,"35":1,"36":1,"37":1,"38":1,"39":2,"40":2,"41":1,"42":2,"43":2,"44":1,"45":2,"46":2,"47":1,"48":2,"49":2,"50":1,"51":1,"52":1,"53":1,"54":1},"b":{"1":[2,1,1,1],"2":[1,1,1,1],"3":[1,1],"4":[1,1],"5":[1,1],"6":[1,1],"7":[1,1],"8":[1,1],"9":[1,1],"10":[1,1,1],"11":[1,1],"12":[1,1],"13":[1,1],"14":[1,1],"15":[1,1],"16":[1,1],"17":[1,1]},"f":{"1":2,"2":2,"3":2,"4":2,"5":2,"6":1,"7":1,"8":1,"9":2,"10":2,"11":2,"12":2,"13":1},"fnMap":{"1":{"name":"(anonymous_1)","line":12,"loc":{"start":{"line":12,"column":1},"end":{"line":12,"column":13}}},"2":{"name":"(anonymous_2)","line":19,"loc":{"start":{"line":19,"column":5},"end":{"line":19,"column":17}}},"3":{"name":"(anonymous_3)","line":23,"loc":{"start":{"line":23,"column":24},"end":{"line":23,"column":36}}},"4":{"name":"(anonymous_4)","line":61,"loc":{"start":{"line":61,"column":5},"end":{"line":61,"column":17}}},"5":{"name":"(anonymous_5)","line":82,"loc":{"start":{"line":82,"column":5},"end":{"line":82,"column":17}}},"6":{"name":"(anonymous_6)","line":91,"loc":{"start":{"line":91,"column":77},"end":{"line":94,"column":10}}},"7":{"name":"(anonymous_7)","line":112,"loc":{"start":{"line":112,"column":83},"end":{"line":115,"column":10}},"skip":true},"8":{"name":"(anonymous_8)","line":123,"loc":{"start":{"line":123,"column":77},"end":{"line":126,"column":10}},"skip":true},"9":{"name":"(anonymous_9)","line":139,"loc":{"start":{"line":139,"column":12},"end":{"line":139,"column":40}},"skip":true},"10":{"name":"(anonymous_10)","line":147,"loc":{"start":{"line":147,"column":77},"end":{"line":150,"column":10}},"skip":true},"11":{"name":"(anonymous_11)","line":158,"loc":{"start":{"line":158,"column":83},"end":{"line":161,"column":10}},"skip":true},"12":{"name":"(anonymous_12)","line":169,"loc":{"start":{"line":169,"column":79},"end":{"line":172,"column":10}},"skip":true},"13":{"name":"(anonymous_13)","line":180,"loc":{"start":{"line":180,"column":75},"end":{"line":183,"column":10}},"skip":true}},"statementMap":{"1":{"start":{"line":12,"column":0},"end":{"line":195,"column":5}},"2":{"start":{"line":14,"column":4},"end":{"line":14,"column":14}},"3":{"start":{"line":19,"column":4},"end":{"line":56,"column":9}},"4":{"start":{"line":21,"column":8},"end":{"line":21,"column":19}},"5":{"start":{"line":23,"column":8},"end":{"line":35,"column":13}},"6":{"start":{"line":24,"column":12},"end":{"line":34,"column":13}},"7":{"start":{"line":25,"column":16},"end":{"line":28,"column":30}},"8":{"start":{"line":30,"column":16},"end":{"line":33,"column":27}},"9":{"start":{"line":37,"column":8},"end":{"line":39,"column":21}},"10":{"start":{"line":40,"column":8},"end":{"line":53,"column":9}},"11":{"start":{"line":43,"column":12},"end":{"line":46,"column":14}},"12":{"start":{"line":47,"column":12},"end":{"line":47,"column":18}},"13":{"start":{"line":50,"column":12},"end":{"line":51,"column":33}},"14":{"start":{"line":52,"column":12},"end":{"line":52,"column":18}},"15":{"start":{"line":55,"column":8},"end":{"line":55,"column":35}},"16":{"start":{"line":61,"column":4},"end":{"line":63,"column":9}},"17":{"start":{"line":62,"column":8},"end":{"line":62,"column":15}},"18":{"start":{"line":64,"column":4},"end":{"line":77,"column":5}},"19":{"start":{"line":70,"column":8},"end":{"line":70,"column":14}},"20":{"start":{"line":76,"column":8},"end":{"line":76,"column":14}},"21":{"start":{"line":82,"column":4},"end":{"line":84,"column":9}},"22":{"start":{"line":83,"column":8},"end":{"line":83,"column":15}},"23":{"start":{"line":85,"column":4},"end":{"line":194,"column":5}},"24":{"start":{"line":91,"column":8},"end":{"line":99,"column":10}},"25":{"start":{"line":98,"column":12},"end":{"line":98,"column":35}},"26":{"start":{"line":102,"column":8},"end":{"line":104,"column":63}},"27":{"start":{"line":105,"column":8},"end":{"line":105,"column":14}},"28":{"start":{"line":112,"column":8},"end":{"line":121,"column":10},"skip":true},"29":{"start":{"line":119,"column":12},"end":{"line":119,"column":55},"skip":true},"30":{"start":{"line":120,"column":12},"end":{"line":120,"column":48},"skip":true},"31":{"start":{"line":123,"column":8},"end":{"line":136,"column":10},"skip":true},"32":{"start":{"line":130,"column":12},"end":{"line":130,"column":76},"skip":true},"33":{"start":{"line":131,"column":12},"end":{"line":131,"column":73},"skip":true},"34":{"start":{"line":132,"column":12},"end":{"line":132,"column":74},"skip":true},"35":{"start":{"line":133,"column":12},"end":{"line":133,"column":79},"skip":true},"36":{"start":{"line":134,"column":12},"end":{"line":134,"column":25},"skip":true},"37":{"start":{"line":135,"column":12},"end":{"line":135,"column":45},"skip":true},"38":{"start":{"line":138,"column":8},"end":{"line":145,"column":14},"skip":true},"39":{"start":{"line":143,"column":16},"end":{"line":143,"column":29},"skip":true},"40":{"start":{"line":144,"column":16},"end":{"line":144,"column":55},"skip":true},"41":{"start":{"line":147,"column":8},"end":{"line":156,"column":10},"skip":true},"42":{"start":{"line":154,"column":12},"end":{"line":154,"column":25},"skip":true},"43":{"start":{"line":155,"column":12},"end":{"line":155,"column":45},"skip":true},"44":{"start":{"line":158,"column":8},"end":{"line":167,"column":10},"skip":true},"45":{"start":{"line":165,"column":12},"end":{"line":165,"column":25},"skip":true},"46":{"start":{"line":166,"column":12},"end":{"line":166,"column":48},"skip":true},"47":{"start":{"line":169,"column":8},"end":{"line":178,"column":10},"skip":true},"48":{"start":{"line":176,"column":12},"end":{"line":176,"column":25},"skip":true},"49":{"start":{"line":177,"column":12},"end":{"line":177,"column":46},"skip":true},"50":{"start":{"line":180,"column":8},"end":{"line":189,"column":10},"skip":true},"51":{"start":{"line":187,"column":12},"end":{"line":187,"column":94},"skip":true},"52":{"start":{"line":188,"column":12},"end":{"line":188,"column":48},"skip":true},"53":{"start":{"line":192,"column":8},"end":{"line":192,"column":35},"skip":true},"54":{"start":{"line":193,"column":8},"end":{"line":193,"column":14},"skip":true}},"branchMap":{"1":{"line":25,"type":"binary-expr","locations":[{"start":{"line":25,"column":23},"end":{"line":25,"column":62}},{"start":{"line":26,"column":20},"end":{"line":26,"column":70}},{"start":{"line":27,"column":20},"end":{"line":27,"column":71}},{"start":{"line":28,"column":20},"end":{"line":28,"column":29}}]},"2":{"line":30,"type":"binary-expr","locations":[{"start":{"line":30,"column":23},"end":{"line":30,"column":37}},{"start":{"line":31,"column":20},"end":{"line":31,"column":61}},{"start":{"line":32,"column":20},"end":{"line":32,"column":70}},{"start":{"line":33,"column":20},"end":{"line":33,"column":26}}]},"3":{"line":37,"type":"cond-expr","locations":[{"start":{"line":38,"column":14},"end":{"line":38,"column":20}},{"start":{"line":39,"column":14},"end":{"line":39,"column":20}}]},"4":{"line":40,"type":"switch","locations":[{"start":{"line":42,"column":8},"end":{"line":47,"column":18}},{"start":{"line":49,"column":8},"end":{"line":52,"column":18}}]},"5":{"line":44,"type":"binary-expr","locations":[{"start":{"line":44,"column":16},"end":{"line":44,"column":44}},{"start":{"line":44,"column":48},"end":{"line":44,"column":66}}]},"6":{"line":50,"type":"binary-expr","locations":[{"start":{"line":50,"column":21},"end":{"line":50,"column":49}},{"start":{"line":50,"column":53},"end":{"line":50,"column":72}}]},"7":{"line":64,"type":"switch","locations":[{"start":{"line":69,"column":4},"end":{"line":70,"column":14}},{"start":{"line":75,"column":4},"end":{"line":76,"column":14}}]},"8":{"line":85,"type":"switch","locations":[{"start":{"line":90,"column":4},"end":{"line":105,"column":14}},{"start":{"line":111,"column":4},"end":{"line":193,"column":14},"skip":true}]},"9":{"line":91,"type":"binary-expr","locations":[{"start":{"line":91,"column":42},"end":{"line":91,"column":73}},{"start":{"line":91,"column":77},"end":{"line":99,"column":9}}]},"10":{"line":102,"type":"binary-expr","locations":[{"start":{"line":102,"column":18},"end":{"line":102,"column":32}},{"start":{"line":103,"column":12},"end":{"line":103,"column":53}},{"start":{"line":104,"column":12},"end":{"line":104,"column":61}}]},"11":{"line":112,"type":"binary-expr","locations":[{"start":{"line":112,"column":45},"end":{"line":112,"column":79},"skip":true},{"start":{"line":112,"column":83},"end":{"line":121,"column":9},"skip":true}]},"12":{"line":123,"type":"binary-expr","locations":[{"start":{"line":123,"column":42},"end":{"line":123,"column":73},"skip":true},{"start":{"line":123,"column":77},"end":{"line":136,"column":9},"skip":true}]},"13":{"line":138,"type":"binary-expr","locations":[{"start":{"line":138,"column":48},"end":{"line":138,"column":85},"skip":true},{"start":{"line":139,"column":12},"end":{"line":145,"column":13},"skip":true}]},"14":{"line":147,"type":"binary-expr","locations":[{"start":{"line":147,"column":42},"end":{"line":147,"column":73},"skip":true},{"start":{"line":147,"column":77},"end":{"line":156,"column":9},"skip":true}]},"15":{"line":158,"type":"binary-expr","locations":[{"start":{"line":158,"column":45},"end":{"line":158,"column":79},"skip":true},{"start":{"line":158,"column":83},"end":{"line":167,"column":9},"skip":true}]},"16":{"line":169,"type":"binary-expr","locations":[{"start":{"line":169,"column":43},"end":{"line":169,"column":75},"skip":true},{"start":{"line":169,"column":79},"end":{"line":178,"column":9},"skip":true}]},"17":{"line":180,"type":"binary-expr","locations":[{"start":{"line":180,"column":41},"end":{"line":180,"column":71},"skip":true},{"start":{"line":180,"column":75},"end":{"line":189,"column":9},"skip":true}]}},"code":["/* istanbul instrument in package npmtest_i18next */","/*jslint","    bitwise: true,","    browser: true,","    maxerr: 8,","    maxlen: 96,","    node: true,","    nomen: true,","    regexp: true,","    stupid: true","*/","(function () {","    'use strict';","    var local;","","","","    // run shared js-env code - init-before","    (function () {","        // init local","        local = {};","        // init modeJs","        local.modeJs = (function () {","            try {","                return typeof navigator.userAgent === 'string' &&","                    typeof document.querySelector('body') === 'object' &&","                    typeof XMLHttpRequest.prototype.open === 'function' &&","                    'browser';","            } catch (errorCaughtBrowser) {","                return module.exports &&","                    typeof process.versions.node === 'string' &&","                    typeof require('http').createServer === 'function' &&","                    'node';","            }","        }());","        // init global","        local.global = local.modeJs === 'browser'","            ? window","            : global;","        switch (local.modeJs) {","        // re-init local from window.local","        case 'browser':","            local = local.global.utility2.objectSetDefault(","                local.global.utility2_rollup || local.global.local,","                local.global.utility2","            );","            break;","        // re-init local from example.js","        case 'node':","            local = (local.global.utility2_rollup || require('utility2'))","                .requireReadme();","            break;","        }","        // export local","        local.global.local = local;","    }());","","","","    // run shared js-env code - function","    (function () {","        return;","    }());","    switch (local.modeJs) {","","","","    // run browser js-env code - function","    case 'browser':","        break;","","","","    // run node js-env code - function","    case 'node':","        break;","    }","","","","    // run shared js-env code - init-after","    (function () {","        return;","    }());","    switch (local.modeJs) {","","","","    // run browser js-env code - init-after","    case 'browser':","        local.testCase_browser_nullCase = local.testCase_browser_nullCase || function (","            options,","            onError","        ) {","        /*","         * this function will test browsers's null-case handling-behavior-behavior","         */","            onError(null, options);","        };","","        // run tests","        local.nop(local.modeTest &&","            document.querySelector('#testRunButton1') &&","            document.querySelector('#testRunButton1').click());","        break;","","","","    // run node js-env code - init-after","    /* istanbul ignore next */","    case 'node':","        local.testCase_buildApidoc_default = local.testCase_buildApidoc_default || function (","            options,","            onError","        ) {","        /*","         * this function will test buildApidoc's default handling-behavior-behavior","         */","            options = { modulePathList: module.paths };","            local.buildApidoc(options, onError);","        };","","        local.testCase_buildApp_default = local.testCase_buildApp_default || function (","            options,","            onError","        ) {","        /*","         * this function will test buildApp's default handling-behavior-behavior","         */","            local.testCase_buildReadme_default(options, local.onErrorThrow);","            local.testCase_buildLib_default(options, local.onErrorThrow);","            local.testCase_buildTest_default(options, local.onErrorThrow);","            local.testCase_buildCustomOrg_default(options, local.onErrorThrow);","            options = [];","            local.buildApp(options, onError);","        };","","        local.testCase_buildCustomOrg_default = local.testCase_buildCustomOrg_default ||","            function (options, onError) {","            /*","             * this function will test buildCustomOrg's default handling-behavior","             */","                options = {};","                local.buildCustomOrg(options, onError);","            };","","        local.testCase_buildLib_default = local.testCase_buildLib_default || function (","            options,","            onError","        ) {","        /*","         * this function will test buildLib's default handling-behavior","         */","            options = {};","            local.buildLib(options, onError);","        };","","        local.testCase_buildReadme_default = local.testCase_buildReadme_default || function (","            options,","            onError","        ) {","        /*","         * this function will test buildReadme's default handling-behavior-behavior","         */","            options = {};","            local.buildReadme(options, onError);","        };","","        local.testCase_buildTest_default = local.testCase_buildTest_default || function (","            options,","            onError","        ) {","        /*","         * this function will test buildTest's default handling-behavior","         */","            options = {};","            local.buildTest(options, onError);","        };","","        local.testCase_webpage_default = local.testCase_webpage_default || function (","            options,","            onError","        ) {","        /*","         * this function will test webpage's default handling-behavior","         */","            options = { modeCoverageMerge: true, url: local.serverLocalHost + '?modeTest=1' };","            local.browserTest(options, onError);","        };","","        // run test-server","        local.testRunServer(local);","        break;","    }","}());",""],"l":{"12":2,"14":2,"19":2,"21":2,"23":2,"24":2,"25":2,"30":1,"37":2,"40":2,"43":1,"47":1,"50":1,"52":1,"55":2,"61":2,"62":2,"64":2,"70":1,"76":1,"82":2,"83":2,"85":2,"91":1,"98":1,"102":1,"105":1,"112":1,"119":1,"120":1,"123":1,"130":1,"131":1,"132":1,"133":1,"134":1,"135":1,"138":1,"143":2,"144":2,"147":1,"154":2,"155":2,"158":1,"165":2,"166":2,"169":1,"176":2,"177":2,"180":1,"187":1,"188":1,"192":1,"193":1}},"/home/travis/build/npmtest/node-npmtest-i18next/lib.npmtest_i18next.js":{"path":"/home/travis/build/npmtest/node-npmtest-i18next/lib.npmtest_i18next.js","s":{"1":2,"2":2,"3":2,"4":2,"5":2,"6":2,"7":2,"8":1,"9":2,"10":2,"11":2,"12":2,"13":1,"14":1,"15":1,"16":1},"b":{"1":[2,1,1,1],"2":[1,1,1,1],"3":[1,1],"4":[2,2],"5":[1,1]},"f":{"1":2,"2":2,"3":2},"fnMap":{"1":{"name":"(anonymous_1)","line":12,"loc":{"start":{"line":12,"column":1},"end":{"line":12,"column":13}}},"2":{"name":"(anonymous_2)","line":19,"loc":{"start":{"line":19,"column":5},"end":{"line":19,"column":17}}},"3":{"name":"(anonymous_3)","line":23,"loc":{"start":{"line":23,"column":24},"end":{"line":23,"column":36}}}},"statementMap":{"1":{"start":{"line":12,"column":0},"end":{"line":53,"column":5}},"2":{"start":{"line":14,"column":4},"end":{"line":14,"column":14}},"3":{"start":{"line":19,"column":4},"end":{"line":52,"column":9}},"4":{"start":{"line":21,"column":8},"end":{"line":21,"column":19}},"5":{"start":{"line":23,"column":8},"end":{"line":35,"column":13}},"6":{"start":{"line":24,"column":12},"end":{"line":34,"column":13}},"7":{"start":{"line":25,"column":16},"end":{"line":28,"column":30}},"8":{"start":{"line":30,"column":16},"end":{"line":33,"column":27}},"9":{"start":{"line":37,"column":8},"end":{"line":39,"column":21}},"10":{"start":{"line":41,"column":8},"end":{"line":41,"column":54}},"11":{"start":{"line":43,"column":8},"end":{"line":43,"column":52}},"12":{"start":{"line":45,"column":8},"end":{"line":51,"column":9}},"13":{"start":{"line":46,"column":12},"end":{"line":46,"column":58}},"14":{"start":{"line":48,"column":12},"end":{"line":48,"column":35}},"15":{"start":{"line":49,"column":12},"end":{"line":49,"column":49}},"16":{"start":{"line":50,"column":12},"end":{"line":50,"column":43}}},"branchMap":{"1":{"line":25,"type":"binary-expr","locations":[{"start":{"line":25,"column":23},"end":{"line":25,"column":62}},{"start":{"line":26,"column":20},"end":{"line":26,"column":70}},{"start":{"line":27,"column":20},"end":{"line":27,"column":71}},{"start":{"line":28,"column":20},"end":{"line":28,"column":29}}]},"2":{"line":30,"type":"binary-expr","locations":[{"start":{"line":30,"column":23},"end":{"line":30,"column":37}},{"start":{"line":31,"column":20},"end":{"line":31,"column":61}},{"start":{"line":32,"column":20},"end":{"line":32,"column":70}},{"start":{"line":33,"column":20},"end":{"line":33,"column":26}}]},"3":{"line":37,"type":"cond-expr","locations":[{"start":{"line":38,"column":14},"end":{"line":38,"column":20}},{"start":{"line":39,"column":14},"end":{"line":39,"column":20}}]},"4":{"line":41,"type":"binary-expr","locations":[{"start":{"line":41,"column":16},"end":{"line":41,"column":44}},{"start":{"line":41,"column":48},"end":{"line":41,"column":53}}]},"5":{"line":45,"type":"if","locations":[{"start":{"line":45,"column":8},"end":{"line":45,"column":8}},{"start":{"line":45,"column":8},"end":{"line":45,"column":8}}]}},"code":["/* istanbul instrument in package npmtest_i18next */","/*jslint","    bitwise: true,","    browser: true,","    maxerr: 8,","    maxlen: 96,","    node: true,","    nomen: true,","    regexp: true,","    stupid: true","*/","(function () {","    'use strict';","    var local;","","","","    // run shared js-env code - init-before","    (function () {","        // init local","        local = {};","        // init modeJs","        local.modeJs = (function () {","            try {","                return typeof navigator.userAgent === 'string' &&","                    typeof document.querySelector('body') === 'object' &&","                    typeof XMLHttpRequest.prototype.open === 'function' &&","                    'browser';","            } catch (errorCaughtBrowser) {","                return module.exports &&","                    typeof process.versions.node === 'string' &&","                    typeof require('http').createServer === 'function' &&","                    'node';","            }","        }());","        // init global","        local.global = local.modeJs === 'browser'","            ? window","            : global;","        // init utility2_rollup","        local = local.global.utility2_rollup || local;","        // init lib","        local.local = local.npmtest_i18next = local;","        // init exports","        if (local.modeJs === 'browser') {","            local.global.utility2_npmtest_i18next = local;","        } else {","            module.exports = local;","            module.exports.__dirname = __dirname;","            module.exports.module = module;","        }","    }());","}());",""],"l":{"12":2,"14":2,"19":2,"21":2,"23":2,"24":2,"25":2,"30":1,"37":2,"41":2,"43":2,"45":2,"46":1,"48":1,"49":1,"50":1}},"/home/travis/build/npmtest/node-npmtest-i18next/example.js":{"path":"/home/travis/build/npmtest/node-npmtest-i18next/example.js","s":{"1":2,"2":2,"3":2,"4":2,"5":2,"6":2,"7":2,"8":1,"9":2,"10":2,"11":2,"12":2,"13":1,"14":2,"15":2,"16":2,"17":2,"18":2,"19":0,"20":2,"21":1,"22":1,"23":1,"24":1,"25":1,"26":0,"27":0,"28":1,"29":1,"30":2,"31":0,"32":0,"33":0,"34":1,"35":2,"36":2,"37":3,"38":3,"39":3,"40":3,"41":0,"42":3,"43":3,"44":3,"45":1,"46":3,"47":1,"48":1,"49":1,"50":1,"51":1,"52":1,"53":1,"54":1,"55":1,"56":1,"57":0,"58":1,"59":6,"60":6,"61":1,"62":2,"63":0,"64":2,"65":1,"66":1,"67":0,"68":0,"69":0,"70":0,"71":0,"72":0,"73":0,"74":0,"75":0,"76":0,"77":0,"78":0,"79":0,"80":0,"81":0,"82":0,"83":0},"b":{"1":[2,1,1,1],"2":[1,1,1,1],"3":[1,1],"4":[2,2],"5":[1,1],"6":[1,1],"7":[2,0],"8":[2,1,1,1,1,1],"9":[0,2,0],"10":[1,1],"11":[2,1,1],"12":[1,0],"13":[0,2],"14":[2,0,0,0,0,0,0],"15":[0,3],"16":[3,0],"17":[1,1],"18":[0,1],"19":[1,2,0,2],"20":[1,0],"21":[1,1],"22":[0,0],"23":[0,0],"24":[0,0],"25":[0,0],"26":[0,0],"27":[0,0],"28":[0,0]},"f":{"1":2,"2":2,"3":2,"4":2,"5":2,"6":2,"7":3,"8":3,"9":3,"10":1,"11":6,"12":0},"fnMap":{"1":{"name":"(anonymous_1)","line":26,"loc":{"start":{"line":26,"column":1},"end":{"line":26,"column":13}}},"2":{"name":"(anonymous_2)","line":33,"loc":{"start":{"line":33,"column":5},"end":{"line":33,"column":17}}},"3":{"name":"(anonymous_3)","line":37,"loc":{"start":{"line":37,"column":24},"end":{"line":37,"column":36}}},"4":{"name":"(anonymous_4)","line":69,"loc":{"start":{"line":69,"column":31},"end":{"line":69,"column":48}},"skip":true},"5":{"name":"(anonymous_5)","line":78,"loc":{"start":{"line":78,"column":26},"end":{"line":78,"column":45}},"skip":true},"6":{"name":"(anonymous_6)","line":123,"loc":{"start":{"line":123,"column":33},"end":{"line":123,"column":48}},"skip":true},"7":{"name":"(anonymous_7)","line":125,"loc":{"start":{"line":125,"column":27},"end":{"line":125,"column":39}},"skip":true},"8":{"name":"(anonymous_8)","line":133,"loc":{"start":{"line":133,"column":59},"end":{"line":133,"column":74}},"skip":true},"9":{"name":"(anonymous_9)","line":143,"loc":{"start":{"line":143,"column":45},"end":{"line":143,"column":62}},"skip":true},"10":{"name":"(anonymous_10)","line":144,"loc":{"start":{"line":144,"column":73},"end":{"line":144,"column":92}},"skip":true},"11":{"name":"(anonymous_11)","line":272,"loc":{"start":{"line":272,"column":51},"end":{"line":272,"column":77}},"skip":true},"12":{"name":"(anonymous_12)","line":315,"loc":{"start":{"line":315,"column":32},"end":{"line":315,"column":61}},"skip":true}},"statementMap":{"1":{"start":{"line":26,"column":0},"end":{"line":326,"column":5}},"2":{"start":{"line":28,"column":4},"end":{"line":28,"column":14}},"3":{"start":{"line":33,"column":4},"end":{"line":60,"column":9}},"4":{"start":{"line":35,"column":8},"end":{"line":35,"column":19}},"5":{"start":{"line":37,"column":8},"end":{"line":49,"column":13}},"6":{"start":{"line":38,"column":12},"end":{"line":48,"column":13}},"7":{"start":{"line":39,"column":16},"end":{"line":42,"column":30}},"8":{"start":{"line":44,"column":16},"end":{"line":47,"column":27}},"9":{"start":{"line":51,"column":8},"end":{"line":53,"column":21}},"10":{"start":{"line":55,"column":8},"end":{"line":57,"column":45}},"11":{"start":{"line":59,"column":8},"end":{"line":59,"column":35}},"12":{"start":{"line":61,"column":4},"end":{"line":325,"column":5}},"13":{"start":{"line":69,"column":8},"end":{"line":121,"column":10},"skip":true},"14":{"start":{"line":70,"column":12},"end":{"line":88,"column":13},"skip":true},"15":{"start":{"line":76,"column":16},"end":{"line":87,"column":19},"skip":true},"16":{"start":{"line":79,"column":20},"end":{"line":86,"column":21},"skip":true},"17":{"start":{"line":82,"column":24},"end":{"line":82,"column":43},"skip":true},"18":{"start":{"line":83,"column":24},"end":{"line":83,"column":30},"skip":true},"19":{"start":{"line":85,"column":24},"end":{"line":85,"column":49},"skip":true},"20":{"start":{"line":89,"column":12},"end":{"line":107,"column":13},"skip":true},"21":{"start":{"line":92,"column":16},"end":{"line":102,"column":17},"skip":true},"22":{"start":{"line":93,"column":20},"end":{"line":93,"column":86},"skip":true},"23":{"start":{"line":94,"column":20},"end":{"line":95,"column":45},"skip":true},"24":{"start":{"line":96,"column":20},"end":{"line":96,"column":42},"skip":true},"25":{"start":{"line":97,"column":20},"end":{"line":97,"column":48},"skip":true},"26":{"start":{"line":100,"column":20},"end":{"line":100,"column":85},"skip":true},"27":{"start":{"line":101,"column":20},"end":{"line":101,"column":96},"skip":true},"28":{"start":{"line":103,"column":16},"end":{"line":103,"column":22},"skip":true},"29":{"start":{"line":106,"column":16},"end":{"line":106,"column":22},"skip":true},"30":{"start":{"line":108,"column":12},"end":{"line":120,"column":13},"skip":true},"31":{"start":{"line":114,"column":16},"end":{"line":119,"column":17},"skip":true},"32":{"start":{"line":116,"column":20},"end":{"line":116,"column":78},"skip":true},"33":{"start":{"line":118,"column":20},"end":{"line":118,"column":47},"skip":true},"34":{"start":{"line":123,"column":8},"end":{"line":141,"column":11},"skip":true},"35":{"start":{"line":124,"column":12},"end":{"line":124,"column":54},"skip":true},"36":{"start":{"line":125,"column":12},"end":{"line":140,"column":14},"skip":true},"37":{"start":{"line":126,"column":16},"end":{"line":126,"column":28},"skip":true},"38":{"start":{"line":127,"column":16},"end":{"line":127,"column":69},"skip":true},"39":{"start":{"line":128,"column":16},"end":{"line":128,"column":75},"skip":true},"40":{"start":{"line":129,"column":16},"end":{"line":131,"column":17},"skip":true},"41":{"start":{"line":130,"column":20},"end":{"line":130,"column":27},"skip":true},"42":{"start":{"line":133,"column":16},"end":{"line":137,"column":36},"skip":true},"43":{"start":{"line":134,"column":20},"end":{"line":136,"column":55},"skip":true},"44":{"start":{"line":139,"column":16},"end":{"line":139,"column":57},"skip":true},"45":{"start":{"line":143,"column":8},"end":{"line":147,"column":11},"skip":true},"46":{"start":{"line":144,"column":12},"end":{"line":146,"column":15},"skip":true},"47":{"start":{"line":145,"column":16},"end":{"line":145,"column":70},"skip":true},"48":{"start":{"line":149,"column":8},"end":{"line":149,"column":31},"skip":true},"49":{"start":{"line":150,"column":8},"end":{"line":150,"column":14},"skip":true},"50":{"start":{"line":158,"column":8},"end":{"line":158,"column":31},"skip":true},"51":{"start":{"line":160,"column":8},"end":{"line":160,"column":33},"skip":true},"52":{"start":{"line":161,"column":8},"end":{"line":161,"column":37},"skip":true},"53":{"start":{"line":162,"column":8},"end":{"line":162,"column":35},"skip":true},"54":{"start":{"line":164,"column":8},"end":{"line":164,"column":50},"skip":true},"55":{"start":{"line":166,"column":8},"end":{"line":256,"column":2},"skip":true},"56":{"start":{"line":258,"column":8},"end":{"line":286,"column":9},"skip":true},"57":{"start":{"line":259,"column":12},"end":{"line":269,"column":14},"skip":true},"58":{"start":{"line":271,"column":12},"end":{"line":285,"column":19},"skip":true},"59":{"start":{"line":274,"column":20},"end":{"line":274,"column":35},"skip":true},"60":{"start":{"line":275,"column":20},"end":{"line":284,"column":21},"skip":true},"61":{"start":{"line":277,"column":24},"end":{"line":277,"column":64},"skip":true},"62":{"start":{"line":279,"column":24},"end":{"line":279,"column":40},"skip":true},"63":{"start":{"line":281,"column":24},"end":{"line":281,"column":40},"skip":true},"64":{"start":{"line":283,"column":24},"end":{"line":283,"column":39},"skip":true},"65":{"start":{"line":288,"column":8},"end":{"line":290,"column":9},"skip":true},"66":{"start":{"line":289,"column":12},"end":{"line":289,"column":18},"skip":true},"67":{"start":{"line":291,"column":8},"end":{"line":293,"column":54},"skip":true},"68":{"start":{"line":296,"column":8},"end":{"line":301,"column":37},"skip":true},"69":{"start":{"line":303,"column":8},"end":{"line":303,"column":82},"skip":true},"70":{"start":{"line":306,"column":8},"end":{"line":308,"column":9},"skip":true},"71":{"start":{"line":307,"column":12},"end":{"line":307,"column":82},"skip":true},"72":{"start":{"line":310,"column":8},"end":{"line":312,"column":9},"skip":true},"73":{"start":{"line":311,"column":12},"end":{"line":311,"column":18},"skip":true},"74":{"start":{"line":313,"column":8},"end":{"line":313,"column":54},"skip":true},"75":{"start":{"line":314,"column":8},"end":{"line":314,"column":69},"skip":true},"76":{"start":{"line":315,"column":8},"end":{"line":323,"column":36},"skip":true},"77":{"start":{"line":316,"column":12},"end":{"line":316,"column":61},"skip":true},"78":{"start":{"line":317,"column":12},"end":{"line":320,"column":13},"skip":true},"79":{"start":{"line":318,"column":16},"end":{"line":318,"column":75},"skip":true},"80":{"start":{"line":319,"column":16},"end":{"line":319,"column":23},"skip":true},"81":{"start":{"line":321,"column":12},"end":{"line":321,"column":38},"skip":true},"82":{"start":{"line":322,"column":12},"end":{"line":322,"column":27},"skip":true},"83":{"start":{"line":324,"column":8},"end":{"line":324,"column":14},"skip":true}},"branchMap":{"1":{"line":39,"type":"binary-expr","locations":[{"start":{"line":39,"column":23},"end":{"line":39,"column":62}},{"start":{"line":40,"column":20},"end":{"line":40,"column":70}},{"start":{"line":41,"column":20},"end":{"line":41,"column":71}},{"start":{"line":42,"column":20},"end":{"line":42,"column":29}}]},"2":{"line":44,"type":"binary-expr","locations":[{"start":{"line":44,"column":23},"end":{"line":44,"column":37}},{"start":{"line":45,"column":20},"end":{"line":45,"column":61}},{"start":{"line":46,"column":20},"end":{"line":46,"column":70}},{"start":{"line":47,"column":20},"end":{"line":47,"column":26}}]},"3":{"line":51,"type":"cond-expr","locations":[{"start":{"line":52,"column":14},"end":{"line":52,"column":20}},{"start":{"line":53,"column":14},"end":{"line":53,"column":20}}]},"4":{"line":55,"type":"binary-expr","locations":[{"start":{"line":55,"column":16},"end":{"line":55,"column":44}},{"start":{"line":55,"column":49},"end":{"line":57,"column":43}}]},"5":{"line":55,"type":"cond-expr","locations":[{"start":{"line":56,"column":14},"end":{"line":56,"column":51}},{"start":{"line":57,"column":14},"end":{"line":57,"column":43}}]},"6":{"line":61,"type":"switch","locations":[{"start":{"line":68,"column":4},"end":{"line":150,"column":14},"skip":true},{"start":{"line":156,"column":4},"end":{"line":324,"column":14},"skip":true}]},"7":{"line":70,"type":"if","locations":[{"start":{"line":70,"column":12},"end":{"line":70,"column":12},"skip":true},{"start":{"line":70,"column":12},"end":{"line":70,"column":12},"skip":true}]},"8":{"line":70,"type":"binary-expr","locations":[{"start":{"line":70,"column":16},"end":{"line":70,"column":22},"skip":true},{"start":{"line":70,"column":27},"end":{"line":70,"column":32},"skip":true},{"start":{"line":71,"column":20},"end":{"line":71,"column":39},"skip":true},{"start":{"line":72,"column":20},"end":{"line":72,"column":49},"skip":true},{"start":{"line":73,"column":20},"end":{"line":73,"column":58},"skip":true},{"start":{"line":74,"column":20},"end":{"line":74,"column":69},"skip":true}]},"9":{"line":79,"type":"switch","locations":[{"start":{"line":80,"column":20},"end":{"line":80,"column":33},"skip":true},{"start":{"line":81,"column":20},"end":{"line":83,"column":30},"skip":true},{"start":{"line":84,"column":20},"end":{"line":85,"column":49},"skip":true}]},"10":{"line":89,"type":"switch","locations":[{"start":{"line":90,"column":12},"end":{"line":103,"column":22},"skip":true},{"start":{"line":105,"column":12},"end":{"line":106,"column":22},"skip":true}]},"11":{"line":89,"type":"binary-expr","locations":[{"start":{"line":89,"column":20},"end":{"line":89,"column":25},"skip":true},{"start":{"line":89,"column":29},"end":{"line":89,"column":48},"skip":true},{"start":{"line":89,"column":52},"end":{"line":89,"column":74},"skip":true}]},"12":{"line":92,"type":"if","locations":[{"start":{"line":92,"column":16},"end":{"line":92,"column":16},"skip":true},{"start":{"line":92,"column":16},"end":{"line":92,"column":16},"skip":true}]},"13":{"line":108,"type":"if","locations":[{"start":{"line":108,"column":12},"end":{"line":108,"column":12},"skip":true},{"start":{"line":108,"column":12},"end":{"line":108,"column":12},"skip":true}]},"14":{"line":108,"type":"binary-expr","locations":[{"start":{"line":108,"column":16},"end":{"line":108,"column":61},"skip":true},{"start":{"line":108,"column":66},"end":{"line":108,"column":72},"skip":true},{"start":{"line":108,"column":77},"end":{"line":108,"column":82},"skip":true},{"start":{"line":109,"column":20},"end":{"line":109,"column":39},"skip":true},{"start":{"line":110,"column":20},"end":{"line":110,"column":49},"skip":true},{"start":{"line":111,"column":20},"end":{"line":111,"column":58},"skip":true},{"start":{"line":112,"column":20},"end":{"line":112,"column":68},"skip":true}]},"15":{"line":129,"type":"if","locations":[{"start":{"line":129,"column":16},"end":{"line":129,"column":16},"skip":true},{"start":{"line":129,"column":16},"end":{"line":129,"column":16},"skip":true}]},"16":{"line":134,"type":"cond-expr","locations":[{"start":{"line":135,"column":26},"end":{"line":135,"column":29},"skip":true},{"start":{"line":136,"column":26},"end":{"line":136,"column":54},"skip":true}]},"17":{"line":164,"type":"binary-expr","locations":[{"start":{"line":164,"column":27},"end":{"line":164,"column":43},"skip":true},{"start":{"line":164,"column":47},"end":{"line":164,"column":49},"skip":true}]},"18":{"line":258,"type":"if","locations":[{"start":{"line":258,"column":8},"end":{"line":258,"column":8},"skip":true},{"start":{"line":258,"column":8},"end":{"line":258,"column":8},"skip":true}]},"19":{"line":275,"type":"switch","locations":[{"start":{"line":276,"column":20},"end":{"line":277,"column":64},"skip":true},{"start":{"line":278,"column":20},"end":{"line":279,"column":40},"skip":true},{"start":{"line":280,"column":20},"end":{"line":281,"column":40},"skip":true},{"start":{"line":282,"column":20},"end":{"line":283,"column":39},"skip":true}]},"20":{"line":288,"type":"if","locations":[{"start":{"line":288,"column":8},"end":{"line":288,"column":8},"skip":true},{"start":{"line":288,"column":8},"end":{"line":288,"column":8},"skip":true}]},"21":{"line":288,"type":"binary-expr","locations":[{"start":{"line":288,"column":12},"end":{"line":288,"column":40},"skip":true},{"start":{"line":288,"column":44},"end":{"line":288,"column":67},"skip":true}]},"22":{"line":292,"type":"binary-expr","locations":[{"start":{"line":292,"column":12},"end":{"line":292,"column":50},"skip":true},{"start":{"line":293,"column":12},"end":{"line":293,"column":53},"skip":true}]},"23":{"line":297,"type":"binary-expr","locations":[{"start":{"line":297,"column":12},"end":{"line":297,"column":65},"skip":true},{"start":{"line":298,"column":12},"end":{"line":301,"column":36},"skip":true}]},"24":{"line":303,"type":"binary-expr","locations":[{"start":{"line":303,"column":43},"end":{"line":303,"column":75},"skip":true},{"start":{"line":303,"column":79},"end":{"line":303,"column":81},"skip":true}]},"25":{"line":306,"type":"if","locations":[{"start":{"line":306,"column":8},"end":{"line":306,"column":8},"skip":true},{"start":{"line":306,"column":8},"end":{"line":306,"column":8},"skip":true}]},"26":{"line":310,"type":"if","locations":[{"start":{"line":310,"column":8},"end":{"line":310,"column":8},"skip":true},{"start":{"line":310,"column":8},"end":{"line":310,"column":8},"skip":true}]},"27":{"line":313,"type":"binary-expr","locations":[{"start":{"line":313,"column":27},"end":{"line":313,"column":43},"skip":true},{"start":{"line":313,"column":47},"end":{"line":313,"column":53},"skip":true}]},"28":{"line":317,"type":"if","locations":[{"start":{"line":317,"column":12},"end":{"line":317,"column":12},"skip":true},{"start":{"line":317,"column":12},"end":{"line":317,"column":12},"skip":true}]}},"code":["/*","example.js","","quickstart example","","instruction","    1. save this script as example.js","    2. run the shell command:","        $ npm install npmtest-i18next && PORT=8081 node example.js","    3. play with the browser-demo on http://127.0.0.1:8081","*/","","","","/* istanbul instrument in package npmtest_i18next */","/*jslint","    bitwise: true,","    browser: true,","    maxerr: 8,","    maxlen: 96,","    node: true,","    nomen: true,","    regexp: true,","    stupid: true","*/","(function () {","    'use strict';","    var local;","","","","    // run shared js-env code - init-before","    (function () {","        // init local","        local = {};","        // init modeJs","        local.modeJs = (function () {","            try {","                return typeof navigator.userAgent === 'string' &&","                    typeof document.querySelector('body') === 'object' &&","                    typeof XMLHttpRequest.prototype.open === 'function' &&","                    'browser';","            } catch (errorCaughtBrowser) {","                return module.exports &&","                    typeof process.versions.node === 'string' &&","                    typeof require('http').createServer === 'function' &&","                    'node';","            }","        }());","        // init global","        local.global = local.modeJs === 'browser'","            ? window","            : global;","        // init utility2_rollup","        local = local.global.utility2_rollup || (local.modeJs === 'browser'","            ? local.global.utility2_npmtest_i18next","            : global.utility2_moduleExports);","        // export local","        local.global.local = local;","    }());","    switch (local.modeJs) {","","","","    // init-after","    // run browser js-env code - init-after","    /* istanbul ignore next */","    case 'browser':","        local.testRunBrowser = function (event) {","            if (!event || (event &&","                    event.currentTarget &&","                    event.currentTarget.className &&","                    event.currentTarget.className.includes &&","                    event.currentTarget.className.includes('onreset'))) {","                // reset output","                Array.from(","                    document.querySelectorAll('body > .resettable')","                ).forEach(function (element) {","                    switch (element.tagName) {","                    case 'INPUT':","                    case 'TEXTAREA':","                        element.value = '';","                        break;","                    default:","                        element.textContent = '';","                    }","                });","            }","            switch (event && event.currentTarget && event.currentTarget.id) {","            case 'testRunButton1':","                // show tests","                if (document.querySelector('#testReportDiv1').style.display === 'none') {","                    document.querySelector('#testReportDiv1').style.display = 'block';","                    document.querySelector('#testRunButton1').textContent =","                        'hide internal test';","                    local.modeTest = true;","                    local.testRunDefault(local);","                // hide tests","                } else {","                    document.querySelector('#testReportDiv1').style.display = 'none';","                    document.querySelector('#testRunButton1').textContent = 'run internal test';","                }","                break;","            // custom-case","            default:","                break;","            }","            if (document.querySelector('#inputTextareaEval1') && (!event || (event &&","                    event.currentTarget &&","                    event.currentTarget.className &&","                    event.currentTarget.className.includes &&","                    event.currentTarget.className.includes('oneval')))) {","                // try to eval input-code","                try {","                    /*jslint evil: true*/","                    eval(document.querySelector('#inputTextareaEval1').value);","                } catch (errorCaught) {","                    console.error(errorCaught);","                }","            }","        };","        // log stderr and stdout to #outputTextareaStdout1","        ['error', 'log'].forEach(function (key) {","            console[key + '_original'] = console[key];","            console[key] = function () {","                var element;","                console[key + '_original'].apply(console, arguments);","                element = document.querySelector('#outputTextareaStdout1');","                if (!element) {","                    return;","                }","                // append text to #outputTextareaStdout1","                element.value += Array.from(arguments).map(function (arg) {","                    return typeof arg === 'string'","                        ? arg","                        : JSON.stringify(arg, null, 4);","                }).join(' ') + '\\n';","                // scroll textarea to bottom","                element.scrollTop = element.scrollHeight;","            };","        });","        // init event-handling","        ['change', 'click', 'keyup'].forEach(function (event) {","            Array.from(document.querySelectorAll('.on' + event)).forEach(function (element) {","                element.addEventListener(event, local.testRunBrowser);","            });","        });","        // run tests","        local.testRunBrowser();","        break;","","","","    // run node js-env code - init-after","    /* istanbul ignore next */","    case 'node':","        // export local","        module.exports = local;","        // require modules","        local.fs = require('fs');","        local.http = require('http');","        local.url = require('url');","        // init assets","        local.assetsDict = local.assetsDict || {};","        /* jslint-ignore-begin */","        local.assetsDict['/assets.index.template.html'] = '\\","<!doctype html>\\n\\","<html lang=\"en\">\\n\\","<head>\\n\\","<meta charset=\"UTF-8\">\\n\\","<meta name=\"viewport\" content=\"width=device-width, initial-scale=1\">\\n\\","<title>{{env.npm_package_name}} (v{{env.npm_package_version}})</title>\\n\\","<style>\\n\\","/*csslint\\n\\","    box-sizing: false,\\n\\","    universal-selector: false\\n\\","*/\\n\\","* {\\n\\","    box-sizing: border-box;\\n\\","}\\n\\","body {\\n\\","    background: #dde;\\n\\","    font-family: Arial, Helvetica, sans-serif;\\n\\","    margin: 2rem;\\n\\","}\\n\\","body > * {\\n\\","    margin-bottom: 1rem;\\n\\","}\\n\\",".utility2FooterDiv {\\n\\","    margin-top: 20px;\\n\\","    text-align: center;\\n\\","}\\n\\","</style>\\n\\","<style>\\n\\","/*csslint\\n\\","*/\\n\\","textarea {\\n\\","    font-family: monospace;\\n\\","    height: 10rem;\\n\\","    width: 100%;\\n\\","}\\n\\","textarea[readonly] {\\n\\","    background: #ddd;\\n\\","}\\n\\","</style>\\n\\","</head>\\n\\","<body>\\n\\","<!-- utility2-comment\\n\\","<div id=\"ajaxProgressDiv1\" style=\"background: #d00; height: 2px; left: 0; margin: 0; padding: 0; position: fixed; top: 0; transition: background 0.5s, width 1.5s; width: 25%;\"></div>\\n\\","utility2-comment -->\\n\\","<h1>\\n\\","<!-- utility2-comment\\n\\","    <a\\n\\","        {{#if env.npm_package_homepage}}\\n\\","        href=\"{{env.npm_package_homepage}}\"\\n\\","        {{/if env.npm_package_homepage}}\\n\\","        target=\"_blank\"\\n\\","    >\\n\\","utility2-comment -->\\n\\","        {{env.npm_package_name}} (v{{env.npm_package_version}})\\n\\","<!-- utility2-comment\\n\\","    </a>\\n\\","utility2-comment -->\\n\\","</h1>\\n\\","<h3>{{env.npm_package_description}}</h3>\\n\\","<!-- utility2-comment\\n\\","<h4><a download href=\"assets.app.js\">download standalone app</a></h4>\\n\\","<button class=\"onclick onreset\" id=\"testRunButton1\">run internal test</button><br>\\n\\","<div id=\"testReportDiv1\" style=\"display: none;\"></div>\\n\\","utility2-comment -->\\n\\","\\n\\","\\n\\","\\n\\","<label>stderr and stdout</label>\\n\\","<textarea class=\"resettable\" id=\"outputTextareaStdout1\" readonly></textarea>\\n\\","<!-- utility2-comment\\n\\","{{#if isRollup}}\\n\\","<script src=\"assets.app.js\"></script>\\n\\","{{#unless isRollup}}\\n\\","utility2-comment -->\\n\\","<script src=\"assets.utility2.rollup.js\"></script>\\n\\","<script src=\"jsonp.utility2._stateInit?callback=window.utility2._stateInit\"></script>\\n\\","<script src=\"assets.npmtest_i18next.rollup.js\"></script>\\n\\","<script src=\"assets.example.js\"></script>\\n\\","<script src=\"assets.test.js\"></script>\\n\\","<!-- utility2-comment\\n\\","{{/if isRollup}}\\n\\","utility2-comment -->\\n\\","<div class=\"utility2FooterDiv\">\\n\\","    [ this app was created with\\n\\","    <a href=\"https://github.com/kaizhu256/node-utility2\" target=\"_blank\">utility2</a>\\n\\","    ]\\n\\","</div>\\n\\","</body>\\n\\","</html>\\n\\","';","        /* jslint-ignore-end */","        if (local.templateRender) {","            local.assetsDict['/'] = local.templateRender(","                local.assetsDict['/assets.index.template.html'],","                {","                    env: local.objectSetDefault(local.env, {","                        npm_package_description: 'the greatest app in the world!',","                        npm_package_name: 'my-app',","                        npm_package_nameAlias: 'my_app',","                        npm_package_version: '0.0.1'","                    })","                }","            );","        } else {","            local.assetsDict['/'] = local.assetsDict['/assets.index.template.html']","                .replace((/\\{\\{env\\.(\\w+?)\\}\\}/g), function (match0, match1) {","                    // jslint-hack","                    String(match0);","                    switch (match1) {","                    case 'npm_package_description':","                        return 'the greatest app in the world!';","                    case 'npm_package_name':","                        return 'my-app';","                    case 'npm_package_nameAlias':","                        return 'my_app';","                    case 'npm_package_version':","                        return '0.0.1';","                    }","                });","        }","        // run the cli","        if (local.global.utility2_rollup || module !== require.main) {","            break;","        }","        local.assetsDict['/assets.example.js'] =","            local.assetsDict['/assets.example.js'] ||","            local.fs.readFileSync(__filename, 'utf8');","        // bug-workaround - long $npm_package_buildCustomOrg","        /* jslint-ignore-begin */","        local.assetsDict['/assets.npmtest_i18next.rollup.js'] =","            local.assetsDict['/assets.npmtest_i18next.rollup.js'] ||","            local.fs.readFileSync(","                local.npmtest_i18next.__dirname + '/lib.npmtest_i18next.js',","                'utf8'","            ).replace((/^#!/), '//');","        /* jslint-ignore-end */","        local.assetsDict['/favicon.ico'] = local.assetsDict['/favicon.ico'] || '';","        // if $npm_config_timeout_exit exists,","        // then exit this process after $npm_config_timeout_exit ms","        if (Number(process.env.npm_config_timeout_exit)) {","            setTimeout(process.exit, Number(process.env.npm_config_timeout_exit));","        }","        // start server","        if (local.global.utility2_serverHttp1) {","            break;","        }","        process.env.PORT = process.env.PORT || '8081';","        console.error('server starting on port ' + process.env.PORT);","        local.http.createServer(function (request, response) {","            request.urlParsed = local.url.parse(request.url);","            if (local.assetsDict[request.urlParsed.pathname] !== undefined) {","                response.end(local.assetsDict[request.urlParsed.pathname]);","                return;","            }","            response.statusCode = 404;","            response.end();","        }).listen(process.env.PORT);","        break;","    }","}());",""],"l":{"26":2,"28":2,"33":2,"35":2,"37":2,"38":2,"39":2,"44":1,"51":2,"55":2,"59":2,"61":2,"69":1,"70":2,"76":2,"79":2,"82":2,"83":2,"85":1,"89":2,"92":1,"93":1,"94":1,"96":1,"97":1,"100":1,"101":1,"103":1,"106":1,"108":2,"114":1,"116":1,"118":1,"123":1,"124":2,"125":2,"126":3,"127":3,"128":3,"129":3,"130":1,"133":3,"134":3,"139":3,"143":1,"144":3,"145":1,"149":1,"150":1,"158":1,"160":1,"161":1,"162":1,"164":1,"166":1,"258":1,"259":1,"271":1,"274":6,"275":6,"277":1,"279":2,"281":1,"283":2,"288":1,"289":1,"291":1,"296":1,"303":1,"306":1,"307":1,"310":1,"311":1,"313":1,"314":1,"315":1,"316":1,"317":1,"318":1,"319":1,"321":1,"322":1,"324":1}},"/home/travis/build/npmtest/node-npmtest-i18next/node_modules/i18next/index.js":{"path":"/home/travis/build/npmtest/node-npmtest-i18next/node_modules/i18next/index.js","s":{"1":1},"b":{},"f":{},"fnMap":{},"statementMap":{"1":{"start":{"line":1,"column":0},"end":{"line":1,"column":61}}},"branchMap":{},"code":["module.exports = require('./dist/commonjs/index.js').default;",""],"l":{"1":1}},"/home/travis/build/npmtest/node-npmtest-i18next/node_modules/i18next/dist/commonjs/index.js":{"path":"/home/travis/build/npmtest/node-npmtest-i18next/node_modules/i18next/dist/commonjs/index.js","s":{"1":1,"2":1,"3":1,"4":1,"5":1,"6":1,"7":1,"8":1,"9":1,"10":1,"11":1,"12":1,"13":1,"14":1,"15":1,"16":1,"17":1,"18":1,"19":1,"20":1,"21":1,"22":1},"b":{"1":[1,0],"2":[1,1]},"f":{"1":1},"fnMap":{"1":{"name":"_interopRequireDefault","line":12,"loc":{"start":{"line":12,"column":0},"end":{"line":12,"column":37}}}},"statementMap":{"1":{"start":{"line":3,"column":0},"end":{"line":5,"column":3}},"2":{"start":{"line":6,"column":0},"end":{"line":6,"column":306}},"3":{"start":{"line":8,"column":0},"end":{"line":8,"column":36}},"4":{"start":{"line":10,"column":0},"end":{"line":10,"column":49}},"5":{"start":{"line":12,"column":0},"end":{"line":12,"column":95}},"6":{"start":{"line":12,"column":39},"end":{"line":12,"column":93}},"7":{"start":{"line":14,"column":0},"end":{"line":14,"column":36}},"8":{"start":{"line":15,"column":0},"end":{"line":15,"column":103}},"9":{"start":{"line":16,"column":0},"end":{"line":16,"column":100}},"10":{"start":{"line":17,"column":0},"end":{"line":17,"column":103}},"11":{"start":{"line":18,"column":0},"end":{"line":18,"column":70}},"12":{"start":{"line":19,"column":0},"end":{"line":19,"column":79}},"13":{"start":{"line":20,"column":0},"end":{"line":20,"column":88}},"14":{"start":{"line":21,"column":0},"end":{"line":21,"column":73}},"15":{"start":{"line":22,"column":0},"end":{"line":22,"column":100}},"16":{"start":{"line":23,"column":0},"end":{"line":23,"column":103}},"17":{"start":{"line":24,"column":0},"end":{"line":24,"column":100}},"18":{"start":{"line":25,"column":0},"end":{"line":25,"column":70}},"19":{"start":{"line":26,"column":0},"end":{"line":26,"column":67}},"20":{"start":{"line":27,"column":0},"end":{"line":27,"column":118}},"21":{"start":{"line":28,"column":0},"end":{"line":28,"column":64}},"22":{"start":{"line":29,"column":0},"end":{"line":29,"column":70}}},"branchMap":{"1":{"line":12,"type":"cond-expr","locations":[{"start":{"line":12,"column":70},"end":{"line":12,"column":73}},{"start":{"line":12,"column":76},"end":{"line":12,"column":92}}]},"2":{"line":12,"type":"binary-expr","locations":[{"start":{"line":12,"column":46},"end":{"line":12,"column":49}},{"start":{"line":12,"column":53},"end":{"line":12,"column":67}}]}},"code":["'use strict';","","Object.defineProperty(exports, \"__esModule\", {","  value: true","});","exports.use = exports.t = exports.setDefaultNamespace = exports.on = exports.off = exports.loadResources = exports.loadNamespaces = exports.loadLanguages = exports.init = exports.getFixedT = exports.exists = exports.dir = exports.createInstance = exports.cloneInstance = exports.changeLanguage = undefined;","","var _i18next = require('./i18next');","","var _i18next2 = _interopRequireDefault(_i18next);","","function _interopRequireDefault(obj) { return obj && obj.__esModule ? obj : { default: obj }; }","","exports.default = _i18next2.default;","var changeLanguage = exports.changeLanguage = _i18next2.default.changeLanguage.bind(_i18next2.default);","var cloneInstance = exports.cloneInstance = _i18next2.default.cloneInstance.bind(_i18next2.default);","var createInstance = exports.createInstance = _i18next2.default.createInstance.bind(_i18next2.default);","var dir = exports.dir = _i18next2.default.dir.bind(_i18next2.default);","var exists = exports.exists = _i18next2.default.exists.bind(_i18next2.default);","var getFixedT = exports.getFixedT = _i18next2.default.getFixedT.bind(_i18next2.default);","var init = exports.init = _i18next2.default.init.bind(_i18next2.default);","var loadLanguages = exports.loadLanguages = _i18next2.default.loadLanguages.bind(_i18next2.default);","var loadNamespaces = exports.loadNamespaces = _i18next2.default.loadNamespaces.bind(_i18next2.default);","var loadResources = exports.loadResources = _i18next2.default.loadResources.bind(_i18next2.default);","var off = exports.off = _i18next2.default.off.bind(_i18next2.default);","var on = exports.on = _i18next2.default.on.bind(_i18next2.default);","var setDefaultNamespace = exports.setDefaultNamespace = _i18next2.default.setDefaultNamespace.bind(_i18next2.default);","var t = exports.t = _i18next2.default.t.bind(_i18next2.default);","var use = exports.use = _i18next2.default.use.bind(_i18next2.default);"],"l":{"3":1,"6":1,"8":1,"10":1,"12":1,"14":1,"15":1,"16":1,"17":1,"18":1,"19":1,"20":1,"21":1,"22":1,"23":1,"24":1,"25":1,"26":1,"27":1,"28":1,"29":1}},"/home/travis/build/npmtest/node-npmtest-i18next/node_modules/i18next/dist/commonjs/i18next.js":{"path":"/home/travis/build/npmtest/node-npmtest-i18next/node_modules/i18next/dist/commonjs/i18next.js","s":{"1":1,"2":1,"3":0,"4":0,"5":0,"6":0,"7":0,"8":0,"9":1,"10":1,"11":1,"12":1,"13":1,"14":1,"15":1,"16":1,"17":1,"18":1,"19":1,"20":1,"21":1,"22":1,"23":1,"24":1,"25":1,"26":1,"27":1,"28":1,"29":1,"30":1,"31":1,"32":1,"33":1,"34":1,"35":0,"36":0,"37":0,"38":0,"39":0,"40":0,"41":0,"42":1,"43":10,"44":1,"45":0,"46":0,"47":0,"48":0,"49":0,"50":0,"51":0,"52":1,"53":1,"54":0,"55":1,"56":1,"57":0,"58":1,"59":1,"60":1,"61":0,"62":1,"63":1,"64":1,"65":1,"66":1,"67":1,"68":1,"69":1,"70":1,"71":1,"72":1,"73":1,"74":1,"75":1,"76":1,"77":1,"78":0,"79":0,"80":0,"81":0,"82":0,"83":1,"84":1,"85":0,"86":0,"87":0,"88":0,"89":0,"90":0,"91":0,"92":0,"93":0,"94":0,"95":0,"96":0,"97":0,"98":1,"99":0,"100":0,"101":0,"102":0,"103":0,"104":0,"105":0,"106":0,"107":0,"108":0,"109":0,"110":0,"111":0,"112":0,"113":0,"114":0,"115":0,"116":0,"117":0,"118":0,"119":0,"120":0,"121":0,"122":0,"123":0,"124":0,"125":0,"126":0,"127":0,"128":0,"129":0,"130":0,"131":0,"132":0,"133":0,"134":0,"135":0,"136":0,"137":0,"138":0,"139":0,"140":0,"141":0,"142":0,"143":0,"144":0,"145":0,"146":0,"147":0,"148":0,"149":0,"150":0,"151":0,"152":0,"153":0,"154":0,"155":0,"156":0,"157":1,"158":0,"159":0,"160":0,"161":0,"162":0,"163":0,"164":0,"165":0,"166":0,"167":0,"168":0,"169":0,"170":0,"171":0,"172":0,"173":0,"174":0,"175":0,"176":0,"177":0,"178":0,"179":0,"180":0,"181":0,"182":1,"183":0,"184":0,"185":0,"186":0,"187":0,"188":1,"189":0,"190":0,"191":0,"192":0,"193":0,"194":0,"195":0,"196":0,"197":0,"198":0,"199":0,"200":0,"201":0,"202":1,"203":0,"204":0,"205":0,"206":0,"207":0,"208":0,"209":0,"210":0,"211":0,"212":0,"213":0,"214":0,"215":0,"216":0,"217":0,"218":0,"219":0,"220":0,"221":0,"222":0,"223":1,"224":0,"225":0,"226":0,"227":0,"228":0,"229":0,"230":0,"231":0,"232":0,"233":0,"234":1,"235":0,"236":1,"237":0,"238":1,"239":0,"240":1,"241":0,"242":0,"243":0,"244":0,"245":0,"246":0,"247":0,"248":0,"249":0,"250":1,"251":0,"252":0,"253":0,"254":0,"255":0,"256":0,"257":0,"258":0,"259":0,"260":1,"261":0,"262":0,"263":0,"264":0,"265":0,"266":0,"267":1,"268":0,"269":0,"270":0,"271":1,"272":0,"273":0,"274":0,"275":0,"276":0,"277":0,"278":0,"279":0,"280":0,"281":0,"282":0,"283":0,"284":0,"285":0,"286":0,"287":1,"288":1},"b":{"1":[1,0],"2":[0,0],"3":[1,0],"4":[1,1],"5":[0,0],"6":[0,0],"7":[10,0],"8":[10,10],"9":[0,0],"10":[0,0,0],"11":[0,1],"12":[0,1],"13":[0,1],"14":[1,0,0],"15":[0,1],"16":[1,0],"17":[1,1],"18":[1,0],"19":[1,0],"20":[0,1],"21":[1,0],"22":[0,1],"23":[1,0,0],"24":[0,0],"25":[0,0],"26":[0,0],"27":[0,0],"28":[0,0],"29":[0,0],"30":[0,0],"31":[0,0],"32":[0,0],"33":[0,0],"34":[0,0],"35":[0,0],"36":[0,0],"37":[0,0],"38":[0,0],"39":[0,0],"40":[0,0],"41":[0,0],"42":[0,0],"43":[0,0],"44":[0,0],"45":[0,0],"46":[0,0],"47":[0,0],"48":[0,0],"49":[0,0],"50":[0,0],"51":[0,0],"52":[0,0],"53":[0,0,0,0],"54":[0,0],"55":[0,0],"56":[0,0],"57":[0,0],"58":[0,0],"59":[0,0],"60":[0,0],"61":[0,0],"62":[0,0],"63":[0,0],"64":[0,0],"65":[0,0],"66":[0,0],"67":[0,0],"68":[0,0],"69":[0,0],"70":[0,0],"71":[0,0],"72":[0,0],"73":[0,0],"74":[0,0],"75":[0,0],"76":[0,0],"77":[0,0],"78":[0,0],"79":[0,0],"80":[0,0],"81":[0,0],"82":[0,0],"83":[0,0],"84":[0,0]},"f":{"1":0,"2":1,"3":10,"4":0,"5":1,"6":1,"7":1,"8":0,"9":1,"10":1,"11":0,"12":0,"13":0,"14":0,"15":0,"16":0,"17":0,"18":0,"19":0,"20":0,"21":0,"22":0,"23":0,"24":0,"25":0,"26":0,"27":0,"28":0,"29":0,"30":0,"31":0,"32":0,"33":0,"34":0,"35":0,"36":0,"37":0,"38":0,"39":0,"40":0,"41":0,"42":0,"43":0,"44":0,"45":0,"46":0,"47":0,"48":0,"49":0},"fnMap":{"1":{"name":"(anonymous_1)","line":7,"loc":{"start":{"line":7,"column":32},"end":{"line":7,"column":50}}},"2":{"name":"_interopRequireWildcard","line":55,"loc":{"start":{"line":55,"column":0},"end":{"line":55,"column":38}}},"3":{"name":"_interopRequireDefault","line":57,"loc":{"start":{"line":57,"column":0},"end":{"line":57,"column":37}}},"4":{"name":"_defaults","line":59,"loc":{"start":{"line":59,"column":0},"end":{"line":59,"column":34}}},"5":{"name":"_classCallCheck","line":61,"loc":{"start":{"line":61,"column":0},"end":{"line":61,"column":48}}},"6":{"name":"_possibleConstructorReturn","line":63,"loc":{"start":{"line":63,"column":0},"end":{"line":63,"column":48}}},"7":{"name":"_inherits","line":65,"loc":{"start":{"line":65,"column":0},"end":{"line":65,"column":41}}},"8":{"name":"noop","line":67,"loc":{"start":{"line":67,"column":0},"end":{"line":67,"column":16}}},"9":{"name":"(anonymous_9)","line":69,"loc":{"start":{"line":69,"column":11},"end":{"line":69,"column":36}}},"10":{"name":"I18n","line":72,"loc":{"start":{"line":72,"column":2},"end":{"line":72,"column":18}}},"11":{"name":"(anonymous_11)","line":90,"loc":{"start":{"line":90,"column":17},"end":{"line":90,"column":29}}},"12":{"name":"init","line":97,"loc":{"start":{"line":97,"column":24},"end":{"line":97,"column":57}}},"13":{"name":"createClassOnDemand","line":115,"loc":{"start":{"line":115,"column":4},"end":{"line":115,"column":48}}},"14":{"name":"(anonymous_14)","line":135,"loc":{"start":{"line":135,"column":42},"end":{"line":135,"column":61}}},"15":{"name":"(anonymous_15)","line":144,"loc":{"start":{"line":144,"column":33},"end":{"line":144,"column":50}}},"16":{"name":"(anonymous_16)","line":152,"loc":{"start":{"line":152,"column":38},"end":{"line":152,"column":56}}},"17":{"name":"(anonymous_17)","line":158,"loc":{"start":{"line":158,"column":31},"end":{"line":158,"column":48}}},"18":{"name":"(anonymous_18)","line":173,"loc":{"start":{"line":173,"column":30},"end":{"line":173,"column":47}}},"19":{"name":"(anonymous_19)","line":181,"loc":{"start":{"line":181,"column":36},"end":{"line":181,"column":49}}},"20":{"name":"(anonymous_20)","line":188,"loc":{"start":{"line":188,"column":21},"end":{"line":188,"column":39}}},"21":{"name":"(anonymous_21)","line":189,"loc":{"start":{"line":189,"column":23},"end":{"line":189,"column":35}}},"22":{"name":"load","line":197,"loc":{"start":{"line":197,"column":15},"end":{"line":197,"column":31}}},"23":{"name":"(anonymous_23)","line":198,"loc":{"start":{"line":198,"column":48},"end":{"line":198,"column":66}}},"24":{"name":"loadResources","line":216,"loc":{"start":{"line":216,"column":33},"end":{"line":216,"column":58}}},"25":{"name":"append","line":226,"loc":{"start":{"line":226,"column":19},"end":{"line":226,"column":40}}},"26":{"name":"(anonymous_26)","line":229,"loc":{"start":{"line":229,"column":21},"end":{"line":229,"column":34}}},"27":{"name":"(anonymous_27)","line":237,"loc":{"start":{"line":237,"column":26},"end":{"line":237,"column":39}}},"28":{"name":"(anonymous_28)","line":245,"loc":{"start":{"line":245,"column":37},"end":{"line":245,"column":50}}},"29":{"name":"(anonymous_29)","line":250,"loc":{"start":{"line":250,"column":65},"end":{"line":250,"column":77}}},"30":{"name":"reloadResources","line":258,"loc":{"start":{"line":258,"column":35},"end":{"line":258,"column":70}}},"31":{"name":"use","line":264,"loc":{"start":{"line":264,"column":23},"end":{"line":264,"column":44}}},"32":{"name":"changeLanguage","line":292,"loc":{"start":{"line":292,"column":34},"end":{"line":292,"column":73}}},"33":{"name":"done","line":295,"loc":{"start":{"line":295,"column":15},"end":{"line":295,"column":34}}},"34":{"name":"(anonymous_34)","line":301,"loc":{"start":{"line":301,"column":34},"end":{"line":301,"column":46}}},"35":{"name":"(anonymous_35)","line":321,"loc":{"start":{"line":321,"column":23},"end":{"line":321,"column":38}}},"36":{"name":"getFixedT","line":326,"loc":{"start":{"line":326,"column":29},"end":{"line":326,"column":57}}},"37":{"name":"fixedT","line":329,"loc":{"start":{"line":329,"column":17},"end":{"line":329,"column":38}}},"38":{"name":"t","line":342,"loc":{"start":{"line":342,"column":21},"end":{"line":342,"column":34}}},"39":{"name":"exists","line":346,"loc":{"start":{"line":346,"column":26},"end":{"line":346,"column":44}}},"40":{"name":"setDefaultNamespace","line":350,"loc":{"start":{"line":350,"column":39},"end":{"line":350,"column":72}}},"41":{"name":"loadNamespaces","line":354,"loc":{"start":{"line":354,"column":34},"end":{"line":354,"column":72}}},"42":{"name":"(anonymous_42)","line":360,"loc":{"start":{"line":360,"column":15},"end":{"line":360,"column":28}}},"43":{"name":"loadLanguages","line":367,"loc":{"start":{"line":367,"column":33},"end":{"line":367,"column":72}}},"44":{"name":"(anonymous_44)","line":371,"loc":{"start":{"line":371,"column":30},"end":{"line":371,"column":45}}},"45":{"name":"dir","line":381,"loc":{"start":{"line":381,"column":23},"end":{"line":381,"column":41}}},"46":{"name":"createInstance","line":390,"loc":{"start":{"line":390,"column":34},"end":{"line":390,"column":60}}},"47":{"name":"cloneInstance","line":397,"loc":{"start":{"line":397,"column":33},"end":{"line":397,"column":58}}},"48":{"name":"(anonymous_48)","line":406,"loc":{"start":{"line":406,"column":26},"end":{"line":406,"column":39}}},"49":{"name":"(anonymous_49)","line":410,"loc":{"start":{"line":410,"column":29},"end":{"line":410,"column":46}}}},"statementMap":{"1":{"start":{"line":3,"column":0},"end":{"line":5,"column":3}},"2":{"start":{"line":7,"column":0},"end":{"line":7,"column":257}},"3":{"start":{"line":7,"column":52},"end":{"line":7,"column":239}},"4":{"start":{"line":7,"column":97},"end":{"line":7,"column":123}},"5":{"start":{"line":7,"column":124},"end":{"line":7,"column":237}},"6":{"start":{"line":7,"column":150},"end":{"line":7,"column":235}},"7":{"start":{"line":7,"column":207},"end":{"line":7,"column":233}},"8":{"start":{"line":7,"column":240},"end":{"line":7,"column":254}},"9":{"start":{"line":9,"column":0},"end":{"line":9,"column":34}},"10":{"start":{"line":11,"column":0},"end":{"line":11,"column":47}},"11":{"start":{"line":13,"column":0},"end":{"line":13,"column":47}},"12":{"start":{"line":15,"column":0},"end":{"line":15,"column":60}},"13":{"start":{"line":17,"column":0},"end":{"line":17,"column":48}},"14":{"start":{"line":19,"column":0},"end":{"line":19,"column":61}},"15":{"start":{"line":21,"column":0},"end":{"line":21,"column":42}},"16":{"start":{"line":23,"column":0},"end":{"line":23,"column":55}},"17":{"start":{"line":25,"column":0},"end":{"line":25,"column":48}},"18":{"start":{"line":27,"column":0},"end":{"line":27,"column":61}},"19":{"start":{"line":29,"column":0},"end":{"line":29,"column":50}},"20":{"start":{"line":31,"column":0},"end":{"line":31,"column":63}},"21":{"start":{"line":33,"column":0},"end":{"line":33,"column":46}},"22":{"start":{"line":35,"column":0},"end":{"line":35,"column":59}},"23":{"start":{"line":37,"column":0},"end":{"line":37,"column":54}},"24":{"start":{"line":39,"column":0},"end":{"line":39,"column":67}},"25":{"start":{"line":41,"column":0},"end":{"line":41,"column":50}},"26":{"start":{"line":43,"column":0},"end":{"line":43,"column":63}},"27":{"start":{"line":45,"column":0},"end":{"line":45,"column":39}},"28":{"start":{"line":47,"column":0},"end":{"line":47,"column":48}},"29":{"start":{"line":49,"column":0},"end":{"line":49,"column":61}},"30":{"start":{"line":51,"column":0},"end":{"line":51,"column":39}},"31":{"start":{"line":53,"column":0},"end":{"line":53,"column":41}},"32":{"start":{"line":55,"column":0},"end":{"line":55,"column":269}},"33":{"start":{"line":55,"column":40},"end":{"line":55,"column":267}},"34":{"start":{"line":55,"column":69},"end":{"line":55,"column":80}},"35":{"start":{"line":55,"column":90},"end":{"line":55,"column":106}},"36":{"start":{"line":55,"column":107},"end":{"line":55,"column":228}},"37":{"start":{"line":55,"column":126},"end":{"line":55,"column":226}},"38":{"start":{"line":55,"column":149},"end":{"line":55,"column":224}},"39":{"start":{"line":55,"column":201},"end":{"line":55,"column":224}},"40":{"start":{"line":55,"column":229},"end":{"line":55,"column":250}},"41":{"start":{"line":55,"column":251},"end":{"line":55,"column":265}},"42":{"start":{"line":57,"column":0},"end":{"line":57,"column":95}},"43":{"start":{"line":57,"column":39},"end":{"line":57,"column":93}},"44":{"start":{"line":59,"column":0},"end":{"line":59,"column":322}},"45":{"start":{"line":59,"column":36},"end":{"line":59,"column":84}},"46":{"start":{"line":59,"column":85},"end":{"line":59,"column":308}},"47":{"start":{"line":59,"column":125},"end":{"line":59,"column":143}},"48":{"start":{"line":59,"column":144},"end":{"line":59,"column":203}},"49":{"start":{"line":59,"column":204},"end":{"line":59,"column":306}},"50":{"start":{"line":59,"column":265},"end":{"line":59,"column":304}},"51":{"start":{"line":59,"column":309},"end":{"line":59,"column":320}},"52":{"start":{"line":61,"column":0},"end":{"line":61,"column":153}},"53":{"start":{"line":61,"column":50},"end":{"line":61,"column":151}},"54":{"start":{"line":61,"column":92},"end":{"line":61,"column":149}},"55":{"start":{"line":63,"column":0},"end":{"line":63,"column":240}},"56":{"start":{"line":63,"column":50},"end":{"line":63,"column":151}},"57":{"start":{"line":63,"column":63},"end":{"line":63,"column":149}},"58":{"start":{"line":63,"column":152},"end":{"line":63,"column":238}},"59":{"start":{"line":65,"column":0},"end":{"line":65,"column":494}},"60":{"start":{"line":65,"column":43},"end":{"line":65,"column":208}},"61":{"start":{"line":65,"column":106},"end":{"line":65,"column":206}},"62":{"start":{"line":65,"column":209},"end":{"line":65,"column":373}},"63":{"start":{"line":65,"column":374},"end":{"line":65,"column":492}},"64":{"start":{"line":65,"column":390},"end":{"line":65,"column":492}},"65":{"start":{"line":67,"column":0},"end":{"line":67,"column":18}},"66":{"start":{"line":69,"column":0},"end":{"line":423,"column":26}},"67":{"start":{"line":70,"column":2},"end":{"line":70,"column":33}},"68":{"start":{"line":72,"column":2},"end":{"line":95,"column":3}},"69":{"start":{"line":73,"column":4},"end":{"line":73,"column":89}},"70":{"start":{"line":74,"column":4},"end":{"line":74,"column":32}},"71":{"start":{"line":76,"column":4},"end":{"line":76,"column":32}},"72":{"start":{"line":78,"column":4},"end":{"line":78,"column":75}},"73":{"start":{"line":80,"column":4},"end":{"line":80,"column":62}},"74":{"start":{"line":81,"column":4},"end":{"line":81,"column":24}},"75":{"start":{"line":82,"column":4},"end":{"line":82,"column":36}},"76":{"start":{"line":83,"column":4},"end":{"line":83,"column":37}},"77":{"start":{"line":85,"column":4},"end":{"line":93,"column":5}},"78":{"start":{"line":86,"column":6},"end":{"line":86,"column":15}},"79":{"start":{"line":89,"column":6},"end":{"line":89,"column":125}},"80":{"start":{"line":89,"column":40},"end":{"line":89,"column":125}},"81":{"start":{"line":90,"column":6},"end":{"line":92,"column":12}},"82":{"start":{"line":91,"column":8},"end":{"line":91,"column":38}},"83":{"start":{"line":94,"column":4},"end":{"line":94,"column":17}},"84":{"start":{"line":97,"column":2},"end":{"line":214,"column":4}},"85":{"start":{"line":98,"column":4},"end":{"line":98,"column":22}},"86":{"start":{"line":100,"column":4},"end":{"line":103,"column":5}},"87":{"start":{"line":101,"column":6},"end":{"line":101,"column":25}},"88":{"start":{"line":102,"column":6},"end":{"line":102,"column":19}},"89":{"start":{"line":104,"column":4},"end":{"line":104,"column":31}},"90":{"start":{"line":104,"column":18},"end":{"line":104,"column":31}},"91":{"start":{"line":106,"column":4},"end":{"line":112,"column":5}},"92":{"start":{"line":107,"column":6},"end":{"line":107,"column":130}},"93":{"start":{"line":108,"column":11},"end":{"line":112,"column":5}},"94":{"start":{"line":109,"column":6},"end":{"line":109,"column":131}},"95":{"start":{"line":111,"column":6},"end":{"line":111,"column":114}},"96":{"start":{"line":113,"column":4},"end":{"line":113,"column":35}},"97":{"start":{"line":113,"column":19},"end":{"line":113,"column":35}},"98":{"start":{"line":115,"column":4},"end":{"line":119,"column":5}},"99":{"start":{"line":116,"column":6},"end":{"line":116,"column":33}},"100":{"start":{"line":116,"column":26},"end":{"line":116,"column":33}},"101":{"start":{"line":117,"column":6},"end":{"line":117,"column":74}},"102":{"start":{"line":117,"column":47},"end":{"line":117,"column":74}},"103":{"start":{"line":118,"column":6},"end":{"line":118,"column":27}},"104":{"start":{"line":122,"column":4},"end":{"line":184,"column":5}},"105":{"start":{"line":123,"column":6},"end":{"line":127,"column":7}},"106":{"start":{"line":124,"column":8},"end":{"line":124,"column":86}},"107":{"start":{"line":126,"column":8},"end":{"line":126,"column":50}},"108":{"start":{"line":129,"column":6},"end":{"line":129,"column":57}},"109":{"start":{"line":130,"column":6},"end":{"line":130,"column":85}},"110":{"start":{"line":132,"column":6},"end":{"line":132,"column":28}},"111":{"start":{"line":133,"column":6},"end":{"line":133,"column":34}},"112":{"start":{"line":134,"column":6},"end":{"line":134,"column":35}},"113":{"start":{"line":135,"column":6},"end":{"line":137,"column":9}},"114":{"start":{"line":136,"column":8},"end":{"line":136,"column":32}},"115":{"start":{"line":138,"column":6},"end":{"line":138,"column":27}},"116":{"start":{"line":139,"column":6},"end":{"line":139,"column":209}},"117":{"start":{"line":140,"column":6},"end":{"line":140,"column":64}},"118":{"start":{"line":142,"column":6},"end":{"line":142,"column":135}},"119":{"start":{"line":144,"column":6},"end":{"line":150,"column":9}},"120":{"start":{"line":145,"column":8},"end":{"line":147,"column":9}},"121":{"start":{"line":146,"column":10},"end":{"line":146,"column":43}},"122":{"start":{"line":149,"column":8},"end":{"line":149,"column":56}},"123":{"start":{"line":152,"column":6},"end":{"line":154,"column":9}},"124":{"start":{"line":153,"column":8},"end":{"line":153,"column":32}},"125":{"start":{"line":156,"column":6},"end":{"line":156,"column":129}},"126":{"start":{"line":158,"column":6},"end":{"line":164,"column":9}},"127":{"start":{"line":159,"column":8},"end":{"line":161,"column":9}},"128":{"start":{"line":160,"column":10},"end":{"line":160,"column":45}},"129":{"start":{"line":163,"column":8},"end":{"line":163,"column":56}},"130":{"start":{"line":166,"column":6},"end":{"line":169,"column":7}},"131":{"start":{"line":167,"column":8},"end":{"line":167,"column":80}},"132":{"start":{"line":168,"column":8},"end":{"line":168,"column":73}},"133":{"start":{"line":171,"column":6},"end":{"line":171,"column":78}},"134":{"start":{"line":173,"column":6},"end":{"line":179,"column":9}},"135":{"start":{"line":174,"column":8},"end":{"line":176,"column":9}},"136":{"start":{"line":175,"column":10},"end":{"line":175,"column":45}},"137":{"start":{"line":178,"column":8},"end":{"line":178,"column":56}},"138":{"start":{"line":181,"column":6},"end":{"line":183,"column":9}},"139":{"start":{"line":182,"column":8},"end":{"line":182,"column":35}},"140":{"start":{"line":182,"column":20},"end":{"line":182,"column":35}},"141":{"start":{"line":187,"column":4},"end":{"line":187,"column":153}},"142":{"start":{"line":188,"column":4},"end":{"line":192,"column":7}},"143":{"start":{"line":189,"column":6},"end":{"line":191,"column":8}},"144":{"start":{"line":190,"column":8},"end":{"line":190,"column":63}},"145":{"start":{"line":195,"column":4},"end":{"line":195,"column":80}},"146":{"start":{"line":195,"column":48},"end":{"line":195,"column":80}},"147":{"start":{"line":197,"column":4},"end":{"line":205,"column":6}},"148":{"start":{"line":198,"column":6},"end":{"line":204,"column":9}},"149":{"start":{"line":199,"column":8},"end":{"line":199,"column":36}},"150":{"start":{"line":200,"column":8},"end":{"line":200,"column":57}},"151":{"start":{"line":201,"column":8},"end":{"line":201,"column":51}},"152":{"start":{"line":203,"column":8},"end":{"line":203,"column":25}},"153":{"start":{"line":207,"column":4},"end":{"line":211,"column":5}},"154":{"start":{"line":208,"column":6},"end":{"line":208,"column":13}},"155":{"start":{"line":210,"column":6},"end":{"line":210,"column":26}},"156":{"start":{"line":213,"column":4},"end":{"line":213,"column":16}},"157":{"start":{"line":216,"column":2},"end":{"line":256,"column":4}},"158":{"start":{"line":217,"column":4},"end":{"line":217,"column":22}},"159":{"start":{"line":219,"column":4},"end":{"line":219,"column":92}},"160":{"start":{"line":221,"column":4},"end":{"line":255,"column":5}},"161":{"start":{"line":222,"column":6},"end":{"line":222,"column":87}},"162":{"start":{"line":222,"column":69},"end":{"line":222,"column":87}},"163":{"start":{"line":224,"column":6},"end":{"line":224,"column":22}},"164":{"start":{"line":226,"column":6},"end":{"line":232,"column":8}},"165":{"start":{"line":227,"column":8},"end":{"line":227,"column":25}},"166":{"start":{"line":227,"column":18},"end":{"line":227,"column":25}},"167":{"start":{"line":228,"column":8},"end":{"line":228,"column":73}},"168":{"start":{"line":229,"column":8},"end":{"line":231,"column":11}},"169":{"start":{"line":230,"column":10},"end":{"line":230,"column":52}},"170":{"start":{"line":230,"column":37},"end":{"line":230,"column":52}},"171":{"start":{"line":234,"column":6},"end":{"line":242,"column":7}},"172":{"start":{"line":236,"column":8},"end":{"line":236,"column":95}},"173":{"start":{"line":237,"column":8},"end":{"line":239,"column":11}},"174":{"start":{"line":238,"column":10},"end":{"line":238,"column":27}},"175":{"start":{"line":241,"column":8},"end":{"line":241,"column":30}},"176":{"start":{"line":244,"column":6},"end":{"line":248,"column":7}},"177":{"start":{"line":245,"column":8},"end":{"line":247,"column":11}},"178":{"start":{"line":246,"column":10},"end":{"line":246,"column":27}},"179":{"start":{"line":250,"column":6},"end":{"line":252,"column":9}},"180":{"start":{"line":251,"column":8},"end":{"line":251,"column":83}},"181":{"start":{"line":254,"column":6},"end":{"line":254,"column":21}},"182":{"start":{"line":258,"column":2},"end":{"line":262,"column":4}},"183":{"start":{"line":259,"column":4},"end":{"line":259,"column":37}},"184":{"start":{"line":259,"column":15},"end":{"line":259,"column":37}},"185":{"start":{"line":260,"column":4},"end":{"line":260,"column":34}},"186":{"start":{"line":260,"column":13},"end":{"line":260,"column":34}},"187":{"start":{"line":261,"column":4},"end":{"line":261,"column":52}},"188":{"start":{"line":264,"column":2},"end":{"line":290,"column":4}},"189":{"start":{"line":265,"column":4},"end":{"line":267,"column":5}},"190":{"start":{"line":266,"column":6},"end":{"line":266,"column":36}},"191":{"start":{"line":269,"column":4},"end":{"line":271,"column":5}},"192":{"start":{"line":270,"column":6},"end":{"line":270,"column":34}},"193":{"start":{"line":273,"column":4},"end":{"line":275,"column":5}},"194":{"start":{"line":274,"column":6},"end":{"line":274,"column":35}},"195":{"start":{"line":277,"column":4},"end":{"line":279,"column":5}},"196":{"start":{"line":278,"column":6},"end":{"line":278,"column":45}},"197":{"start":{"line":281,"column":4},"end":{"line":283,"column":5}},"198":{"start":{"line":282,"column":6},"end":{"line":282,"column":55}},"199":{"start":{"line":285,"column":4},"end":{"line":287,"column":5}},"200":{"start":{"line":286,"column":6},"end":{"line":286,"column":41}},"201":{"start":{"line":289,"column":4},"end":{"line":289,"column":16}},"202":{"start":{"line":292,"column":2},"end":{"line":324,"column":4}},"203":{"start":{"line":293,"column":4},"end":{"line":293,"column":22}},"204":{"start":{"line":295,"column":4},"end":{"line":308,"column":6}},"205":{"start":{"line":296,"column":6},"end":{"line":299,"column":7}},"206":{"start":{"line":297,"column":8},"end":{"line":297,"column":44}},"207":{"start":{"line":298,"column":8},"end":{"line":298,"column":50}},"208":{"start":{"line":301,"column":6},"end":{"line":307,"column":9}},"209":{"start":{"line":301,"column":20},"end":{"line":307,"column":9}},"210":{"start":{"line":302,"column":8},"end":{"line":304,"column":9}},"211":{"start":{"line":303,"column":10},"end":{"line":303,"column":41}},"212":{"start":{"line":306,"column":8},"end":{"line":306,"column":44}},"213":{"start":{"line":310,"column":4},"end":{"line":310,"column":94}},"214":{"start":{"line":310,"column":48},"end":{"line":310,"column":94}},"215":{"start":{"line":312,"column":4},"end":{"line":319,"column":5}},"216":{"start":{"line":313,"column":6},"end":{"line":313,"column":26}},"217":{"start":{"line":314,"column":6},"end":{"line":314,"column":75}},"218":{"start":{"line":316,"column":6},"end":{"line":316,"column":42}},"219":{"start":{"line":318,"column":6},"end":{"line":318,"column":96}},"220":{"start":{"line":318,"column":42},"end":{"line":318,"column":96}},"221":{"start":{"line":321,"column":4},"end":{"line":323,"column":7}},"222":{"start":{"line":322,"column":6},"end":{"line":322,"column":16}},"223":{"start":{"line":326,"column":2},"end":{"line":340,"column":4}},"224":{"start":{"line":327,"column":4},"end":{"line":327,"column":22}},"225":{"start":{"line":329,"column":4},"end":{"line":336,"column":6}},"226":{"start":{"line":330,"column":6},"end":{"line":330,"column":88}},"227":{"start":{"line":332,"column":6},"end":{"line":332,"column":39}},"228":{"start":{"l
[...]
gs));","      });","","      s.backendConnector.on('loaded', function (loaded) {","        s.cacheConnector.save();","      });","","      s.cacheConnector = new Connector$1(createClassOnDemand(this.modules.cache), s.resourceStore, s, this.options);","      // pipe events from backendConnector","      s.cacheConnector.on('*', function (event) {","        for (var _len2 = arguments.length, args = Array(_len2 > 1 ? _len2 - 1 : 0), _key2 = 1; _key2 < _len2; _key2++) {","          args[_key2 - 1] = arguments[_key2];","        }","","        _this2.emit.apply(_this2, [event].concat(args));","      });","","      if (this.modules.languageDetector) {","        s.languageDetector = createClassOnDemand(this.modules.languageDetector);","        s.languageDetector.init(s, this.options.detection, this.options);","      }","","      this.translator = new Translator(this.services, this.options);","      // pipe events from translator","      this.translator.on('*', function (event) {","        for (var _len3 = arguments.length, args = Array(_len3 > 1 ? _len3 - 1 : 0), _key3 = 1; _key3 < _len3; _key3++) {","          args[_key3 - 1] = arguments[_key3];","        }","","        _this2.emit.apply(_this2, [event].concat(args));","      });","","      this.modules.external.forEach(function (m) {","        if (m.init) m.init(_this2);","      });","    }","","    // append api","    var storeApi = ['getResource', 'addResource', 'addResources', 'addResourceBundle', 'removeResourceBundle', 'hasResourceBundle', 'getResourceBundle'];","    storeApi.forEach(function (fcName) {","      _this2[fcName] = function () {","        return this.store[fcName].apply(this.store, arguments);","      };","    });","","    // TODO: COMPATIBILITY remove this","    if (this.options.compatibilityAPI === 'v1') appendBackwardsAPI(this);","","    var load = function load() {","      _this2.changeLanguage(_this2.options.lng, function (err, t) {","        _this2.isInitialized = true;","        _this2.logger.log('initialized', _this2.options);","        _this2.emit('initialized', _this2.options);","","        callback(err, t);","      });","    };","","    if (this.options.resources || !this.options.initImmediate) {","      load();","    } else {","      setTimeout(load, 0);","    }","","    return this;","  };","","  I18n.prototype.loadResources = function loadResources() {","    var _this3 = this;","","    var callback = arguments.length > 0 && arguments[0] !== undefined ? arguments[0] : noop;","","    if (!this.options.resources) {","      if (this.language && this.language.toLowerCase() === 'cimode') return callback(); // avoid loading resources for cimode","","      var toLoad = [];","","      var append = function append(lng) {","        if (!lng) return;","        var lngs = _this3.services.languageUtils.toResolveHierarchy(lng);","        lngs.forEach(function (l) {","          if (toLoad.indexOf(l) < 0) toLoad.push(l);","        });","      };","","      if (!this.language) {","        // at least load fallbacks in this case","        var fallbacks = this.services.languageUtils.getFallbackCodes(this.options.fallbackLng);","        fallbacks.forEach(function (l) {","          return append(l);","        });","      } else {","        append(this.language);","      }","","      if (this.options.preload) {","        this.options.preload.forEach(function (l) {","          return append(l);","        });","      }","","      this.services.cacheConnector.load(toLoad, this.options.ns, function () {","        _this3.services.backendConnector.load(toLoad, _this3.options.ns, callback);","      });","    } else {","      callback(null);","    }","  };","","  I18n.prototype.reloadResources = function reloadResources(lngs, ns) {","    if (!lngs) lngs = this.languages;","    if (!ns) ns = this.options.ns;","    this.services.backendConnector.reload(lngs, ns);","  };","","  I18n.prototype.use = function use(module) {","    if (module.type === 'backend') {","      this.modules.backend = module;","    }","","    if (module.type === 'cache') {","      this.modules.cache = module;","    }","","    if (module.type === 'logger' || module.log && module.warn && module.error) {","      this.modules.logger = module;","    }","","    if (module.type === 'languageDetector') {","      this.modules.languageDetector = module;","    }","","    if (module.type === 'postProcessor') {","      postProcessor.addPostProcessor(module);","    }","","    if (module.type === '3rdParty') {","      this.modules.external.push(module);","    }","","    return this;","  };","","  I18n.prototype.changeLanguage = function changeLanguage(lng, callback) {","    var _this4 = this;","","    var done = function done(err) {","      if (lng) {","        _this4.emit('languageChanged', lng);","        _this4.logger.log('languageChanged', lng);","      }","","      if (callback) callback(err, function () {","        for (var _len4 = arguments.length, args = Array(_len4), _key4 = 0; _key4 < _len4; _key4++) {","          args[_key4] = arguments[_key4];","        }","","        return _this4.t.apply(_this4, args);","      });","    };","","    if (!lng && this.services.languageDetector) lng = this.services.languageDetector.detect();","","    if (lng) {","      this.language = lng;","      this.languages = this.services.languageUtils.toResolveHierarchy(lng);","","      this.translator.changeLanguage(lng);","","      if (this.services.languageDetector) this.services.languageDetector.cacheUserLanguage(lng);","    }","","    this.loadResources(function (err) {","      done(err);","    });","  };","","  I18n.prototype.getFixedT = function getFixedT(lng, ns) {","    var _this5 = this;","","    var fixedT = function fixedT(key) {","      var opts = arguments.length > 1 && arguments[1] !== undefined ? arguments[1] : {};","","      var options = _extends({}, opts);","      options.lng = options.lng || fixedT.lng;","      options.ns = options.ns || fixedT.ns;","      return _this5.t(key, options);","    };","    fixedT.lng = lng;","    fixedT.ns = ns;","    return fixedT;","  };","","  I18n.prototype.t = function t() {","    return this.translator && this.translator.translate.apply(this.translator, arguments);","  };","","  I18n.prototype.exists = function exists() {","    return this.translator && this.translator.exists.apply(this.translator, arguments);","  };","","  I18n.prototype.setDefaultNamespace = function setDefaultNamespace(ns) {","    this.options.defaultNS = ns;","  };","","  I18n.prototype.loadNamespaces = function loadNamespaces(ns, callback) {","    var _this6 = this;","","    if (!this.options.ns) return callback && callback();","    if (typeof ns === 'string') ns = [ns];","","    ns.forEach(function (n) {","      if (_this6.options.ns.indexOf(n) < 0) _this6.options.ns.push(n);","    });","","    this.loadResources(callback);","  };","","  I18n.prototype.loadLanguages = function loadLanguages(lngs, callback) {","    if (typeof lngs === 'string') lngs = [lngs];","    var preloaded = this.options.preload || [];","","    var newLngs = lngs.filter(function (lng) {","      return preloaded.indexOf(lng) < 0;","    });","    // Exit early if all given languages are already preloaded","    if (!newLngs.length) return callback();","","    this.options.preload = preloaded.concat(newLngs);","    this.loadResources(callback);","  };","","  I18n.prototype.dir = function dir(lng) {","    if (!lng) lng = this.language;","    if (!lng) return 'rtl';","","    var rtlLngs = ['ar', 'shu', 'sqr', 'ssh', 'xaa', 'yhd', 'yud', 'aao', 'abh', 'abv', 'acm', 'acq', 'acw', 'acx', 'acy', 'adf', 'ads', 'aeb', 'aec', 'afb', 'ajp', 'apc', 'apd', 'arb', 'arq', 'ars', 'ary', 'arz', 'auz', 'avl', 'ayh', 'ayl', 'ayn', 'ayp', 'bbz', 'pga', 'he', 'iw', 'ps', 'pbt', 'pbu', 'pst', 'prp', 'prd', 'ur', 'ydd', 'yds', 'yih', 'ji', 'yi', 'hbo', 'men', 'xmn', 'fa', 'jpr', 'peo', 'pes', 'prs', 'dv', 'sam'];","","    return rtlLngs.indexOf(this.services.languageUtils.getLanguagePartFromCode(lng)) >= 0 ? 'rtl' : 'ltr';","  };","","  I18n.prototype.createInstance = function createInstance() {","    var options = arguments.length > 0 && arguments[0] !== undefined ? arguments[0] : {};","    var callback = arguments[1];","","    return new I18n(options, callback);","  };","","  I18n.prototype.cloneInstance = function cloneInstance() {","    var _this7 = this;","","    var options = arguments.length > 0 && arguments[0] !== undefined ? arguments[0] : {};","    var callback = arguments.length > 1 && arguments[1] !== undefined ? arguments[1] : noop;","","    var mergedOptions = _extends({}, options, this.options, { isClone: true });","    var clone = new I18n(mergedOptions, callback);","    var membersToCopy = ['store', 'services', 'language'];","    membersToCopy.forEach(function (m) {","      clone[m] = _this7[m];","    });","    clone.translator = new Translator(clone.services, clone.options);","    clone.translator.on('*', function (event) {","      for (var _len5 = arguments.length, args = Array(_len5 > 1 ? _len5 - 1 : 0), _key5 = 1; _key5 < _len5; _key5++) {","        args[_key5 - 1] = arguments[_key5];","      }","","      clone.emit.apply(clone, [event].concat(args));","    });","    clone.init(mergedOptions, callback);","","    return clone;","  };","","  return I18n;","}(EventEmitter);","","var i18next = new I18n();","","return i18next;","","})));",""],"l":{"1":1,"2":1,"7":1,"8":0,"10":0,"23":1,"24":3,"25":0,"37":1,"38":0,"39":0,"41":0,"42":0,"43":0,"48":0,"53":1,"54":5,"55":0,"58":5,"66":5,"79":1,"80":1,"81":0,"84":1,"91":1,"92":1,"93":0,"94":0,"95":0,"96":0,"98":0,"99":0,"100":0,"102":0,"105":0,"106":0,"108":0,"109":0,"111":0,"115":0,"118":1,"119":0,"120":0,"121":0,"122":0,"124":0,"129":1,"133":0,"136":0,"139":0,"142":0,"146":1,"147":1,"148":1,"149":1,"151":1,"154":1,"155":1,"157":1,"158":1,"159":1,"160":1,"163":1,"164":0,"167":1,"168":0,"171":1,"172":0,"175":1,"176":0,"179":1,"180":0,"183":1,"184":0,"185":0,"186":0,"189":1,"190":0,"192":0,"199":1,"204":1,"206":1,"207":1,"208":1,"210":1,"213":1,"214":0,"216":0,"217":0,"218":0,"222":1,"223":0,"225":0,"226":0,"229":0,"230":0,"231":0,"233":0,"234":0,"235":0,"241":1,"242":0,"243":0,"246":0,"247":0,"248":0,"249":0,"253":0,"254":0,"255":0,"256":0,"258":0,"263":1,"266":1,"267":0,"268":0,"271":1,"272":0,"273":0,"277":1,"278":1,"279":0,"282":1,"283":0,"286":0,"287":0,"288":0,"290":0,"291":0,"292":0,"295":0,"296":0,"302":1,"303":0,"307":0,"310":1,"311":0,"315":0,"316":0,"317":0,"320":1,"321":0,"325":0,"326":0,"329":1,"330":0,"331":0,"333":0,"334":0,"336":0,"339":0,"341":0,"344":1,"345":0,"349":1,"359":1,"360":0,"361":0,"362":0,"365":0,"369":1,"370":1,"372":1,"373":0,"374":0,"375":0,"377":0,"379":0,"380":0,"381":0,"384":1,"385":0,"386":0,"390":1,"391":0,"392":0,"393":0,"397":1,"398":0,"400":0,"401":0,"403":0,"404":0,"405":0,"407":0,"408":0,"411":0,"414":1,"415":0,"417":0,"418":0,"420":0,"421":0,"423":0,"424":0,"425":0,"426":0,"429":0,"431":0,"433":0,"436":1,"437":0,"438":0,"440":0,"443":1,"444":0,"445":0,"446":0,"447":0,"448":0,"449":0,"452":0,"454":0,"456":0,"457":0,"459":0,"462":0,"464":0,"467":1,"468":0,"469":0,"471":0,"473":0,"476":1,"477":0,"480":1,"481":0,"484":0,"486":0,"489":1,"490":0,"493":1,"496":1,"501":0,"504":0,"506":0,"507":0,"510":0,"514":1,"516":0,"520":0,"521":0,"522":0,"524":0,"525":0,"527":0,"530":1,"531":0,"533":0,"534":0,"535":0,"537":0,"540":0,"542":0,"543":0,"544":0,"545":0,"546":0,"547":0,"549":0,"550":0,"551":0,"553":0,"554":0,"556":0,"557":0,"558":0,"560":0,"561":0,"564":0,"571":0,"572":0,"573":0,"574":0,"577":0,"578":0,"579":0,"580":0,"583":0,"584":0,"585":0,"586":0,"588":0,"589":0,"594":0,"597":1,"598":0,"599":0,"601":0,"604":1,"605":0,"606":0,"609":0,"610":0,"612":0,"614":0,"617":1,"618":0,"619":0,"620":0,"623":0,"624":0,"625":0,"628":0,"629":0,"630":0,"631":0,"632":0,"634":0,"636":0,"637":0,"640":0,"643":0,"644":0,"645":0,"653":1,"654":1,"656":1,"657":0,"658":0,"660":0,"662":0,"664":0,"665":0,"666":0,"669":1,"670":0,"673":1,"674":0,"676":0,"677":0,"680":0,"683":1,"684":0,"685":0,"686":0,"688":0,"689":0,"690":0,"691":0,"692":0,"694":0,"696":0,"702":1,"703":0,"705":0,"706":0,"707":0,"708":0,"712":0,"713":0,"714":0,"717":0,"721":0,"725":0,"728":0,"729":0,"730":0,"731":0,"732":0,"733":0,"736":0,"740":0,"742":0,"743":0,"744":0,"747":0,"748":0,"749":0,"750":0,"755":0,"756":0,"758":0,"759":0,"760":0,"763":0,"767":0,"768":0,"769":0,"773":0,"777":0,"778":0,"779":0,"781":0,"782":0,"783":0,"787":0,"788":0,"790":0,"791":0,"792":0,"793":0,"794":0,"796":0,"797":0,"800":0,"803":0,"804":0,"805":0,"806":0,"807":0,"811":0,"815":0,"818":0,"821":0,"825":0,"828":1,"829":0,"831":0,"834":0,"835":0,"836":0,"839":0,"840":0,"841":0,"844":0,"847":0,"850":0,"851":0,"853":0,"854":0,"857":0,"860":1,"861":0,"863":0,"865":0,"867":0,"870":0,"871":0,"873":0,"877":0,"879":0,"880":0,"882":0,"884":0,"885":0,"887":0,"888":0,"890":0,"891":0,"893":0,"894":0,"897":0,"900":0,"903":0,"906":0,"907":0,"908":0,"909":0,"915":0,"918":1,"919":0,"922":1,"923":0,"925":0,"928":1,"931":1,"932":0,"935":1,"936":1,"937":0,"939":0,"941":0,"942":0,"945":1,"946":0,"948":0,"949":0,"950":0,"951":0,"954":1,"955":0,"957":0,"958":0,"961":1,"963":0,"964":0,"965":0,"967":0,"968":0,"969":0,"971":0,"972":0,"973":0,"975":0,"976":0,"977":0,"980":0,"981":0,"983":0,"984":0,"987":0,"989":0,"993":1,"994":0,"995":0,"997":0,"1000":1,"1001":0,"1002":0,"1003":0,"1005":0,"1008":0,"1009":0,"1010":0,"1011":0,"1013":0,"1016":1,"1017":0,"1019":0,"1021":0,"1022":0,"1023":0,"1024":0,"1025":0,"1027":0,"1031":0,"1032":0,"1033":0,"1034":0,"1035":0,"1036":0,"1039":0,"1040":0,"1043":0,"1046":1,"1051":1,"1053":1,"1055":0,"1058":0,"1061":0,"1064":0,"1067":0,"1070":0,"1073":0,"1076":0,"1079":0,"1082":0,"1085":0,"1088":0,"1091":0,"1094":0,"1097":0,"1100":0,"1103":0,"1106":0,"1109":0,"1112":0,"1115":0,"1120":1,"1121":0,"1123":0,"1124":0,"1125":0,"1131":0,"1134":1,"1135":1,"1136":0,"1137":0,"1139":0,"1140":0,"1142":0,"1144":0,"1147":1,"1148":0,"1151":1,"1152":0,"1155":1,"1156":0,"1158":0,"1161":1,"1162":0,"1164":0,"1166":0,"1167":0,"1169":0,"1170":0,"1173":0,"1174":0,"1175":0,"1176":0,"1177":0,"1181":0,"1182":0,"1187":0,"1188":0,"1189":0,"1190":0,"1193":0,"1194":0,"1197":0,"1198":0,"1200":0,"1202":0,"1203":0,"1207":1,"1210":1,"1211":1,"1212":0,"1213":0,"1215":0,"1217":0,"1220":1,"1221":0,"1222":0,"1224":0,"1225":0,"1226":0,"1227":0,"1229":0,"1231":0,"1233":0,"1235":0,"1237":0,"1238":0,"1240":0,"1242":0,"1243":0,"1245":0,"1246":0,"1249":0,"1252":1,"1253":0,"1256":1,"1258":0,"1259":0,"1261":0,"1262":0,"1264":0,"1265":0,"1268":1,"1269":0,"1271":0,"1274":1,"1275":0,"1278":0,"1279":0,"1281":0,"1282":0,"1283":0,"1285":0,"1288":0,"1291":0,"1292":0,"1293":0,"1294":0,"1298":0,"1299":0,"1300":0,"1301":0,"1302":0,"1303":0,"1305":0,"1306":0,"1307":0,"1309":0,"1312":1,"1313":0,"1315":0,"1318":0,"1319":0,"1321":1,"1322":0,"1324":0,"1325":0,"1326":0,"1327":0,"1328":0,"1330":0,"1331":0,"1333":0,"1336":0,"1340":0,"1341":0,"1342":0,"1343":0,"1344":0,"1345":0,"1349":0,"1350":0,"1352":0,"1355":1,"1358":1,"1359":0,"1361":0,"1362":0,"1363":0,"1367":1,"1368":1,"1370":1,"1371":0,"1372":0,"1374":0,"1376":0,"1377":0,"1378":0,"1379":0,"1380":0,"1382":0,"1383":0,"1385":0,"1386":0,"1389":1,"1390":0,"1393":0,"1398":0,"1399":0,"1401":0,"1402":0,"1404":0,"1405":0,"1406":0,"1408":0,"1409":0,"1411":0,"1413":0,"1415":0,"1416":0,"1417":0,"1421":0,"1424":0,"1425":0,"1433":0,"1441":1,"1442":0,"1444":0,"1449":0,"1451":0,"1452":0,"1456":0,"1458":0,"1459":0,"1460":0,"1462":0,"1464":0,"1465":0,"1466":0,"1467":0,"1472":0,"1473":0,"1477":1,"1478":0,"1480":0,"1481":0,"1483":0,"1485":0,"1486":0,"1487":0,"1488":0,"1490":0,"1492":0,"1496":1,"1497":0,"1499":0,"1500":0,"1501":0,"1503":0,"1505":0,"1506":0,"1508":0,"1509":0,"1510":0,"1511":0,"1515":0,"1516":0,"1517":0,"1518":0,"1520":0,"1521":0,"1526":0,"1527":0,"1528":0,"1530":0,"1531":0,"1532":0,"1540":0,"1541":0,"1543":0,"1548":0,"1549":0,"1550":0,"1552":0,"1558":0,"1559":0,"1564":1,"1565":0,"1567":0,"1568":0,"1570":0,"1572":0,"1573":0,"1576":0,"1577":0,"1578":0,"1579":0,"1581":0,"1582":0,"1583":0,"1584":0,"1585":0,"1587":0,"1588":0,"1589":0,"1598":0,"1599":0,"1601":0,"1606":0,"1607":0,"1608":0,"1610":0,"1616":0,"1617":0,"1618":0,"1624":1,"1625":0,"1628":0,"1629":0,"1632":1,"1635":1,"1636":1,"1638":1,"1639":0,"1640":0,"1642":0,"1644":0,"1645":0,"1646":0,"1647":0,"1648":0,"1650":0,"1651":0,"1654":1,"1655":0,"1657":0,"1658":0,"1660":0,"1661":0,"1663":0,"1664":0,"1665":0,"1666":0,"1667":0,"1668":0,"1669":0,"1670":0,"1671":0,"1675":0,"1678":0,"1682":1,"1683":0,"1686":1,"1689":1,"1690":0,"1724":0,"1730":0,"1749":1,"1751":1,"1752":1,"1753":1,"1756":1,"1758":1,"1761":1,"1763":1,"1764":1,"1766":1,"1767":1,"1768":1,"1769":1,"1771":1,"1773":1,"1774":1,"1775":1,"1776":1,"1778":1,"1779":0,"1782":0,"1783":0,"1784":0,"1787":1,"1790":1,"1791":0,"1793":0,"1794":0,"1795":0,"1797":0,"1799":0,"1800":0,"1801":0,"1802":0,"1804":0,"1806":0,"1808":1,"1809":0,"1810":0,"1811":0,"1815":0,"1816":0,"1817":0,"1819":0,"1822":0,"1823":0,"1825":0,"1826":0,"1827":0,"1828":0,"1829":0,"1831":0,"1832":0,"1833":0,"1835":0,"1837":0,"1838":0,"1839":0,"1842":0,"1845":0,"1846":0,"1849":0,"1851":0,"1852":0,"1853":0,"1856":0,"1859":0,"1860":0,"1861":0,"1864":0,"1866":0,"1867":0,"1868":0,"1871":0,"1874":0,"1875":0,"1880":0,"1881":0,"1882":0,"1883":0,"1888":0,"1890":0,"1891":0,"1892":0,"1893":0,"1894":0,"1896":0,"1900":0,"1901":0,"1903":0,"1906":0,"1909":1,"1910":0,"1912":0,"1914":0,"1915":0,"1917":0,"1919":0,"1920":0,"1921":0,"1922":0,"1923":0,"1927":0,"1929":0,"1930":0,"1931":0,"1934":0,"1937":0,"1938":0,"1939":0,"1943":0,"1944":0,"1947":0,"1951":1,"1952":0,"1953":0,"1954":0,"1957":1,"1958":0,"1959":0,"1962":0,"1963":0,"1966":0,"1967":0,"1970":0,"1971":0,"1974":0,"1975":0,"1978":0,"1979":0,"1982":0,"1985":1,"1986":0,"1988":0,"1989":0,"1990":0,"1991":0,"1994":0,"1995":0,"1996":0,"1999":0,"2003":0,"2005":0,"2006":0,"2007":0,"2009":0,"2011":0,"2014":0,"2015":0,"2019":1,"2020":0,"2022":0,"2023":0,"2025":0,"2026":0,"2027":0,"2028":0,"2030":0,"2031":0,"2032":0,"2035":1,"2036":0,"2039":1,"2040":0,"2043":1,"2044":0,"2047":1,"2048":0,"2050":0,"2051":0,"2053":0,"2054":0,"2057":0,"2060":1,"2061":0,"2062":0,"2064":0,"2065":0,"2068":0,"2070":0,"2071":0,"2074":1,"2075":0,"2076":0,"2078":0,"2080":0,"2083":1,"2084":0,"2085":0,"2087":0,"2090":1,"2091":0,"2093":0,"2094":0,"2096":0,"2097":0,"2098":0,"2099":0,"2100":0,"2102":0,"2103":0,"2104":0,"2105":0,"2108":0,"2110":0,"2112":0,"2115":1,"2118":1,"2120":1}},"/home/travis/build/npmtest/node-npmtest-i18next/node_modules/i18next/karma.backward.conf.js":{"path":"/home/travis/build/npmtest/node-npmtest-i18next/node_modules/i18next/karma.backward.conf.js","s":{"1":1,"2":0},"b":{},"f":{"1":0},"fnMap":{"1":{"name":"(anonymous_1)","line":1,"loc":{"start":{"line":1,"column":17},"end":{"line":1,"column":33}}}},"statementMap":{"1":{"start":{"line":1,"column":0},"end":{"line":44,"column":2}},"2":{"start":{"line":2,"column":2},"end":{"line":43,"column":5}}},"branchMap":{},"code":["module.exports = function(karma) {","  karma.set({","","    frameworks: [ 'mocha', 'expect', 'sinon', 'browserify' ],","","    files: [","      //'vendor/external.js',","      'test/backward/**/*.compat.js',","      { pattern: 'test/backward/locales/**/*.json', watched: true, included: false, served: true},","    ],","","    proxies: {","      '/locales': 'http://localhost:9877/base/test/backward/locales'","    },","","    reporters: [ 'spec' ],","","    preprocessors: {","      'test/backward/**/*.compat.js': [ 'browserify' ]","    },","","    browsers: [ 'PhantomJS' ],","","    port: 9877,","","    //logLevel: 'LOG_DEBUG',","","    //singleRun: true,","    //autoWatch: false,","    //","    // client: {","    //   mocha: {","    //     reporter: 'spec', // change Karma's debug.html to the mocha web reporter","    //     ui: 'tdd'","    //   }","    // },","","    // browserify configuration","    browserify: {","      debug: true,","      transform: [ 'babelify'/*, 'brfs' */]","    }","  });","};",""],"l":{"1":1,"2":0}}}