{"/home/travis/build/npmtest/node-npmtest-i18next/test.js":{"path":"/home/travis/build/npmtest/node-npmtest-i18next/test.js","s":{"1":2,"2":2,"3":2,"4":2,"5":2,"6":2,"7":2,"8":1,"9":2,"10":2,"11":1,"12":1,"13":1,"14":1,"15":2,"16":2,"17":2,"18":2,"19":1,"20":1,"21":2,"22":2,"23":2,"24":1,"25":1,"26":1,"27":1,"28":1,"29":1,"30":1,"31":1,"32":1,"33":1,"34":1,"35":1,"36":1,"37":2,"38":2,"39":1,"40":2,"41":2,"42":1,"43":2,"44":2,"45":1,"46":2,"47":2,"48":1,"49":1,"50":1,"51":1,"52":1},"b":{"1":[2,1,1,1],"2":[1,1,1,1],"3":[1,1],"4":[1,1],"5":[1,1],"6":[1,1],"7":[1,1],"8":[1,1],"9":[1,1,1],"10":[1,1],"11":[1,1],"12":[1,1],"13":[1,1],"14":[1,1],"15":[1,1],"16":[1,1]},"f":{"1":2,"2":2,"3":2,"4":2,"5":2,"6":1,"7":1,"8":2,"9":2,"10":2,"11":2,"12":1},"fnMap":{"1":{"name":"(anonymous_1)","line":12,"loc":{"start":{"line":12,"column":1},"end":{"line":12,"column":13}}},"2":{"name":"(anonymous_2)","line":19,"loc":{"start":{"line":19,"column":5},"end":{"line":19,"column":17}}},"3":{"name":"(anonymous_3)","line":23,"loc":{"start":{"line":23,"column":24},"end":{"line":23,"column":36}}},"4":{"name":"(anonymous_4)","line":61,"loc":{"start":{"line":61,"column":5},"end":{"line":61,"column":17}}},"5":{"name":"(anonymous_5)","line":82,"loc":{"start":{"line":82,"column":5},"end":{"line":82,"column":17}}},"6":{"name":"(anonymous_6)","line":102,"loc":{"start":{"line":102,"column":83},"end":{"line":105,"column":10}},"skip":true},"7":{"name":"(anonymous_7)","line":113,"loc":{"start":{"line":113,"column":77},"end":{"line":116,"column":10}},"skip":true},"8":{"name":"(anonymous_8)","line":129,"loc":{"start":{"line":129,"column":12},"end":{"line":129,"column":40}},"skip":true},"9":{"name":"(anonymous_9)","line":137,"loc":{"start":{"line":137,"column":77},"end":{"line":140,"column":10}},"skip":true},"10":{"name":"(anonymous_10)","line":148,"loc":{"start":{"line":148,"column":83},"end":{"line":151,"column":10}},"skip":true},"11":{"name":"(anonymous_11)","line":159,"loc":{"start":{"line":159,"column":79},"end":{"line":162,"column":10}},"skip":true},"12":{"name":"(anonymous_12)","line":170,"loc":{"start":{"line":170,"column":75},"end":{"line":173,"column":10}},"skip":true}},"statementMap":{"1":{"start":{"line":12,"column":0},"end":{"line":185,"column":5}},"2":{"start":{"line":14,"column":4},"end":{"line":14,"column":14}},"3":{"start":{"line":19,"column":4},"end":{"line":56,"column":9}},"4":{"start":{"line":21,"column":8},"end":{"line":21,"column":19}},"5":{"start":{"line":23,"column":8},"end":{"line":35,"column":13}},"6":{"start":{"line":24,"column":12},"end":{"line":34,"column":13}},"7":{"start":{"line":25,"column":16},"end":{"line":28,"column":30}},"8":{"start":{"line":30,"column":16},"end":{"line":33,"column":27}},"9":{"start":{"line":37,"column":8},"end":{"line":39,"column":21}},"10":{"start":{"line":40,"column":8},"end":{"line":53,"column":9}},"11":{"start":{"line":43,"column":12},"end":{"line":46,"column":14}},"12":{"start":{"line":47,"column":12},"end":{"line":47,"column":18}},"13":{"start":{"line":50,"column":12},"end":{"line":51,"column":46}},"14":{"start":{"line":52,"column":12},"end":{"line":52,"column":18}},"15":{"start":{"line":55,"column":8},"end":{"line":55,"column":35}},"16":{"start":{"line":61,"column":4},"end":{"line":63,"column":9}},"17":{"start":{"line":62,"column":8},"end":{"line":62,"column":15}},"18":{"start":{"line":64,"column":4},"end":{"line":77,"column":5}},"19":{"start":{"line":70,"column":8},"end":{"line":70,"column":14}},"20":{"start":{"line":76,"column":8},"end":{"line":76,"column":14}},"21":{"start":{"line":82,"column":4},"end":{"line":84,"column":9}},"22":{"start":{"line":83,"column":8},"end":{"line":83,"column":15}},"23":{"start":{"line":85,"column":4},"end":{"line":184,"column":5}},"24":{"start":{"line":92,"column":8},"end":{"line":94,"column":63}},"25":{"start":{"line":95,"column":8},"end":{"line":95,"column":14}},"26":{"start":{"line":102,"column":8},"end":{"line":111,"column":10},"skip":true},"27":{"start":{"line":109,"column":12},"end":{"line":109,"column":55},"skip":true},"28":{"start":{"line":110,"column":12},"end":{"line":110,"column":48},"skip":true},"29":{"start":{"line":113,"column":8},"end":{"line":126,"column":10},"skip":true},"30":{"start":{"line":120,"column":12},"end":{"line":120,"column":76},"skip":true},"31":{"start":{"line":121,"column":12},"end":{"line":121,"column":73},"skip":true},"32":{"start":{"line":122,"column":12},"end":{"line":122,"column":74},"skip":true},"33":{"start":{"line":123,"column":12},"end":{"line":123,"column":79},"skip":true},"34":{"start":{"line":124,"column":12},"end":{"line":124,"column":25},"skip":true},"35":{"start":{"line":125,"column":12},"end":{"line":125,"column":45},"skip":true},"36":{"start":{"line":128,"column":8},"end":{"line":135,"column":14},"skip":true},"37":{"start":{"line":133,"column":16},"end":{"line":133,"column":29},"skip":true},"38":{"start":{"line":134,"column":16},"end":{"line":134,"column":55},"skip":true},"39":{"start":{"line":137,"column":8},"end":{"line":146,"column":10},"skip":true},"40":{"start":{"line":144,"column":12},"end":{"line":144,"column":25},"skip":true},"41":{"start":{"line":145,"column":12},"end":{"line":145,"column":45},"skip":true},"42":{"start":{"line":148,"column":8},"end":{"line":157,"column":10},"skip":true},"43":{"start":{"line":155,"column":12},"end":{"line":155,"column":25},"skip":true},"44":{"start":{"line":156,"column":12},"end":{"line":156,"column":48},"skip":true},"45":{"start":{"line":159,"column":8},"end":{"line":168,"column":10},"skip":true},"46":{"start":{"line":166,"column":12},"end":{"line":166,"column":25},"skip":true},"47":{"start":{"line":167,"column":12},"end":{"line":167,"column":46},"skip":true},"48":{"start":{"line":170,"column":8},"end":{"line":179,"column":10},"skip":true},"49":{"start":{"line":177,"column":12},"end":{"line":177,"column":94},"skip":true},"50":{"start":{"line":178,"column":12},"end":{"line":178,"column":48},"skip":true},"51":{"start":{"line":182,"column":8},"end":{"line":182,"column":35},"skip":true},"52":{"start":{"line":183,"column":8},"end":{"line":183,"column":14},"skip":true}},"branchMap":{"1":{"line":25,"type":"binary-expr","locations":[{"start":{"line":25,"column":23},"end":{"line":25,"column":62}},{"start":{"line":26,"column":20},"end":{"line":26,"column":70}},{"start":{"line":27,"column":20},"end":{"line":27,"column":71}},{"start":{"line":28,"column":20},"end":{"line":28,"column":29}}]},"2":{"line":30,"type":"binary-expr","locations":[{"start":{"line":30,"column":23},"end":{"line":30,"column":37}},{"start":{"line":31,"column":20},"end":{"line":31,"column":61}},{"start":{"line":32,"column":20},"end":{"line":32,"column":70}},{"start":{"line":33,"column":20},"end":{"line":33,"column":26}}]},"3":{"line":37,"type":"cond-expr","locations":[{"start":{"line":38,"column":14},"end":{"line":38,"column":20}},{"start":{"line":39,"column":14},"end":{"line":39,"column":20}}]},"4":{"line":40,"type":"switch","locations":[{"start":{"line":42,"column":8},"end":{"line":47,"column":18}},{"start":{"line":49,"column":8},"end":{"line":52,"column":18}}]},"5":{"line":44,"type":"binary-expr","locations":[{"start":{"line":44,"column":16},"end":{"line":44,"column":44}},{"start":{"line":44,"column":48},"end":{"line":44,"column":66}}]},"6":{"line":50,"type":"binary-expr","locations":[{"start":{"line":50,"column":21},"end":{"line":50,"column":49}},{"start":{"line":50,"column":53},"end":{"line":50,"column":72}}]},"7":{"line":64,"type":"switch","locations":[{"start":{"line":69,"column":4},"end":{"line":70,"column":14}},{"start":{"line":75,"column":4},"end":{"line":76,"column":14}}]},"8":{"line":85,"type":"switch","locations":[{"start":{"line":90,"column":4},"end":{"line":95,"column":14}},{"start":{"line":101,"column":4},"end":{"line":183,"column":14},"skip":true}]},"9":{"line":92,"type":"binary-expr","locations":[{"start":{"line":92,"column":18},"end":{"line":92,"column":32}},{"start":{"line":93,"column":12},"end":{"line":93,"column":53}},{"start":{"line":94,"column":12},"end":{"line":94,"column":61}}]},"10":{"line":102,"type":"binary-expr","locations":[{"start":{"line":102,"column":45},"end":{"line":102,"column":79},"skip":true},{"start":{"line":102,"column":83},"end":{"line":111,"column":9},"skip":true}]},"11":{"line":113,"type":"binary-expr","locations":[{"start":{"line":113,"column":42},"end":{"line":113,"column":73},"skip":true},{"start":{"line":113,"column":77},"end":{"line":126,"column":9},"skip":true}]},"12":{"line":128,"type":"binary-expr","locations":[{"start":{"line":128,"column":48},"end":{"line":128,"column":85},"skip":true},{"start":{"line":129,"column":12},"end":{"line":135,"column":13},"skip":true}]},"13":{"line":137,"type":"binary-expr","locations":[{"start":{"line":137,"column":42},"end":{"line":137,"column":73},"skip":true},{"start":{"line":137,"column":77},"end":{"line":146,"column":9},"skip":true}]},"14":{"line":148,"type":"binary-expr","locations":[{"start":{"line":148,"column":45},"end":{"line":148,"column":79},"skip":true},{"start":{"line":148,"column":83},"end":{"line":157,"column":9},"skip":true}]},"15":{"line":159,"type":"binary-expr","locations":[{"start":{"line":159,"column":43},"end":{"line":159,"column":75},"skip":true},{"start":{"line":159,"column":79},"end":{"line":168,"column":9},"skip":true}]},"16":{"line":170,"type":"binary-expr","locations":[{"start":{"line":170,"column":41},"end":{"line":170,"column":71},"skip":true},{"start":{"line":170,"column":75},"end":{"line":179,"column":9},"skip":true}]}},"code":["/* istanbul instrument in package npmtest_i18next */","/*jslint","    bitwise: true,","    browser: true,","    maxerr: 8,","    maxlen: 96,","    node: true,","    nomen: true,","    regexp: true,","    stupid: true","*/","(function () {","    'use strict';","    var local;","","","","    // run shared js-env code - pre-init","    (function () {","        // init local","        local = {};","        // init modeJs","        local.modeJs = (function () {","            try {","                return typeof navigator.userAgent === 'string' &&","                    typeof document.querySelector('body') === 'object' &&","                    typeof XMLHttpRequest.prototype.open === 'function' &&","                    'browser';","            } catch (errorCaughtBrowser) {","                return module.exports &&","                    typeof process.versions.node === 'string' &&","                    typeof require('http').createServer === 'function' &&","                    'node';","            }","        }());","        // init global","        local.global = local.modeJs === 'browser'","            ? window","            : global;","        switch (local.modeJs) {","        // re-init local from window.local","        case 'browser':","            local = local.global.utility2.objectSetDefault(","                local.global.utility2_rollup || local.global.local,","                local.global.utility2","            );","            break;","        // re-init local from example.js","        case 'node':","            local = (local.global.utility2_rollup || require('utility2'))","                .requireExampleJsFromReadme();","            break;","        }","        // export local","        local.global.local = local;","    }());","","","","    // run shared js-env code - function","    (function () {","        return;","    }());","    switch (local.modeJs) {","","","","    // run browser js-env code - function","    case 'browser':","        break;","","","","    // run node js-env code - function","    case 'node':","        break;","    }","","","","    // run shared js-env code - post-init","    (function () {","        return;","    }());","    switch (local.modeJs) {","","","","    // run browser js-env code - post-init","    case 'browser':","        // run tests","        local.nop(local.modeTest &&","            document.querySelector('#testRunButton1') &&","            document.querySelector('#testRunButton1').click());","        break;","","","","    // run node js-env code - post-init","    /* istanbul ignore next */","    case 'node':","        local.testCase_buildApidoc_default = local.testCase_buildApidoc_default || function (","            options,","            onError","        ) {","        /*","         * this function will test buildApidoc's default handling-behavior-behavior","         */","            options = { modulePathList: module.paths };","            local.buildApidoc(options, onError);","        };","","        local.testCase_buildApp_default = local.testCase_buildApp_default || function (","            options,","            onError","        ) {","        /*","         * this function will test buildApp's default handling-behavior-behavior","         */","            local.testCase_buildReadme_default(options, local.onErrorThrow);","            local.testCase_buildLib_default(options, local.onErrorThrow);","            local.testCase_buildTest_default(options, local.onErrorThrow);","            local.testCase_buildCustomOrg_default(options, local.onErrorThrow);","            options = [];","            local.buildApp(options, onError);","        };","","        local.testCase_buildCustomOrg_default = local.testCase_buildCustomOrg_default ||","            function (options, onError) {","            /*","             * this function will test buildCustomOrg's default handling-behavior","             */","                options = {};","                local.buildCustomOrg(options, onError);","            };","","        local.testCase_buildLib_default = local.testCase_buildLib_default || function (","            options,","            onError","        ) {","        /*","         * this function will test buildLib's default handling-behavior","         */","            options = {};","            local.buildLib(options, onError);","        };","","        local.testCase_buildReadme_default = local.testCase_buildReadme_default || function (","            options,","            onError","        ) {","        /*","         * this function will test buildReadme's default handling-behavior-behavior","         */","            options = {};","            local.buildReadme(options, onError);","        };","","        local.testCase_buildTest_default = local.testCase_buildTest_default || function (","            options,","            onError","        ) {","        /*","         * this function will test buildTest's default handling-behavior","         */","            options = {};","            local.buildTest(options, onError);","        };","","        local.testCase_webpage_default = local.testCase_webpage_default || function (","            options,","            onError","        ) {","        /*","         * this function will test webpage's default handling-behavior","         */","            options = { modeCoverageMerge: true, url: local.serverLocalHost + '?modeTest=1' };","            local.browserTest(options, onError);","        };","","        // run test-server","        local.testRunServer(local);","        break;","    }","}());",""],"l":{"12":2,"14":2,"19":2,"21":2,"23":2,"24":2,"25":2,"30":1,"37":2,"40":2,"43":1,"47":1,"50":1,"52":1,"55":2,"61":2,"62":2,"64":2,"70":1,"76":1,"82":2,"83":2,"85":2,"92":1,"95":1,"102":1,"109":1,"110":1,"113":1,"120":1,"121":1,"122":1,"123":1,"124":1,"125":1,"128":1,"133":2,"134":2,"137":1,"144":2,"145":2,"148":1,"155":2,"156":2,"159":1,"166":2,"167":2,"170":1,"177":1,"178":1,"182":1,"183":1}},"/home/travis/build/npmtest/node-npmtest-i18next/lib.npmtest_i18next.js":{"path":"/home/travis/build/npmtest/node-npmtest-i18next/lib.npmtest_i18next.js","s":{"1":2,"2":2,"3":2,"4":2,"5":2,"6":2,"7":2,"8":1,"9":2,"10":2,"11":2,"12":2,"13":1,"14":1,"15":1,"16":1},"b":{"1":[2,1,1,1],"2":[1,1,1,1],"3":[1,1],"4":[2,2],"5":[1,1]},"f":{"1":2,"2":2,"3":2},"fnMap":{"1":{"name":"(anonymous_1)","line":12,"loc":{"start":{"line":12,"column":1},"end":{"line":12,"column":13}}},"2":{"name":"(anonymous_2)","line":19,"loc":{"start":{"line":19,"column":5},"end":{"line":19,"column":17}}},"3":{"name":"(anonymous_3)","line":23,"loc":{"start":{"line":23,"column":24},"end":{"line":23,"column":36}}}},"statementMap":{"1":{"start":{"line":12,"column":0},"end":{"line":53,"column":5}},"2":{"start":{"line":14,"column":4},"end":{"line":14,"column":14}},"3":{"start":{"line":19,"column":4},"end":{"line":52,"column":9}},"4":{"start":{"line":21,"column":8},"end":{"line":21,"column":19}},"5":{"start":{"line":23,"column":8},"end":{"line":35,"column":13}},"6":{"start":{"line":24,"column":12},"end":{"line":34,"column":13}},"7":{"start":{"line":25,"column":16},"end":{"line":28,"column":30}},"8":{"start":{"line":30,"column":16},"end":{"line":33,"column":27}},"9":{"start":{"line":37,"column":8},"end":{"line":39,"column":21}},"10":{"start":{"line":41,"column":8},"end":{"line":41,"column":54}},"11":{"start":{"line":43,"column":8},"end":{"line":43,"column":52}},"12":{"start":{"line":45,"column":8},"end":{"line":51,"column":9}},"13":{"start":{"line":46,"column":12},"end":{"line":46,"column":58}},"14":{"start":{"line":48,"column":12},"end":{"line":48,"column":35}},"15":{"start":{"line":49,"column":12},"end":{"line":49,"column":49}},"16":{"start":{"line":50,"column":12},"end":{"line":50,"column":43}}},"branchMap":{"1":{"line":25,"type":"binary-expr","locations":[{"start":{"line":25,"column":23},"end":{"line":25,"column":62}},{"start":{"line":26,"column":20},"end":{"line":26,"column":70}},{"start":{"line":27,"column":20},"end":{"line":27,"column":71}},{"start":{"line":28,"column":20},"end":{"line":28,"column":29}}]},"2":{"line":30,"type":"binary-expr","locations":[{"start":{"line":30,"column":23},"end":{"line":30,"column":37}},{"start":{"line":31,"column":20},"end":{"line":31,"column":61}},{"start":{"line":32,"column":20},"end":{"line":32,"column":70}},{"start":{"line":33,"column":20},"end":{"line":33,"column":26}}]},"3":{"line":37,"type":"cond-expr","locations":[{"start":{"line":38,"column":14},"end":{"line":38,"column":20}},{"start":{"line":39,"column":14},"end":{"line":39,"column":20}}]},"4":{"line":41,"type":"binary-expr","locations":[{"start":{"line":41,"column":16},"end":{"line":41,"column":44}},{"start":{"line":41,"column":48},"end":{"line":41,"column":53}}]},"5":{"line":45,"type":"if","locations":[{"start":{"line":45,"column":8},"end":{"line":45,"column":8}},{"start":{"line":45,"column":8},"end":{"line":45,"column":8}}]}},"code":["/* istanbul instrument in package npmtest_i18next */","/*jslint","    bitwise: true,","    browser: true,","    maxerr: 8,","    maxlen: 96,","    node: true,","    nomen: true,","    regexp: true,","    stupid: true","*/","(function () {","    'use strict';","    var local;","","","","    // run shared js-env code - pre-init","    (function () {","        // init local","        local = {};","        // init modeJs","        local.modeJs = (function () {","            try {","                return typeof navigator.userAgent === 'string' &&","                    typeof document.querySelector('body') === 'object' &&","                    typeof XMLHttpRequest.prototype.open === 'function' &&","                    'browser';","            } catch (errorCaughtBrowser) {","                return module.exports &&","                    typeof process.versions.node === 'string' &&","                    typeof require('http').createServer === 'function' &&","                    'node';","            }","        }());","        // init global","        local.global = local.modeJs === 'browser'","            ? window","            : global;","        // init utility2_rollup","        local = local.global.utility2_rollup || local;","        // init lib","        local.local = local.npmtest_i18next = local;","        // init exports","        if (local.modeJs === 'browser') {","            local.global.utility2_npmtest_i18next = local;","        } else {","            module.exports = local;","            module.exports.__dirname = __dirname;","            module.exports.module = module;","        }","    }());","}());",""],"l":{"12":2,"14":2,"19":2,"21":2,"23":2,"24":2,"25":2,"30":1,"37":2,"41":2,"43":2,"45":2,"46":1,"48":1,"49":1,"50":1}},"/home/travis/build/npmtest/node-npmtest-i18next/example.js":{"path":"/home/travis/build/npmtest/node-npmtest-i18next/example.js","s":{"1":2,"2":2,"3":2,"4":2,"5":2,"6":2,"7":2,"8":1,"9":2,"10":2,"11":2,"12":2,"13":1,"14":2,"15":2,"16":2,"17":2,"18":2,"19":0,"20":2,"21":1,"22":1,"23":1,"24":1,"25":1,"26":0,"27":0,"28":1,"29":1,"30":2,"31":0,"32":0,"33":0,"34":1,"35":2,"36":2,"37":2,"38":2,"39":2,"40":2,"41":0,"42":2,"43":2,"44":2,"45":1,"46":3,"47":1,"48":1,"49":1,"50":1,"51":1,"52":1,"53":1,"54":1,"55":1,"56":1,"57":0,"58":1,"59":6,"60":6,"61":1,"62":2,"63":0,"64":2,"65":1,"66":1,"67":0,"68":0,"69":0,"70":0,"71":0,"72":0,"73":0,"74":0,"75":0,"76":0,"77":0,"78":0,"79":0,"80":0,"81":0,"82":0,"83":0},"b":{"1":[2,1,1,1],"2":[1,1,1,1],"3":[1,1],"4":[2,2],"5":[1,1],"6":[1,1],"7":[2,0],"8":[2,1,1,1,1,1],"9":[0,2,0],"10":[1,1],"11":[2,1,1],"12":[1,0],"13":[0,2],"14":[2,0,0,0,0,0,0],"15":[0,2],"16":[2,0],"17":[1,1],"18":[0,1],"19":[1,2,0,2],"20":[1,0],"21":[1,1],"22":[0,0],"23":[0,0],"24":[0,0],"25":[0,0],"26":[0,0],"27":[0,0],"28":[0,0]},"f":{"1":2,"2":2,"3":2,"4":2,"5":2,"6":2,"7":2,"8":2,"9":3,"10":1,"11":6,"12":0},"fnMap":{"1":{"name":"(anonymous_1)","line":26,"loc":{"start":{"line":26,"column":1},"end":{"line":26,"column":13}}},"2":{"name":"(anonymous_2)","line":33,"loc":{"start":{"line":33,"column":5},"end":{"line":33,"column":17}}},"3":{"name":"(anonymous_3)","line":37,"loc":{"start":{"line":37,"column":24},"end":{"line":37,"column":36}}},"4":{"name":"(anonymous_4)","line":69,"loc":{"start":{"line":69,"column":31},"end":{"line":69,"column":48}},"skip":true},"5":{"name":"(anonymous_5)","line":78,"loc":{"start":{"line":78,"column":26},"end":{"line":78,"column":45}},"skip":true},"6":{"name":"(anonymous_6)","line":123,"loc":{"start":{"line":123,"column":33},"end":{"line":123,"column":48}},"skip":true},"7":{"name":"(anonymous_7)","line":125,"loc":{"start":{"line":125,"column":27},"end":{"line":125,"column":39}},"skip":true},"8":{"name":"(anonymous_8)","line":133,"loc":{"start":{"line":133,"column":59},"end":{"line":133,"column":74}},"skip":true},"9":{"name":"(anonymous_9)","line":143,"loc":{"start":{"line":143,"column":45},"end":{"line":143,"column":62}},"skip":true},"10":{"name":"(anonymous_10)","line":144,"loc":{"start":{"line":144,"column":73},"end":{"line":144,"column":92}},"skip":true},"11":{"name":"(anonymous_11)","line":272,"loc":{"start":{"line":272,"column":51},"end":{"line":272,"column":77}},"skip":true},"12":{"name":"(anonymous_12)","line":314,"loc":{"start":{"line":314,"column":32},"end":{"line":314,"column":61}},"skip":true}},"statementMap":{"1":{"start":{"line":26,"column":0},"end":{"line":325,"column":5}},"2":{"start":{"line":28,"column":4},"end":{"line":28,"column":14}},"3":{"start":{"line":33,"column":4},"end":{"line":60,"column":9}},"4":{"start":{"line":35,"column":8},"end":{"line":35,"column":19}},"5":{"start":{"line":37,"column":8},"end":{"line":49,"column":13}},"6":{"start":{"line":38,"column":12},"end":{"line":48,"column":13}},"7":{"start":{"line":39,"column":16},"end":{"line":42,"column":30}},"8":{"start":{"line":44,"column":16},"end":{"line":47,"column":27}},"9":{"start":{"line":51,"column":8},"end":{"line":53,"column":21}},"10":{"start":{"line":55,"column":8},"end":{"line":57,"column":45}},"11":{"start":{"line":59,"column":8},"end":{"line":59,"column":35}},"12":{"start":{"line":61,"column":4},"end":{"line":324,"column":5}},"13":{"start":{"line":69,"column":8},"end":{"line":121,"column":10},"skip":true},"14":{"start":{"line":70,"column":12},"end":{"line":88,"column":13},"skip":true},"15":{"start":{"line":76,"column":16},"end":{"line":87,"column":19},"skip":true},"16":{"start":{"line":79,"column":20},"end":{"line":86,"column":21},"skip":true},"17":{"start":{"line":82,"column":24},"end":{"line":82,"column":43},"skip":true},"18":{"start":{"line":83,"column":24},"end":{"line":83,"column":30},"skip":true},"19":{"start":{"line":85,"column":24},"end":{"line":85,"column":49},"skip":true},"20":{"start":{"line":89,"column":12},"end":{"line":107,"column":13},"skip":true},"21":{"start":{"line":92,"column":16},"end":{"line":102,"column":17},"skip":true},"22":{"start":{"line":93,"column":20},"end":{"line":93,"column":86},"skip":true},"23":{"start":{"line":94,"column":20},"end":{"line":95,"column":45},"skip":true},"24":{"start":{"line":96,"column":20},"end":{"line":96,"column":42},"skip":true},"25":{"start":{"line":97,"column":20},"end":{"line":97,"column":48},"skip":true},"26":{"start":{"line":100,"column":20},"end":{"line":100,"column":85},"skip":true},"27":{"start":{"line":101,"column":20},"end":{"line":101,"column":96},"skip":true},"28":{"start":{"line":103,"column":16},"end":{"line":103,"column":22},"skip":true},"29":{"start":{"line":106,"column":16},"end":{"line":106,"column":22},"skip":true},"30":{"start":{"line":108,"column":12},"end":{"line":120,"column":13},"skip":true},"31":{"start":{"line":114,"column":16},"end":{"line":119,"column":17},"skip":true},"32":{"start":{"line":116,"column":20},"end":{"line":116,"column":78},"skip":true},"33":{"start":{"line":118,"column":20},"end":{"line":118,"column":53},"skip":true},"34":{"start":{"line":123,"column":8},"end":{"line":141,"column":11},"skip":true},"35":{"start":{"line":124,"column":12},"end":{"line":124,"column":54},"skip":true},"36":{"start":{"line":125,"column":12},"end":{"line":140,"column":14},"skip":true},"37":{"start":{"line":126,"column":16},"end":{"line":126,"column":28},"skip":true},"38":{"start":{"line":127,"column":16},"end":{"line":127,"column":69},"skip":true},"39":{"start":{"line":128,"column":16},"end":{"line":128,"column":75},"skip":true},"40":{"start":{"line":129,"column":16},"end":{"line":131,"column":17},"skip":true},"41":{"start":{"line":130,"column":20},"end":{"line":130,"column":27},"skip":true},"42":{"start":{"line":133,"column":16},"end":{"line":137,"column":36},"skip":true},"43":{"start":{"line":134,"column":20},"end":{"line":136,"column":55},"skip":true},"44":{"start":{"line":139,"column":16},"end":{"line":139,"column":57},"skip":true},"45":{"start":{"line":143,"column":8},"end":{"line":147,"column":11},"skip":true},"46":{"start":{"line":144,"column":12},"end":{"line":146,"column":15},"skip":true},"47":{"start":{"line":145,"column":16},"end":{"line":145,"column":70},"skip":true},"48":{"start":{"line":149,"column":8},"end":{"line":149,"column":31},"skip":true},"49":{"start":{"line":150,"column":8},"end":{"line":150,"column":14},"skip":true},"50":{"start":{"line":158,"column":8},"end":{"line":158,"column":31},"skip":true},"51":{"start":{"line":160,"column":8},"end":{"line":160,"column":33},"skip":true},"52":{"start":{"line":161,"column":8},"end":{"line":161,"column":37},"skip":true},"53":{"start":{"line":162,"column":8},"end":{"line":162,"column":35},"skip":true},"54":{"start":{"line":164,"column":8},"end":{"line":164,"column":50},"skip":true},"55":{"start":{"line":166,"column":8},"end":{"line":256,"column":2},"skip":true},"56":{"start":{"line":258,"column":8},"end":{"line":286,"column":9},"skip":true},"57":{"start":{"line":259,"column":12},"end":{"line":269,"column":14},"skip":true},"58":{"start":{"line":271,"column":12},"end":{"line":285,"column":19},"skip":true},"59":{"start":{"line":274,"column":20},"end":{"line":274,"column":35},"skip":true},"60":{"start":{"line":275,"column":20},"end":{"line":284,"column":21},"skip":true},"61":{"start":{"line":277,"column":24},"end":{"line":277,"column":64},"skip":true},"62":{"start":{"line":279,"column":24},"end":{"line":279,"column":40},"skip":true},"63":{"start":{"line":281,"column":24},"end":{"line":281,"column":40},"skip":true},"64":{"start":{"line":283,"column":24},"end":{"line":283,"column":39},"skip":true},"65":{"start":{"line":288,"column":8},"end":{"line":290,"column":9},"skip":true},"66":{"start":{"line":289,"column":12},"end":{"line":289,"column":18},"skip":true},"67":{"start":{"line":291,"column":8},"end":{"line":293,"column":54},"skip":true},"68":{"start":{"line":294,"column":8},"end":{"line":301,"column":37},"skip":true},"69":{"start":{"line":302,"column":8},"end":{"line":302,"column":82},"skip":true},"70":{"start":{"line":305,"column":8},"end":{"line":307,"column":9},"skip":true},"71":{"start":{"line":306,"column":12},"end":{"line":306,"column":82},"skip":true},"72":{"start":{"line":309,"column":8},"end":{"line":311,"column":9},"skip":true},"73":{"start":{"line":310,"column":12},"end":{"line":310,"column":18},"skip":true},"74":{"start":{"line":312,"column":8},"end":{"line":312,"column":54},"skip":true},"75":{"start":{"line":313,"column":8},"end":{"line":313,"column":69},"skip":true},"76":{"start":{"line":314,"column":8},"end":{"line":322,"column":36},"skip":true},"77":{"start":{"line":315,"column":12},"end":{"line":315,"column":61},"skip":true},"78":{"start":{"line":316,"column":12},"end":{"line":319,"column":13},"skip":true},"79":{"start":{"line":317,"column":16},"end":{"line":317,"column":75},"skip":true},"80":{"start":{"line":318,"column":16},"end":{"line":318,"column":23},"skip":true},"81":{"start":{"line":320,"column":12},"end":{"line":320,"column":38},"skip":true},"82":{"start":{"line":321,"column":12},"end":{"line":321,"column":27},"skip":true},"83":{"start":{"line":323,"column":8},"end":{"line":323,"column":14},"skip":true}},"branchMap":{"1":{"line":39,"type":"binary-expr","locations":[{"start":{"line":39,"column":23},"end":{"line":39,"column":62}},{"start":{"line":40,"column":20},"end":{"line":40,"column":70}},{"start":{"line":41,"column":20},"end":{"line":41,"column":71}},{"start":{"line":42,"column":20},"end":{"line":42,"column":29}}]},"2":{"line":44,"type":"binary-expr","locations":[{"start":{"line":44,"column":23},"end":{"line":44,"column":37}},{"start":{"line":45,"column":20},"end":{"line":45,"column":61}},{"start":{"line":46,"column":20},"end":{"line":46,"column":70}},{"start":{"line":47,"column":20},"end":{"line":47,"column":26}}]},"3":{"line":51,"type":"cond-expr","locations":[{"start":{"line":52,"column":14},"end":{"line":52,"column":20}},{"start":{"line":53,"column":14},"end":{"line":53,"column":20}}]},"4":{"line":55,"type":"binary-expr","locations":[{"start":{"line":55,"column":16},"end":{"line":55,"column":44}},{"start":{"line":55,"column":49},"end":{"line":57,"column":43}}]},"5":{"line":55,"type":"cond-expr","locations":[{"start":{"line":56,"column":14},"end":{"line":56,"column":51}},{"start":{"line":57,"column":14},"end":{"line":57,"column":43}}]},"6":{"line":61,"type":"switch","locations":[{"start":{"line":68,"column":4},"end":{"line":150,"column":14},"skip":true},{"start":{"line":156,"column":4},"end":{"line":323,"column":14},"skip":true}]},"7":{"line":70,"type":"if","locations":[{"start":{"line":70,"column":12},"end":{"line":70,"column":12},"skip":true},{"start":{"line":70,"column":12},"end":{"line":70,"column":12},"skip":true}]},"8":{"line":70,"type":"binary-expr","locations":[{"start":{"line":70,"column":16},"end":{"line":70,"column":22},"skip":true},{"start":{"line":70,"column":27},"end":{"line":70,"column":32},"skip":true},{"start":{"line":71,"column":20},"end":{"line":71,"column":39},"skip":true},{"start":{"line":72,"column":20},"end":{"line":72,"column":49},"skip":true},{"start":{"line":73,"column":20},"end":{"line":73,"column":58},"skip":true},{"start":{"line":74,"column":20},"end":{"line":74,"column":69},"skip":true}]},"9":{"line":79,"type":"switch","locations":[{"start":{"line":80,"column":20},"end":{"line":80,"column":33},"skip":true},{"start":{"line":81,"column":20},"end":{"line":83,"column":30},"skip":true},{"start":{"line":84,"column":20},"end":{"line":85,"column":49},"skip":true}]},"10":{"line":89,"type":"switch","locations":[{"start":{"line":90,"column":12},"end":{"line":103,"column":22},"skip":true},{"start":{"line":105,"column":12},"end":{"line":106,"column":22},"skip":true}]},"11":{"line":89,"type":"binary-expr","locations":[{"start":{"line":89,"column":20},"end":{"line":89,"column":25},"skip":true},{"start":{"line":89,"column":29},"end":{"line":89,"column":48},"skip":true},{"start":{"line":89,"column":52},"end":{"line":89,"column":74},"skip":true}]},"12":{"line":92,"type":"if","locations":[{"start":{"line":92,"column":16},"end":{"line":92,"column":16},"skip":true},{"start":{"line":92,"column":16},"end":{"line":92,"column":16},"skip":true}]},"13":{"line":108,"type":"if","locations":[{"start":{"line":108,"column":12},"end":{"line":108,"column":12},"skip":true},{"start":{"line":108,"column":12},"end":{"line":108,"column":12},"skip":true}]},"14":{"line":108,"type":"binary-expr","locations":[{"start":{"line":108,"column":16},"end":{"line":108,"column":61},"skip":true},{"start":{"line":108,"column":66},"end":{"line":108,"column":72},"skip":true},{"start":{"line":108,"column":77},"end":{"line":108,"column":82},"skip":true},{"start":{"line":109,"column":20},"end":{"line":109,"column":39},"skip":true},{"start":{"line":110,"column":20},"end":{"line":110,"column":49},"skip":true},{"start":{"line":111,"column":20},"end":{"line":111,"column":58},"skip":true},{"start":{"line":112,"column":20},"end":{"line":112,"column":68},"skip":true}]},"15":{"line":129,"type":"if","locations":[{"start":{"line":129,"column":16},"end":{"line":129,"column":16},"skip":true},{"start":{"line":129,"column":16},"end":{"line":129,"column":16},"skip":true}]},"16":{"line":134,"type":"cond-expr","locations":[{"start":{"line":135,"column":26},"end":{"line":135,"column":29},"skip":true},{"start":{"line":136,"column":26},"end":{"line":136,"column":54},"skip":true}]},"17":{"line":164,"type":"binary-expr","locations":[{"start":{"line":164,"column":27},"end":{"line":164,"column":43},"skip":true},{"start":{"line":164,"column":47},"end":{"line":164,"column":49},"skip":true}]},"18":{"line":258,"type":"if","locations":[{"start":{"line":258,"column":8},"end":{"line":258,"column":8},"skip":true},{"start":{"line":258,"column":8},"end":{"line":258,"column":8},"skip":true}]},"19":{"line":275,"type":"switch","locations":[{"start":{"line":276,"column":20},"end":{"line":277,"column":64},"skip":true},{"start":{"line":278,"column":20},"end":{"line":279,"column":40},"skip":true},{"start":{"line":280,"column":20},"end":{"line":281,"column":40},"skip":true},{"start":{"line":282,"column":20},"end":{"line":283,"column":39},"skip":true}]},"20":{"line":288,"type":"if","locations":[{"start":{"line":288,"column":8},"end":{"line":288,"column":8},"skip":true},{"start":{"line":288,"column":8},"end":{"line":288,"column":8},"skip":true}]},"21":{"line":288,"type":"binary-expr","locations":[{"start":{"line":288,"column":12},"end":{"line":288,"column":40},"skip":true},{"start":{"line":288,"column":44},"end":{"line":288,"column":67},"skip":true}]},"22":{"line":292,"type":"binary-expr","locations":[{"start":{"line":292,"column":12},"end":{"line":292,"column":50},"skip":true},{"start":{"line":293,"column":12},"end":{"line":293,"column":53},"skip":true}]},"23":{"line":295,"type":"binary-expr","locations":[{"start":{"line":295,"column":12},"end":{"line":295,"column":65},"skip":true},{"start":{"line":296,"column":12},"end":{"line":301,"column":36},"skip":true}]},"24":{"line":302,"type":"binary-expr","locations":[{"start":{"line":302,"column":43},"end":{"line":302,"column":75},"skip":true},{"start":{"line":302,"column":79},"end":{"line":302,"column":81},"skip":true}]},"25":{"line":305,"type":"if","locations":[{"start":{"line":305,"column":8},"end":{"line":305,"column":8},"skip":true},{"start":{"line":305,"column":8},"end":{"line":305,"column":8},"skip":true}]},"26":{"line":309,"type":"if","locations":[{"start":{"line":309,"column":8},"end":{"line":309,"column":8},"skip":true},{"start":{"line":309,"column":8},"end":{"line":309,"column":8},"skip":true}]},"27":{"line":312,"type":"binary-expr","locations":[{"start":{"line":312,"column":27},"end":{"line":312,"column":43},"skip":true},{"start":{"line":312,"column":47},"end":{"line":312,"column":53},"skip":true}]},"28":{"line":316,"type":"if","locations":[{"start":{"line":316,"column":12},"end":{"line":316,"column":12},"skip":true},{"start":{"line":316,"column":12},"end":{"line":316,"column":12},"skip":true}]}},"code":["/*","example.js","","quickstart example","","instruction","    1. save this script as example.js","    2. run the shell command:","        $ npm install npmtest-i18next && PORT=8081 node example.js","    3. play with the browser-demo on http://127.0.0.1:8081","*/","","","","/* istanbul instrument in package npmtest_i18next */","/*jslint","    bitwise: true,","    browser: true,","    maxerr: 8,","    maxlen: 96,","    node: true,","    nomen: true,","    regexp: true,","    stupid: true","*/","(function () {","    'use strict';","    var local;","","","","    // run shared js-env code - pre-init","    (function () {","        // init local","        local = {};","        // init modeJs","        local.modeJs = (function () {","            try {","                return typeof navigator.userAgent === 'string' &&","                    typeof document.querySelector('body') === 'object' &&","                    typeof XMLHttpRequest.prototype.open === 'function' &&","                    'browser';","            } catch (errorCaughtBrowser) {","                return module.exports &&","                    typeof process.versions.node === 'string' &&","                    typeof require('http').createServer === 'function' &&","                    'node';","            }","        }());","        // init global","        local.global = local.modeJs === 'browser'","            ? window","            : global;","        // init utility2_rollup","        local = local.global.utility2_rollup || (local.modeJs === 'browser'","            ? local.global.utility2_npmtest_i18next","            : global.utility2_moduleExports);","        // export local","        local.global.local = local;","    }());","    switch (local.modeJs) {","","","","    // post-init","    // run browser js-env code - post-init","    /* istanbul ignore next */","    case 'browser':","        local.testRunBrowser = function (event) {","            if (!event || (event &&","                    event.currentTarget &&","                    event.currentTarget.className &&","                    event.currentTarget.className.includes &&","                    event.currentTarget.className.includes('onreset'))) {","                // reset output","                Array.from(","                    document.querySelectorAll('body > .resettable')","                ).forEach(function (element) {","                    switch (element.tagName) {","                    case 'INPUT':","                    case 'TEXTAREA':","                        element.value = '';","                        break;","                    default:","                        element.textContent = '';","                    }","                });","            }","            switch (event && event.currentTarget && event.currentTarget.id) {","            case 'testRunButton1':","                // show tests","                if (document.querySelector('#testReportDiv1').style.display === 'none') {","                    document.querySelector('#testReportDiv1').style.display = 'block';","                    document.querySelector('#testRunButton1').textContent =","                        'hide internal test';","                    local.modeTest = true;","                    local.testRunDefault(local);","                // hide tests","                } else {","                    document.querySelector('#testReportDiv1').style.display = 'none';","                    document.querySelector('#testRunButton1').textContent = 'run internal test';","                }","                break;","            // custom-case","            default:","                break;","            }","            if (document.querySelector('#inputTextareaEval1') && (!event || (event &&","                    event.currentTarget &&","                    event.currentTarget.className &&","                    event.currentTarget.className.includes &&","                    event.currentTarget.className.includes('oneval')))) {","                // try to eval input-code","                try {","                    /*jslint evil: true*/","                    eval(document.querySelector('#inputTextareaEval1').value);","                } catch (errorCaught) {","                    console.error(errorCaught.stack);","                }","            }","        };","        // log stderr and stdout to #outputTextareaStdout1","        ['error', 'log'].forEach(function (key) {","            console[key + '_original'] = console[key];","            console[key] = function () {","                var element;","                console[key + '_original'].apply(console, arguments);","                element = document.querySelector('#outputTextareaStdout1');","                if (!element) {","                    return;","                }","                // append text to #outputTextareaStdout1","                element.value += Array.from(arguments).map(function (arg) {","                    return typeof arg === 'string'","                        ? arg","                        : JSON.stringify(arg, null, 4);","                }).join(' ') + '\\n';","                // scroll textarea to bottom","                element.scrollTop = element.scrollHeight;","            };","        });","        // init event-handling","        ['change', 'click', 'keyup'].forEach(function (event) {","            Array.from(document.querySelectorAll('.on' + event)).forEach(function (element) {","                element.addEventListener(event, local.testRunBrowser);","            });","        });","        // run tests","        local.testRunBrowser();","        break;","","","","    // run node js-env code - post-init","    /* istanbul ignore next */","    case 'node':","        // export local","        module.exports = local;","        // require modules","        local.fs = require('fs');","        local.http = require('http');","        local.url = require('url');","        // init assets","        local.assetsDict = local.assetsDict || {};","        /* jslint-ignore-begin */","        local.assetsDict['/assets.index.template.html'] = '\\","<!doctype html>\\n\\","<html lang=\"en\">\\n\\","<head>\\n\\","<meta charset=\"UTF-8\">\\n\\","<meta name=\"viewport\" content=\"width=device-width, initial-scale=1\">\\n\\","<title>{{env.npm_package_name}} (v{{env.npm_package_version}})</title>\\n\\","<style>\\n\\","/*csslint\\n\\","    box-sizing: false,\\n\\","    universal-selector: false\\n\\","*/\\n\\","* {\\n\\","    box-sizing: border-box;\\n\\","}\\n\\","body {\\n\\","    background: #dde;\\n\\","    font-family: Arial, Helvetica, sans-serif;\\n\\","    margin: 2rem;\\n\\","}\\n\\","body > * {\\n\\","    margin-bottom: 1rem;\\n\\","}\\n\\",".utility2FooterDiv {\\n\\","    margin-top: 20px;\\n\\","    text-align: center;\\n\\","}\\n\\","</style>\\n\\","<style>\\n\\","/*csslint\\n\\","*/\\n\\","textarea {\\n\\","    font-family: monospace;\\n\\","    height: 10rem;\\n\\","    width: 100%;\\n\\","}\\n\\","textarea[readonly] {\\n\\","    background: #ddd;\\n\\","}\\n\\","</style>\\n\\","</head>\\n\\","<body>\\n\\","<!-- utility2-comment\\n\\","<div id=\"ajaxProgressDiv1\" style=\"background: #d00; height: 2px; left: 0; margin: 0; padding: 0; position: fixed; top: 0; transition: background 0.5s, width 1.5s; width: 25%;\"></div>\\n\\","utility2-comment -->\\n\\","<h1>\\n\\","<!-- utility2-comment\\n\\","    <a\\n\\","        {{#if env.npm_package_homepage}}\\n\\","        href=\"{{env.npm_package_homepage}}\"\\n\\","        {{/if env.npm_package_homepage}}\\n\\","        target=\"_blank\"\\n\\","    >\\n\\","utility2-comment -->\\n\\","        {{env.npm_package_name}} (v{{env.npm_package_version}})\\n\\","<!-- utility2-comment\\n\\","    </a>\\n\\","utility2-comment -->\\n\\","</h1>\\n\\","<h3>{{env.npm_package_description}}</h3>\\n\\","<!-- utility2-comment\\n\\","<h4><a download href=\"assets.app.js\">download standalone app</a></h4>\\n\\","<button class=\"onclick onreset\" id=\"testRunButton1\">run internal test</button><br>\\n\\","<div id=\"testReportDiv1\" style=\"display: none;\"></div>\\n\\","utility2-comment -->\\n\\","\\n\\","\\n\\","\\n\\","<label>stderr and stdout</label>\\n\\","<textarea class=\"resettable\" id=\"outputTextareaStdout1\" readonly></textarea>\\n\\","<!-- utility2-comment\\n\\","{{#if isRollup}}\\n\\","<script src=\"assets.app.js\"></script>\\n\\","{{#unless isRollup}}\\n\\","utility2-comment -->\\n\\","<script src=\"assets.utility2.rollup.js\"></script>\\n\\","<script src=\"jsonp.utility2._stateInit?callback=window.utility2._stateInit\"></script>\\n\\","<script src=\"assets.npmtest_i18next.rollup.js\"></script>\\n\\","<script src=\"assets.example.js\"></script>\\n\\","<script src=\"assets.test.js\"></script>\\n\\","<!-- utility2-comment\\n\\","{{/if isRollup}}\\n\\","utility2-comment -->\\n\\","<div class=\"utility2FooterDiv\">\\n\\","    [ this app was created with\\n\\","    <a href=\"https://github.com/kaizhu256/node-utility2\" target=\"_blank\">utility2</a>\\n\\","    ]\\n\\","</div>\\n\\","</body>\\n\\","</html>\\n\\","';","        /* jslint-ignore-end */","        if (local.templateRender) {","            local.assetsDict['/'] = local.templateRender(","                local.assetsDict['/assets.index.template.html'],","                {","                    env: local.objectSetDefault(local.env, {","                        npm_package_description: 'the greatest app in the world!',","                        npm_package_name: 'my-app',","                        npm_package_nameAlias: 'my_app',","                        npm_package_version: '0.0.1'","                    })","                }","            );","        } else {","            local.assetsDict['/'] = local.assetsDict['/assets.index.template.html']","                .replace((/\\{\\{env\\.(\\w+?)\\}\\}/g), function (match0, match1) {","                    // jslint-hack","                    String(match0);","                    switch (match1) {","                    case 'npm_package_description':","                        return 'the greatest app in the world!';","                    case 'npm_package_name':","                        return 'my-app';","                    case 'npm_package_nameAlias':","                        return 'my_app';","                    case 'npm_package_version':","                        return '0.0.1';","                    }","                });","        }","        // run the cli","        if (local.global.utility2_rollup || module !== require.main) {","            break;","        }","        local.assetsDict['/assets.example.js'] =","            local.assetsDict['/assets.example.js'] ||","            local.fs.readFileSync(__filename, 'utf8');","        local.assetsDict['/assets.npmtest_i18next.rollup.js'] =","            local.assetsDict['/assets.npmtest_i18next.rollup.js'] ||","            local.fs.readFileSync(","                // buildCustomOrg-hack","                local.npmtest_i18next.__dirname +","                    '/lib.npmtest_i18next.js',","                'utf8'","            ).replace((/^#!/), '//');","        local.assetsDict['/favicon.ico'] = local.assetsDict['/favicon.ico'] || '';","        // if $npm_config_timeout_exit exists,","        // then exit this process after $npm_config_timeout_exit ms","        if (Number(process.env.npm_config_timeout_exit)) {","            setTimeout(process.exit, Number(process.env.npm_config_timeout_exit));","        }","        // start server","        if (local.global.utility2_serverHttp1) {","            break;","        }","        process.env.PORT = process.env.PORT || '8081';","        console.error('server starting on port ' + process.env.PORT);","        local.http.createServer(function (request, response) {","            request.urlParsed = local.url.parse(request.url);","            if (local.assetsDict[request.urlParsed.pathname] !== undefined) {","                response.end(local.assetsDict[request.urlParsed.pathname]);","                return;","            }","            response.statusCode = 404;","            response.end();","        }).listen(process.env.PORT);","        break;","    }","}());",""],"l":{"26":2,"28":2,"33":2,"35":2,"37":2,"38":2,"39":2,"44":1,"51":2,"55":2,"59":2,"61":2,"69":1,"70":2,"76":2,"79":2,"82":2,"83":2,"85":1,"89":2,"92":1,"93":1,"94":1,"96":1,"97":1,"100":1,"101":1,"103":1,"106":1,"108":2,"114":1,"116":1,"118":1,"123":1,"124":2,"125":2,"126":2,"127":2,"128":2,"129":2,"130":1,"133":2,"134":2,"139":2,"143":1,"144":3,"145":1,"149":1,"150":1,"158":1,"160":1,"161":1,"162":1,"164":1,"166":1,"258":1,"259":1,"271":1,"274":6,"275":6,"277":1,"279":2,"281":1,"283":2,"288":1,"289":1,"291":1,"294":1,"302":1,"305":1,"306":1,"309":1,"310":1,"312":1,"313":1,"314":1,"315":1,"316":1,"317":1,"318":1,"320":1,"321":1,"323":1}},"/home/travis/build/npmtest/node-npmtest-i18next/i18next/index.js":{"path":"/home/travis/build/npmtest/node-npmtest-i18next/i18next/index.js","s":{"1":1},"b":{},"f":{},"fnMap":{},"statementMap":{"1":{"start":{"line":1,"column":0},"end":{"line":1,"column":61}}},"branchMap":{},"code":["module.exports = require('./dist/commonjs/index.js').default;",""],"l":{"1":1}},"/home/travis/build/npmtest/node-npmtest-i18next/i18next/dist/commonjs/index.js":{"path":"/home/travis/build/npmtest/node-npmtest-i18next/i18next/dist/commonjs/index.js","s":{"1":1,"2":1,"3":1,"4":1,"5":1,"6":1,"7":1,"8":1,"9":1,"10":1,"11":1,"12":1,"13":1,"14":1,"15":1,"16":1,"17":1,"18":1,"19":1,"20":1,"21":1,"22":1},"b":{"1":[1,0],"2":[1,1]},"f":{"1":1},"fnMap":{"1":{"name":"_interopRequireDefault","line":12,"loc":{"start":{"line":12,"column":0},"end":{"line":12,"column":37}}}},"statementMap":{"1":{"start":{"line":3,"column":0},"end":{"line":5,"column":3}},"2":{"start":{"line":6,"column":0},"end":{"line":6,"column":306}},"3":{"start":{"line":8,"column":0},"end":{"line":8,"column":36}},"4":{"start":{"line":10,"column":0},"end":{"line":10,"column":49}},"5":{"start":{"line":12,"column":0},"end":{"line":12,"column":95}},"6":{"start":{"line":12,"column":39},"end":{"line":12,"column":93}},"7":{"start":{"line":14,"column":0},"end":{"line":14,"column":36}},"8":{"start":{"line":15,"column":0},"end":{"line":15,"column":103}},"9":{"start":{"line":16,"column":0},"end":{"line":16,"column":100}},"10":{"start":{"line":17,"column":0},"end":{"line":17,"column":103}},"11":{"start":{"line":18,"column":0},"end":{"line":18,"column":70}},"12":{"start":{"line":19,"column":0},"end":{"line":19,"column":79}},"13":{"start":{"line":20,"column":0},"end":{"line":20,"column":88}},"14":{"start":{"line":21,"column":0},"end":{"line":21,"column":73}},"15":{"start":{"line":22,"column":0},"end":{"line":22,"column":100}},"16":{"start":{"line":23,"column":0},"end":{"line":23,"column":103}},"17":{"start":{"line":24,"column":0},"end":{"line":24,"column":100}},"18":{"start":{"line":25,"column":0},"end":{"line":25,"column":70}},"19":{"start":{"line":26,"column":0},"end":{"line":26,"column":67}},"20":{"start":{"line":27,"column":0},"end":{"line":27,"column":118}},"21":{"start":{"line":28,"column":0},"end":{"line":28,"column":64}},"22":{"start":{"line":29,"column":0},"end":{"line":29,"column":70}}},"branchMap":{"1":{"line":12,"type":"cond-expr","locations":[{"start":{"line":12,"column":70},"end":{"line":12,"column":73}},{"start":{"line":12,"column":76},"end":{"line":12,"column":92}}]},"2":{"line":12,"type":"binary-expr","locations":[{"start":{"line":12,"column":46},"end":{"line":12,"column":49}},{"start":{"line":12,"column":53},"end":{"line":12,"column":67}}]}},"code":["'use strict';","","Object.defineProperty(exports, \"__esModule\", {","  value: true","});","exports.use = exports.t = exports.setDefaultNamespace = exports.on = exports.off = exports.loadResources = exports.loadNamespaces = exports.loadLanguages = exports.init = exports.getFixedT = exports.exists = exports.dir = exports.createInstance = exports.cloneInstance = exports.changeLanguage = undefined;","","var _i18next = require('./i18next');","","var _i18next2 = _interopRequireDefault(_i18next);","","function _interopRequireDefault(obj) { return obj && obj.__esModule ? obj : { default: obj }; }","","exports.default = _i18next2.default;","var changeLanguage = exports.changeLanguage = _i18next2.default.changeLanguage.bind(_i18next2.default);","var cloneInstance = exports.cloneInstance = _i18next2.default.cloneInstance.bind(_i18next2.default);","var createInstance = exports.createInstance = _i18next2.default.createInstance.bind(_i18next2.default);","var dir = exports.dir = _i18next2.default.dir.bind(_i18next2.default);","var exists = exports.exists = _i18next2.default.exists.bind(_i18next2.default);","var getFixedT = exports.getFixedT = _i18next2.default.getFixedT.bind(_i18next2.default);","var init = exports.init = _i18next2.default.init.bind(_i18next2.default);","var loadLanguages = exports.loadLanguages = _i18next2.default.loadLanguages.bind(_i18next2.default);","var loadNamespaces = exports.loadNamespaces = _i18next2.default.loadNamespaces.bind(_i18next2.default);","var loadResources = exports.loadResources = _i18next2.default.loadResources.bind(_i18next2.default);","var off = exports.off = _i18next2.default.off.bind(_i18next2.default);","var on = exports.on = _i18next2.default.on.bind(_i18next2.default);","var setDefaultNamespace = exports.setDefaultNamespace = _i18next2.default.setDefaultNamespace.bind(_i18next2.default);","var t = exports.t = _i18next2.default.t.bind(_i18next2.default);","var use = exports.use = _i18next2.default.use.bind(_i18next2.default);"],"l":{"3":1,"6":1,"8":1,"10":1,"12":1,"14":1,"15":1,"16":1,"17":1,"18":1,"19":1,"20":1,"21":1,"22":1,"23":1,"24":1,"25":1,"26":1,"27":1,"28":1,"29":1}},"/home/travis/build/npmtest/node-npmtest-i18next/i18next/dist/commonjs/i18next.js":{"path":"/home/travis/build/npmtest/node-npmtest-i18next/i18next/dist/commonjs/i18next.js","s":{"1":1,"2":1,"3":0,"4":0,"5":0,"6":0,"7":0,"8":0,"9":1,"10":1,"11":1,"12":1,"13":1,"14":1,"15":1,"16":1,"17":1,"18":1,"19":1,"20":1,"21":1,"22":1,"23":1,"24":1,"25":1,"26":1,"27":1,"28":1,"29":1,"30":1,"31":1,"32":1,"33":1,"34":1,"35":0,"36":0,"37":0,"38":0,"39":0,"40":0,"41":0,"42":1,"43":10,"44":1,"45":0,"46":0,"47":0,"48":0,"49":0,"50":0,"51":0,"52":1,"53":1,"54":0,"55":1,"56":1,"57":0,"58":1,"59":1,"60":1,"61":0,"62":1,"63":1,"64":1,"65":1,"66":1,"67":1,"68":1,"69":1,"70":1,"71":1,"72":1,"73":1,"74":1,"75":1,"76":1,"77":1,"78":0,"79":0,"80":0,"81":0,"82":0,"83":1,"84":1,"85":0,"86":0,"87":0,"88":0,"89":0,"90":0,"91":0,"92":0,"93":0,"94":0,"95":0,"96":0,"97":0,"98":1,"99":0,"100":0,"101":0,"102":0,"103":0,"104":0,"105":0,"106":0,"107":0,"108":0,"109":0,"110":0,"111":0,"112":0,"113":0,"114":0,"115":0,"116":0,"117":0,"118":0,"119":0,"120":0,"121":0,"122":0,"123":0,"124":0,"125":0,"126":0,"127":0,"128":0,"129":0,"130":0,"131":0,"132":0,"133":0,"134":0,"135":0,"136":0,"137":0,"138":0,"139":0,"140":0,"141":0,"142":0,"143":0,"144":0,"145":0,"146":0,"147":0,"148":0,"149":0,"150":0,"151":0,"152":0,"153":0,"154":0,"155":0,"156":0,"157":1,"158":0,"159":0,"160":0,"161":0,"162":0,"163":0,"164":0,"165":0,"166":0,"167":0,"168":0,"169":0,"170":0,"171":0,"172":0,"173":0,"174":0,"175":0,"176":0,"177":0,"178":0,"179":0,"180":0,"181":0,"182":1,"183":0,"184":0,"185":0,"186":0,"187":0,"188":1,"189":0,"190":0,"191":0,"192":0,"193":0,"194":0,"195":0,"196":0,"197":0,"198":0,"199":0,"200":0,"201":0,"202":1,"203":0,"204":0,"205":0,"206":0,"207":0,"208":0,"209":0,"210":0,"211":0,"212":0,"213":0,"214":0,"215":0,"216":0,"217":0,"218":0,"219":0,"220":0,"221":0,"222":0,"223":1,"224":0,"225":0,"226":0,"227":0,"228":0,"229":0,"230":0,"231":0,"232":0,"233":0,"234":1,"235":0,"236":1,"237":0,"238":1,"239":0,"240":1,"241":0,"242":0,"243":0,"244":0,"245":0,"246":0,"247":0,"248":0,"249":0,"250":1,"251":0,"252":0,"253":0,"254":0,"255":0,"256":0,"257":0,"258":0,"259":0,"260":1,"261":0,"262":0,"263":0,"264":0,"265":0,"266":0,"267":1,"268":0,"269":0,"270":0,"271":1,"272":0,"273":0,"274":0,"275":0,"276":0,"277":0,"278":0,"279":0,"280":0,"281":0,"282":0,"283":0,"284":0,"285":0,"286":0,"287":1,"288":1},"b":{"1":[1,0],"2":[0,0],"3":[1,0],"4":[1,1],"5":[0,0],"6":[0,0],"7":[10,0],"8":[10,10],"9":[0,0],"10":[0,0,0],"11":[0,1],"12":[0,1],"13":[0,1],"14":[1,0,0],"15":[0,1],"16":[1,0],"17":[1,1],"18":[1,0],"19":[1,0],"20":[0,1],"21":[1,0],"22":[0,1],"23":[1,0,0],"24":[0,0],"25":[0,0],"26":[0,0],"27":[0,0],"28":[0,0],"29":[0,0],"30":[0,0],"31":[0,0],"32":[0,0],"33":[0,0],"34":[0,0],"35":[0,0],"36":[0,0],"37":[0,0],"38":[0,0],"39":[0,0],"40":[0,0],"41":[0,0],"42":[0,0],"43":[0,0],"44":[0,0],"45":[0,0],"46":[0,0],"47":[0,0],"48":[0,0],"49":[0,0],"50":[0,0],"51":[0,0],"52":[0,0],"53":[0,0,0,0],"54":[0,0],"55":[0,0],"56":[0,0],"57":[0,0],"58":[0,0],"59":[0,0],"60":[0,0],"61":[0,0],"62":[0,0],"63":[0,0],"64":[0,0],"65":[0,0],"66":[0,0],"67":[0,0],"68":[0,0],"69":[0,0],"70":[0,0],"71":[0,0],"72":[0,0],"73":[0,0],"74":[0,0],"75":[0,0],"76":[0,0],"77":[0,0],"78":[0,0],"79":[0,0],"80":[0,0],"81":[0,0],"82":[0,0],"83":[0,0],"84":[0,0]},"f":{"1":0,"2":1,"3":10,"4":0,"5":1,"6":1,"7":1,"8":0,"9":1,"10":1,"11":0,"12":0,"13":0,"14":0,"15":0,"16":0,"17":0,"18":0,"19":0,"20":0,"21":0,"22":0,"23":0,"24":0,"25":0,"26":0,"27":0,"28":0,"29":0,"30":0,"31":0,"32":0,"33":0,"34":0,"35":0,"36":0,"37":0,"38":0,"39":0,"40":0,"41":0,"42":0,"43":0,"44":0,"45":0,"46":0,"47":0,"48":0,"49":0},"fnMap":{"1":{"name":"(anonymous_1)","line":7,"loc":{"start":{"line":7,"column":32},"end":{"line":7,"column":50}}},"2":{"name":"_interopRequireWildcard","line":55,"loc":{"start":{"line":55,"column":0},"end":{"line":55,"column":38}}},"3":{"name":"_interopRequireDefault","line":57,"loc":{"start":{"line":57,"column":0},"end":{"line":57,"column":37}}},"4":{"name":"_defaults","line":59,"loc":{"start":{"line":59,"column":0},"end":{"line":59,"column":34}}},"5":{"name":"_classCallCheck","line":61,"loc":{"start":{"line":61,"column":0},"end":{"line":61,"column":48}}},"6":{"name":"_possibleConstructorReturn","line":63,"loc":{"start":{"line":63,"column":0},"end":{"line":63,"column":48}}},"7":{"name":"_inherits","line":65,"loc":{"start":{"line":65,"column":0},"end":{"line":65,"column":41}}},"8":{"name":"noop","line":67,"loc":{"start":{"line":67,"column":0},"end":{"line":67,"column":16}}},"9":{"name":"(anonymous_9)","line":69,"loc":{"start":{"line":69,"column":11},"end":{"line":69,"column":36}}},"10":{"name":"I18n","line":72,"loc":{"start":{"line":72,"column":2},"end":{"line":72,"column":18}}},"11":{"name":"(anonymous_11)","line":90,"loc":{"start":{"line":90,"column":17},"end":{"line":90,"column":29}}},"12":{"name":"init","line":97,"loc":{"start":{"line":97,"column":24},"end":{"line":97,"column":57}}},"13":{"name":"createClassOnDemand","line":115,"loc":{"start":{"line":115,"column":4},"end":{"line":115,"column":48}}},"14":{"name":"(anonymous_14)","line":135,"loc":{"start":{"line":135,"column":42},"end":{"line":135,"column":61}}},"15":{"name":"(anonymous_15)","line":144,"loc":{"start":{"line":144,"column":33},"end":{"line":144,"column":50}}},"16":{"name":"(anonymous_16)","line":152,"loc":{"start":{"line":152,"column":38},"end":{"line":152,"column":56}}},"17":{"name":"(anonymous_17)","line":158,"loc":{"start":{"line":158,"column":31},"end":{"line":158,"column":48}}},"18":{"name":"(anonymous_18)","line":173,"loc":{"start":{"line":173,"column":30},"end":{"line":173,"column":47}}},"19":{"name":"(anonymous_19)","line":181,"loc":{"start":{"line":181,"column":36},"end":{"line":181,"column":49}}},"20":{"name":"(anonymous_20)","line":188,"loc":{"start":{"line":188,"column":21},"end":{"line":188,"column":39}}},"21":{"name":"(anonymous_21)","line":189,"loc":{"start":{"line":189,"column":23},"end":{"line":189,"column":35}}},"22":{"name":"load","line":197,"loc":{"start":{"line":197,"column":15},"end":{"line":197,"column":31}}},"23":{"name":"(anonymous_23)","line":198,"loc":{"start":{"line":198,"column":48},"end":{"line":198,"column":66}}},"24":{"name":"loadResources","line":216,"loc":{"start":{"line":216,"column":33},"end":{"line":216,"column":58}}},"25":{"name":"append","line":226,"loc":{"start":{"line":226,"column":19},"end":{"line":226,"column":40}}},"26":{"name":"(anonymous_26)","line":229,"loc":{"start":{"line":229,"column":21},"end":{"line":229,"column":34}}},"27":{"name":"(anonymous_27)","line":237,"loc":{"start":{"line":237,"column":26},"end":{"line":237,"column":39}}},"28":{"name":"(anonymous_28)","line":245,"loc":{"start":{"line":245,"column":37},"end":{"line":245,"column":50}}},"29":{"name":"(anonymous_29)","line":250,"loc":{"start":{"line":250,"column":65},"end":{"line":250,"column":77}}},"30":{"name":"reloadResources","line":258,"loc":{"start":{"line":258,"column":35},"end":{"line":258,"column":70}}},"31":{"name":"use","line":264,"loc":{"start":{"line":264,"column":23},"end":{"line":264,"column":44}}},"32":{"name":"changeLanguage","line":292,"loc":{"start":{"line":292,"column":34},"end":{"line":292,"column":73}}},"33":{"name":"done","line":295,"loc":{"start":{"line":295,"column":15},"end":{"line":295,"column":34}}},"34":{"name":"(anonymous_34)","line":301,"loc":{"start":{"line":301,"column":34},"end":{"line":301,"column":46}}},"35":{"name":"(anonymous_35)","line":321,"loc":{"start":{"line":321,"column":23},"end":{"line":321,"column":38}}},"36":{"name":"getFixedT","line":326,"loc":{"start":{"line":326,"column":29},"end":{"line":326,"column":57}}},"37":{"name":"fixedT","line":329,"loc":{"start":{"line":329,"column":17},"end":{"line":329,"column":38}}},"38":{"name":"t","line":342,"loc":{"start":{"line":342,"column":21},"end":{"line":342,"column":34}}},"39":{"name":"exists","line":346,"loc":{"start":{"line":346,"column":26},"end":{"line":346,"column":44}}},"40":{"name":"setDefaultNamespace","line":350,"loc":{"start":{"line":350,"column":39},"end":{"line":350,"column":72}}},"41":{"name":"loadNamespaces","line":354,"loc":{"start":{"line":354,"column":34},"end":{"line":354,"column":72}}},"42":{"name":"(anonymous_42)","line":360,"loc":{"start":{"line":360,"column":15},"end":{"line":360,"column":28}}},"43":{"name":"loadLanguages","line":367,"loc":{"start":{"line":367,"column":33},"end":{"line":367,"column":72}}},"44":{"name":"(anonymous_44)","line":371,"loc":{"start":{"line":371,"column":30},"end":{"line":371,"column":45}}},"45":{"name":"dir","line":381,"loc":{"start":{"line":381,"column":23},"end":{"line":381,"column":41}}},"46":{"name":"createInstance","line":390,"loc":{"start":{"line":390,"column":34},"end":{"line":390,"column":60}}},"47":{"name":"cloneInstance","line":397,"loc":{"start":{"line":397,"column":33},"end":{"line":397,"column":58}}},"48":{"name":"(anonymous_48)","line":406,"loc":{"start":{"line":406,"column":26},"end":{"line":406,"column":39}}},"49":{"name":"(anonymous_49)","line":410,"loc":{"start":{"line":410,"column":29},"end":{"line":410,"column":46}}}},"statementMap":{"1":{"start":{"line":3,"column":0},"end":{"line":5,"column":3}},"2":{"start":{"line":7,"column":0},"end":{"line":7,"column":257}},"3":{"start":{"line":7,"column":52},"end":{"line":7,"column":239}},"4":{"start":{"line":7,"column":97},"end":{"line":7,"column":123}},"5":{"start":{"line":7,"column":124},"end":{"line":7,"column":237}},"6":{"start":{"line":7,"column":150},"end":{"line":7,"column":235}},"7":{"start":{"line":7,"column":207},"end":{"line":7,"column":233}},"8":{"start":{"line":7,"column":240},"end":{"line":7,"column":254}},"9":{"start":{"line":9,"column":0},"end":{"line":9,"column":34}},"10":{"start":{"line":11,"column":0},"end":{"line":11,"column":47}},"11":{"start":{"line":13,"column":0},"end":{"line":13,"column":47}},"12":{"start":{"line":15,"column":0},"end":{"line":15,"column":60}},"13":{"start":{"line":17,"column":0},"end":{"line":17,"column":48}},"14":{"start":{"line":19,"column":0},"end":{"line":19,"column":61}},"15":{"start":{"line":21,"column":0},"end":{"line":21,"column":42}},"16":{"start":{"line":23,"column":0},"end":{"line":23,"column":55}},"17":{"start":{"line":25,"column":0},"end":{"line":25,"column":48}},"18":{"start":{"line":27,"column":0},"end":{"line":27,"column":61}},"19":{"start":{"line":29,"column":0},"end":{"line":29,"column":50}},"20":{"start":{"line":31,"column":0},"end":{"line":31,"column":63}},"21":{"start":{"line":33,"column":0},"end":{"line":33,"column":46}},"22":{"start":{"line":35,"column":0},"end":{"line":35,"column":59}},"23":{"start":{"line":37,"column":0},"end":{"line":37,"column":54}},"24":{"start":{"line":39,"column":0},"end":{"line":39,"column":67}},"25":{"start":{"line":41,"column":0},"end":{"line":41,"column":50}},"26":{"start":{"line":43,"column":0},"end":{"line":43,"column":63}},"27":{"start":{"line":45,"column":0},"end":{"line":45,"column":39}},"28":{"start":{"line":47,"column":0},"end":{"line":47,"column":48}},"29":{"start":{"line":49,"column":0},"end":{"line":49,"column":61}},"30":{"start":{"line":51,"column":0},"end":{"line":51,"column":39}},"31":{"start":{"line":53,"column":0},"end":{"line":53,"column":41}},"32":{"start":{"line":55,"column":0},"end":{"line":55,"column":269}},"33":{"start":{"line":55,"column":40},"end":{"line":55,"column":267}},"34":{"start":{"line":55,"column":69},"end":{"line":55,"column":80}},"35":{"start":{"line":55,"column":90},"end":{"line":55,"column":106}},"36":{"start":{"line":55,"column":107},"end":{"line":55,"column":228}},"37":{"start":{"line":55,"column":126},"end":{"line":55,"column":226}},"38":{"start":{"line":55,"column":149},"end":{"line":55,"column":224}},"39":{"start":{"line":55,"column":201},"end":{"line":55,"column":224}},"40":{"start":{"line":55,"column":229},"end":{"line":55,"column":250}},"41":{"start":{"line":55,"column":251},"end":{"line":55,"column":265}},"42":{"start":{"line":57,"column":0},"end":{"line":57,"column":95}},"43":{"start":{"line":57,"column":39},"end":{"line":57,"column":93}},"44":{"start":{"line":59,"column":0},"end":{"line":59,"column":322}},"45":{"start":{"line":59,"column":36},"end":{"line":59,"column":84}},"46":{"start":{"line":59,"column":85},"end":{"line":59,"column":308}},"47":{"start":{"line":59,"column":125},"end":{"line":59,"column":143}},"48":{"start":{"line":59,"column":144},"end":{"line":59,"column":203}},"49":{"start":{"line":59,"column":204},"end":{"line":59,"column":306}},"50":{"start":{"line":59,"column":265},"end":{"line":59,"column":304}},"51":{"start":{"line":59,"column":309},"end":{"line":59,"column":320}},"52":{"start":{"line":61,"column":0},"end":{"line":61,"column":153}},"53":{"start":{"line":61,"column":50},"end":{"line":61,"column":151}},"54":{"start":{"line":61,"column":92},"end":{"line":61,"column":149}},"55":{"start":{"line":63,"column":0},"end":{"line":63,"column":240}},"56":{"start":{"line":63,"column":50},"end":{"line":63,"column":151}},"57":{"start":{"line":63,"column":63},"end":{"line":63,"column":149}},"58":{"start":{"line":63,"column":152},"end":{"line":63,"column":238}},"59":{"start":{"line":65,"column":0},"end":{"line":65,"column":494}},"60":{"start":{"line":65,"column":43},"end":{"line":65,"column":208}},"61":{"start":{"line":65,"column":106},"end":{"line":65,"column":206}},"62":{"start":{"line":65,"column":209},"end":{"line":65,"column":373}},"63":{"start":{"line":65,"column":374},"end":{"line":65,"column":492}},"64":{"start":{"line":65,"column":390},"end":{"line":65,"column":492}},"65":{"start":{"line":67,"column":0},"end":{"line":67,"column":18}},"66":{"start":{"line":69,"column":0},"end":{"line":423,"column":26}},"67":{"start":{"line":70,"column":2},"end":{"line":70,"column":33}},"68":{"start":{"line":72,"column":2},"end":{"line":95,"column":3}},"69":{"start":{"line":73,"column":4},"end":{"line":73,"column":89}},"70":{"start":{"line":74,"column":4},"end":{"line":74,"column":32}},"71":{"start":{"line":76,"column":4},"end":{"line":76,"column":32}},"72":{"start":{"line":78,"column":4},"end":{"line":78,"column":75}},"73":{"start":{"line":80,"column":4},"end":{"line":80,"column":62}},"74":{"start":{"line":81,"column":4},"end":{"line":81,"column":24}},"75":{"start":{"line":82,"column":4},"end":{"line":82,"column":36}},"76":{"start":{"line":83,"column":4},"end":{"line":83,"column":37}},"77":{"start":{"line":85,"column":4},"end":{"line":93,"column":5}},"78":{"start":{"line":86,"column":6},"end":{"line":86,"column":15}},"79":{"start":{"line":89,"column":6},"end":{"line":89,"column":125}},"80":{"start":{"line":89,"column":40},"end":{"line":89,"column":125}},"81":{"start":{"line":90,"column":6},"end":{"line":92,"column":12}},"82":{"start":{"line":91,"column":8},"end":{"line":91,"column":38}},"83":{"start":{"line":94,"column":4},"end":{"line":94,"column":17}},"84":{"start":{"line":97,"column":2},"end":{"line":214,"column":4}},"85":{"start":{"line":98,"column":4},"end":{"line":98,"column":22}},"86":{"start":{"line":100,"column":4},"end":{"line":103,"column":5}},"87":{"start":{"line":101,"column":6},"end":{"line":101,"column":25}},"88":{"start":{"line":102,"column":6},"end":{"line":102,"column":19}},"89":{"start":{"line":104,"column":4},"end":{"line":104,"column":31}},"90":{"start":{"line":104,"column":18},"end":{"line":104,"column":31}},"91":{"start":{"line":106,"column":4},"end":{"line":112,"column":5}},"92":{"start":{"line":107,"column":6},"end":{"line":107,"column":130}},"93":{"start":{"line":108,"column":11},"end":{"line":112,"column":5}},"94":{"start":{"line":109,"column":6},"end":{"line":109,"column":131}},"95":{"start":{"line":111,"column":6},"end":{"line":111,"column":114}},"96":{"start":{"line":113,"column":4},"end":{"line":113,"column":35}},"97":{"start":{"line":113,"column":19},"end":{"line":113,"column":35}},"98":{"start":{"line":115,"column":4},"end":{"line":119,"column":5}},"99":{"start":{"line":116,"column":6},"end":{"line":116,"column":33}},"100":{"start":{"line":116,"column":26},"end":{"line":116,"column":33}},"101":{"start":{"line":117,"column":6},"end":{"line":117,"column":74}},"102":{"start":{"line":117,"column":47},"end":{"line":117,"column":74}},"103":{"start":{"line":118,"column":6},"end":{"line":118,"column":27}},"104":{"start":{"line":122,"column":4},"end":{"line":184,"column":5}},"105":{"start":{"line":123,"column":6},"end":{"line":127,"column":7}},"106":{"start":{"line":124,"column":8},"end":{"line":124,"column":86}},"107":{"start":{"line":126,"column":8},"end":{"line":126,"column":50}},"108":{"start":{"line":129,"column":6},"end":{"line":129,"column":57}},"109":{"start":{"line":130,"column":6},"end":{"line":130,"column":85}},"110":{"start":{"line":132,"column":6},"end":{"line":132,"column":28}},"111":{"start":{"line":133,"column":6},"end":{"line":133,"column":34}},"112":{"start":{"line":134,"column":6},"end":{"line":134,"column":35}},"113":{"start":{"line":135,"column":6},"end":{"line":137,"column":9}},"114":{"start":{"line":136,"column":8},"end":{"line":136,"column":32}},"115":{"start":{"line":138,"column":6},"end":{"line":138,"column":27}},"116":{"start":{"line":139,"column":6},"end":{"line":139,"column":209}},"117":{"start":{"line":140,"column":6},"end":{"line":140,"column":64}},"118":{"start":{"line":142,"column":6},"end":{"line":142,"column":135}},"119":{"start":{"line":144,"column":6},"end":{"line":150,"column":9}},"120":{"start":{"line":145,"column":8},"end":{"line":147,"column":9}},"121":{"start":{"line":146,"column":10},"end":{"line":146,"column":43}},"122":{"start":{"line":149,"column":8},"end":{"line":149,"column":56}},"123":{"start":{"line":152,"column":6},"end":{"line":154,"column":9}},"124":{"start":{"line":153,"column":8},"end":{"line":153,"column":32}},"125":{"start":{"line":156,"column":6},"end":{"line":156,"column":129}},"126":{"start":{"line":158,"column":6},"end":{"line":164,"column":9}},"127":{"start":{"line":159,"column":8},"end":{"line":161,"column":9}},"128":{"start":{"line":160,"column":10},"end":{"line":160,"column":45}},"129":{"start":{"line":163,"column":8},"end":{"line":163,"column":56}},"130":{"start":{"line":166,"column":6},"end":{"line":169,"column":7}},"131":{"start":{"line":167,"column":8},"end":{"line":167,"column":80}},"132":{"start":{"line":168,"column":8},"end":{"line":168,"column":73}},"133":{"start":{"line":171,"column":6},"end":{"line":171,"column":78}},"134":{"start":{"line":173,"column":6},"end":{"line":179,"column":9}},"135":{"start":{"line":174,"column":8},"end":{"line":176,"column":9}},"136":{"start":{"line":175,"column":10},"end":{"line":175,"column":45}},"137":{"start":{"line":178,"column":8},"end":{"line":178,"column":56}},"138":{"start":{"line":181,"column":6},"end":{"line":183,"column":9}},"139":{"start":{"line":182,"column":8},"end":{"line":182,"column":35}},"140":{"start":{"line":182,"column":20},"end":{"line":182,"column":35}},"141":{"start":{"line":187,"column":4},"end":{"line":187,"column":153}},"142":{"start":{"line":188,"column":4},"end":{"line":192,"column":7}},"143":{"start":{"line":189,"column":6},"end":{"line":191,"column":8}},"144":{"start":{"line":190,"column":8},"end":{"line":190,"column":63}},"145":{"start":{"line":195,"column":4},"end":{"line":195,"column":80}},"146":{"start":{"line":195,"column":48},"end":{"line":195,"column":80}},"147":{"start":{"line":197,"column":4},"end":{"line":205,"column":6}},"148":{"start":{"line":198,"column":6},"end":{"line":204,"column":9}},"149":{"start":{"line":199,"column":8},"end":{"line":199,"column":36}},"150":{"start":{"line":200,"column":8},"end":{"line":200,"column":57}},"151":{"start":{"line":201,"column":8},"end":{"line":201,"column":51}},"152":{"start":{"line":203,"column":8},"end":{"line":203,"column":25}},"153":{"start":{"line":207,"column":4},"end":{"line":211,"column":5}},"154":{"start":{"line":208,"column":6},"end":{"line":208,"column":13}},"155":{"start":{"line":210,"column":6},"end":{"line":210,"column":26}},"156":{"start":{"line":213,"column":4},"end":{"line":213,"column":16}},"157":{"start":{"line":216,"column":2},"end":{"line":256,"column":4}},"158":{"start":{"line":217,"column":4},"end":{"line":217,"column":22}},"159":{"start":{"line":219,"column":4},"end":{"line":219,"column":92}},"160":{"start":{"line":221,"column":4},"end":{"line":255,"column":5}},"161":{"start":{"line":222,"column":6},"end":{"line":222,"column":87}},"162":{"start":{"line":222,"column":69},"end":{"line":222,"column":87}},"163":{"start":{"line":224,"column":6},"end":{"line":224,"column":22}},"164":{"start":{"line":226,"column":6},"end":{"line":232,"column":8}},"165":{"start":{"line":227,"column":8},"end":{"line":227,"column":25}},"166":{"start":{"line":227,"column":18},"end":{"line":227,"column":25}},"167":{"start":{"line":228,"column":8},"end":{"line":228,"column":73}},"168":{"start":{"line":229,"column":8},"end":{"line":231,"column":11}},"169":{"start":{"line":230,"column":10},"end":{"line":230,"column":52}},"170":{"start":{"line":230,"column":37},"end":{"line":230,"column":52}},"171":{"start":{"line":234,"column":6},"end":{"line":242,"column":7}},"172":{"start":{"line":236,"column":8},"end":{"line":236,"column":95}},"173":{"start":{"line":237,"column":8},"end":{"line":239,"column":11}},"174":{"start":{"line":238,"column":10},"end":{"line":238,"column":27}},"175":{"start":{"line":241,"column":8},"end":{"line":241,"column":30}},"176":{"start":{"line":244,"column":6},"end":{"line":248,"column":7}},"177":{"start":{"line":245,"column":8},"end":{"line":247,"column":11}},"178":{"start":{"line":246,"column":10},"end":{"line":246,"column":27}},"179":{"start":{"line":250,"column":6},"end":{"line":252,"column":9}},"180":{"start":{"line":251,"column":8},"end":{"line":251,"column":83}},"181":{"start":{"line":254,"column":6},"end":{"line":254,"column":21}},"182":{"start":{"line":258,"column":2},"end":{"line":262,"column":4}},"183":{"start":{"line":259,"column":4},"end":{"line":259,"column":37}},"184":{"start":{"line":259,"column":15},"end":{"line":259,"column":37}},"185":{"start":{"line":260,"column":4},"end":{"line":260,"column":34}},"186":{"start":{"line":260,"column":13},"end":{"line":260,"column":34}},"187":{"start":{"line":261,"column":4},"end":{"line":261,"column":52}},"188":{"start":{"line":264,"column":2},"end":{"line":290,"column":4}},"189":{"start":{"line":265,"column":4},"end":{"line":267,"column":5}},"190":{"start":{"line":266,"column":6},"end":{"line":266,"column":36}},"191":{"start":{"line":269,"column":4},"end":{"line":271,"column":5}},"192":{"start":{"line":270,"column":6},"end":{"line":270,"column":34}},"193":{"start":{"line":273,"column":4},"end":{"line":275,"column":5}},"194":{"start":{"line":274,"column":6},"end":{"line":274,"column":35}},"195":{"start":{"line":277,"column":4},"end":{"line":279,"column":5}},"196":{"start":{"line":278,"column":6},"end":{"line":278,"column":45}},"197":{"start":{"line":281,"column":4},"end":{"line":283,"column":5}},"198":{"start":{"line":282,"column":6},"end":{"line":282,"column":55}},"199":{"start":{"line":285,"column":4},"end":{"line":287,"column":5}},"200":{"start":{"line":286,"column":6},"end":{"line":286,"column":41}},"201":{"start":{"line":289,"column":4},"end":{"line":289,"column":16}},"202":{"start":{"line":292,"column":2},"end":{"line":324,"column":4}},"203":{"start":{"line":293,"column":4},"end":{"line":293,"column":22}},"204":{"start":{"line":295,"column":4},"end":{"line":308,"column":6}},"205":{"start":{"line":296,"column":6},"end":{"line":299,"column":7}},"206":{"start":{"line":297,"column":8},"end":{"line":297,"column":44}},"207":{"start":{"line":298,"column":8},"end":{"line":298,"column":50}},"208":{"start":{"line":301,"column":6},"end":{"line":307,"column":9}},"209":{"start":{"line":301,"column":20},"end":{"line":307,"column":9}},"210":{"start":{"line":302,"column":8},"end":{"line":304,"column":9}},"211":{"start":{"line":303,"column":10},"end":{"line":303,"column":41}},"212":{"start":{"line":306,"column":8},"end":{"line":306,"column":44}},"213":{"start":{"line":310,"column":4},"end":{"line":310,"column":94}},"214":{"start":{"line":310,"column":48},"end":{"line":310,"column":94}},"215":{"start":{"line":312,"column":4},"end":{"line":319,"column":5}},"216":{"start":{"line":313,"column":6},"end":{"line":313,"column":26}},"217":{"start":{"line":314,"column":6},"end":{"line":314,"column":75}},"218":{"start":{"line":316,"column":6},"end":{"line":316,"column":42}},"219":{"start":{"line":318,"column":6},"end":{"line":318,"column":96}},"220":{"start":{"line":318,"column":42},"end":{"line":318,"column":96}},"221":{"start":{"line":321,"column":4},"end":{"line":323,"column":7}},"222":{"start":{"line":322,"column":6},"end":{"line":322,"column":16}},"223":{"start":{"line":326,"column":2},"end":{"line":340,"column":4}},"224":{"start":{"line":327,"column":4},"end":{"line":327,"column":22}},"225":{"start":{"line":329,"column":4},"end":{"line":336,"column":6}},"226":{"start":{"line":330,"column":6},"end":{"line":330,"column":88}},"227":{"start":{"line":332,"column":6},"end":{"line":332,"column":39}},"228":{"start":{"line":333,"column":6},"end":{"line":333,"column":46}},"229":{"start":{"line":334,"column":6},"end":{"line":334,"column":43}},"230":{"start":{"line":335,"column":6},"end":{"line":335,"column":36}},"231":{"start":{"line":337,"column":4},"end":{"line":337,"column":21}},"232":{"start":{"line":338,"column":4},"end":{"line":338,"column":19}},"233":{"start":{"line":339,"column":4},"end":{"line":339,"column":18}},"234":{"start":{"line":342,"column":2},"end":{"line":344,"column":4}},"235":{"start":{"line":343,"column":4},"end":{"line":343,"column":90}},"236":{"start":{"line":346,"column":2},"end":{"line":348,"column":4}},"237":{"start":{"line":347,"column":4},"end":{"line":347,"column":87}},"238":{"start":{"line":350,"column":2},"end":{"line":352,"column":4}},"239":{"start":{"line":351,"column":4},"end":{"line":351,"column":32}},"240":{"start":{"line":354,"column":2},"end":{"line":365,"column":4}},"241":{"start":{"line":355,"column":4},"end":
[...]
{"start":{"line":31,"column":374},"end":{"line":31,"column":492}},"47":{"start":{"line":31,"column":390},"end":{"line":31,"column":492}},"48":{"start":{"line":33,"column":0},"end":{"line":86,"column":26}},"49":{"start":{"line":34,"column":2},"end":{"line":34,"column":38}},"50":{"start":{"line":36,"column":2},"end":{"line":51,"column":3}},"51":{"start":{"line":37,"column":4},"end":{"line":37,"column":89}},"52":{"start":{"line":39,"column":4},"end":{"line":39,"column":37}},"53":{"start":{"line":41,"column":4},"end":{"line":41,"column":75}},"54":{"start":{"line":43,"column":4},"end":{"line":43,"column":24}},"55":{"start":{"line":44,"column":4},"end":{"line":44,"column":24}},"56":{"start":{"line":45,"column":4},"end":{"line":45,"column":30}},"57":{"start":{"line":46,"column":4},"end":{"line":46,"column":28}},"58":{"start":{"line":47,"column":4},"end":{"line":47,"column":61}},"59":{"start":{"line":49,"column":4},"end":{"line":49,"column":90}},"60":{"start":{"line":50,"column":4},"end":{"line":50,"column":17}},"61":{"start":{"line":53,"column":2},"end":{"line":79,"column":4}},"62":{"start":{"line":54,"column":4},"end":{"line":54,"column":22}},"63":{"start":{"line":56,"column":4},"end":{"line":56,"column":51}},"64":{"start":{"line":56,"column":21},"end":{"line":56,"column":51}},"65":{"start":{"line":57,"column":4},"end":{"line":57,"column":71}},"66":{"start":{"line":59,"column":4},"end":{"line":59,"column":109}},"67":{"start":{"line":59,"column":39},"end":{"line":59,"column":109}},"68":{"start":{"line":60,"column":4},"end":{"line":60,"column":66}},"69":{"start":{"line":60,"column":40},"end":{"line":60,"column":66}},"70":{"start":{"line":62,"column":4},"end":{"line":78,"column":5}},"71":{"start":{"line":63,"column":6},"end":{"line":75,"column":9}},"72":{"start":{"line":64,"column":8},"end":{"line":64,"column":110}},"73":{"start":{"line":64,"column":17},"end":{"line":64,"column":110}},"74":{"start":{"line":65,"column":8},"end":{"line":73,"column":9}},"75":{"start":{"line":66,"column":10},"end":{"line":72,"column":11}},"76":{"start":{"line":67,"column":12},"end":{"line":71,"column":13}},"77":{"start":{"line":68,"column":14},"end":{"line":68,"column":46}},"78":{"start":{"line":68,"column":37},"end":{"line":68,"column":46}},"79":{"start":{"line":69,"column":14},"end":{"line":69,"column":38}},"80":{"start":{"line":70,"column":14},"end":{"line":70,"column":71}},"81":{"start":{"line":70,"column":26},"end":{"line":70,"column":71}},"82":{"start":{"line":74,"column":8},"end":{"line":74,"column":33}},"83":{"start":{"line":74,"column":22},"end":{"line":74,"column":33}},"84":{"start":{"line":77,"column":6},"end":{"line":77,"column":31}},"85":{"start":{"line":77,"column":20},"end":{"line":77,"column":31}},"86":{"start":{"line":81,"column":2},"end":{"line":83,"column":4}},"87":{"start":{"line":82,"column":4},"end":{"line":82,"column":105}},"88":{"start":{"line":82,"column":72},"end":{"line":82,"column":105}},"89":{"start":{"line":85,"column":2},"end":{"line":85,"column":19}},"90":{"start":{"line":88,"column":0},"end":{"line":88,"column":28}}},"branchMap":{"1":{"line":7,"type":"binary-expr","locations":[{"start":{"line":7,"column":15},"end":{"line":7,"column":28}},{"start":{"line":7,"column":32},"end":{"line":7,"column":256}}]},"2":{"line":7,"type":"if","locations":[{"start":{"line":7,"column":150},"end":{"line":7,"column":150}},{"start":{"line":7,"column":150},"end":{"line":7,"column":150}}]},"3":{"line":21,"type":"cond-expr","locations":[{"start":{"line":21,"column":70},"end":{"line":21,"column":73}},{"start":{"line":21,"column":76},"end":{"line":21,"column":92}}]},"4":{"line":21,"type":"binary-expr","locations":[{"start":{"line":21,"column":46},"end":{"line":21,"column":49}},{"start":{"line":21,"column":53},"end":{"line":21,"column":67}}]},"5":{"line":23,"type":"if","locations":[{"start":{"line":23,"column":40},"end":{"line":23,"column":40}},{"start":{"line":23,"column":40},"end":{"line":23,"column":40}}]},"6":{"line":23,"type":"binary-expr","locations":[{"start":{"line":23,"column":44},"end":{"line":23,"column":47}},{"start":{"line":23,"column":51},"end":{"line":23,"column":65}}]},"7":{"line":23,"type":"if","locations":[{"start":{"line":23,"column":107},"end":{"line":23,"column":107}},{"start":{"line":23,"column":107},"end":{"line":23,"column":107}}]},"8":{"line":23,"type":"if","locations":[{"start":{"line":23,"column":149},"end":{"line":23,"column":149}},{"start":{"line":23,"column":149},"end":{"line":23,"column":149}}]},"9":{"line":25,"type":"if","locations":[{"start":{"line":25,"column":204},"end":{"line":25,"column":204}},{"start":{"line":25,"column":204},"end":{"line":25,"column":204}}]},"10":{"line":25,"type":"binary-expr","locations":[{"start":{"line":25,"column":208},"end":{"line":25,"column":213}},{"start":{"line":25,"column":217},"end":{"line":25,"column":235}},{"start":{"line":25,"column":239},"end":{"line":25,"column":261}}]},"11":{"line":27,"type":"if","locations":[{"start":{"line":27,"column":50},"end":{"line":27,"column":50}},{"start":{"line":27,"column":50},"end":{"line":27,"column":50}}]},"12":{"line":29,"type":"if","locations":[{"start":{"line":29,"column":50},"end":{"line":29,"column":50}},{"start":{"line":29,"column":50},"end":{"line":29,"column":50}}]},"13":{"line":29,"type":"cond-expr","locations":[{"start":{"line":29,"column":226},"end":{"line":29,"column":230}},{"start":{"line":29,"column":233},"end":{"line":29,"column":237}}]},"14":{"line":29,"type":"binary-expr","locations":[{"start":{"line":29,"column":159},"end":{"line":29,"column":163}},{"start":{"line":29,"column":168},"end":{"line":29,"column":192}},{"start":{"line":29,"column":196},"end":{"line":29,"column":222}}]},"15":{"line":31,"type":"if","locations":[{"start":{"line":31,"column":43},"end":{"line":31,"column":43}},{"start":{"line":31,"column":43},"end":{"line":31,"column":43}}]},"16":{"line":31,"type":"binary-expr","locations":[{"start":{"line":31,"column":47},"end":{"line":31,"column":79}},{"start":{"line":31,"column":83},"end":{"line":31,"column":102}}]},"17":{"line":31,"type":"binary-expr","locations":[{"start":{"line":31,"column":244},"end":{"line":31,"column":254}},{"start":{"line":31,"column":258},"end":{"line":31,"column":278}}]},"18":{"line":31,"type":"if","locations":[{"start":{"line":31,"column":374},"end":{"line":31,"column":374}},{"start":{"line":31,"column":374},"end":{"line":31,"column":374}}]},"19":{"line":31,"type":"cond-expr","locations":[{"start":{"line":31,"column":414},"end":{"line":31,"column":457}},{"start":{"line":31,"column":460},"end":{"line":31,"column":491}}]},"20":{"line":37,"type":"cond-expr","locations":[{"start":{"line":37,"column":71},"end":{"line":37,"column":83}},{"start":{"line":37,"column":86},"end":{"line":37,"column":88}}]},"21":{"line":37,"type":"binary-expr","locations":[{"start":{"line":37,"column":18},"end":{"line":37,"column":38}},{"start":{"line":37,"column":42},"end":{"line":37,"column":68}}]},"22":{"line":49,"type":"binary-expr","locations":[{"start":{"line":49,"column":4},"end":{"line":49,"column":15}},{"start":{"line":49,"column":19},"end":{"line":49,"column":35}},{"start":{"line":49,"column":39},"end":{"line":49,"column":89}}]},"23":{"line":56,"type":"if","locations":[{"start":{"line":56,"column":4},"end":{"line":56,"column":4}},{"start":{"line":56,"column":4},"end":{"line":56,"column":4}}]},"24":{"line":56,"type":"binary-expr","locations":[{"start":{"line":56,"column":28},"end":{"line":56,"column":36}},{"start":{"line":56,"column":40},"end":{"line":56,"column":50}}]},"25":{"line":59,"type":"if","locations":[{"start":{"line":59,"column":4},"end":{"line":59,"column":4}},{"start":{"line":59,"column":4},"end":{"line":59,"column":4}}]},"26":{"line":60,"type":"if","locations":[{"start":{"line":60,"column":4},"end":{"line":60,"column":4}},{"start":{"line":60,"column":4},"end":{"line":60,"column":4}}]},"27":{"line":62,"type":"if","locations":[{"start":{"line":62,"column":4},"end":{"line":62,"column":4}},{"start":{"line":62,"column":4},"end":{"line":62,"column":4}}]},"28":{"line":64,"type":"if","locations":[{"start":{"line":64,"column":8},"end":{"line":64,"column":8}},{"start":{"line":64,"column":8},"end":{"line":64,"column":8}}]},"29":{"line":65,"type":"if","locations":[{"start":{"line":65,"column":8},"end":{"line":65,"column":8}},{"start":{"line":65,"column":8},"end":{"line":65,"column":8}}]},"30":{"line":68,"type":"if","locations":[{"start":{"line":68,"column":14},"end":{"line":68,"column":14}},{"start":{"line":68,"column":14},"end":{"line":68,"column":14}}]},"31":{"line":70,"type":"if","locations":[{"start":{"line":70,"column":14},"end":{"line":70,"column":14}},{"start":{"line":70,"column":14},"end":{"line":70,"column":14}}]},"32":{"line":74,"type":"if","locations":[{"start":{"line":74,"column":8},"end":{"line":74,"column":8}},{"start":{"line":74,"column":8},"end":{"line":74,"column":8}}]},"33":{"line":77,"type":"if","locations":[{"start":{"line":77,"column":6},"end":{"line":77,"column":6}},{"start":{"line":77,"column":6},"end":{"line":77,"column":6}}]},"34":{"line":82,"type":"if","locations":[{"start":{"line":82,"column":4},"end":{"line":82,"column":4}},{"start":{"line":82,"column":4},"end":{"line":82,"column":4}}]},"35":{"line":82,"type":"binary-expr","locations":[{"start":{"line":82,"column":8},"end":{"line":82,"column":18}},{"start":{"line":82,"column":22},"end":{"line":82,"column":40}},{"start":{"line":82,"column":44},"end":{"line":82,"column":70}}]}},"code":["'use strict';","","Object.defineProperty(exports, \"__esModule\", {","  value: true","});","","var _extends = Object.assign || function (target) { for (var i = 1; i < arguments.length; i++) { var source = arguments[i]; for (var key in source) { if (Object.prototype.hasOwnProperty.call(source, key)) { target[key] = source[key]; } } } return target; };","","var _utils = require('./utils');","","var utils = _interopRequireWildcard(_utils);","","var _logger = require('./logger');","","var _logger2 = _interopRequireDefault(_logger);","","var _EventEmitter2 = require('./EventEmitter');","","var _EventEmitter3 = _interopRequireDefault(_EventEmitter2);","","function _interopRequireDefault(obj) { return obj && obj.__esModule ? obj : { default: obj }; }","","function _interopRequireWildcard(obj) { if (obj && obj.__esModule) { return obj; } else { var newObj = {}; if (obj != null) { for (var key in obj) { if (Object.prototype.hasOwnProperty.call(obj, key)) newObj[key] = obj[key]; } } newObj.default = obj; return newObj; } }","","function _defaults(obj, defaults) { var keys = Object.getOwnPropertyNames(defaults); for (var i = 0; i < keys.length; i++) { var key = keys[i]; var value = Object.getOwnPropertyDescriptor(defaults, key); if (value && value.configurable && obj[key] === undefined) { Object.defineProperty(obj, key, value); } } return obj; }","","function _classCallCheck(instance, Constructor) { if (!(instance instanceof Constructor)) { throw new TypeError(\"Cannot call a class as a function\"); } }","","function _possibleConstructorReturn(self, call) { if (!self) { throw new ReferenceError(\"this hasn't been initialised - super() hasn't been called\"); } return call && (typeof call === \"object\" || typeof call === \"function\") ? call : self; }","","function _inherits(subClass, superClass) { if (typeof superClass !== \"function\" && superClass !== null) { throw new TypeError(\"Super expression must either be null or a function, not \" + typeof superClass); } subClass.prototype = Object.create(superClass && superClass.prototype, { constructor: { value: subClass, enumerable: false, writable: true, configurable: true } }); if (superClass) Object.setPrototypeOf ? Object.setPrototypeOf(subClass, superClass) : _defaults(subClass, superClass); }","","var Connector = function (_EventEmitter) {","  _inherits(Connector, _EventEmitter);","","  function Connector(cache, store, services) {","    var options = arguments.length > 3 && arguments[3] !== undefined ? arguments[3] : {};","","    _classCallCheck(this, Connector);","","    var _this = _possibleConstructorReturn(this, _EventEmitter.call(this));","","    _this.cache = cache;","    _this.store = store;","    _this.services = services;","    _this.options = options;","    _this.logger = _logger2.default.create('cacheConnector');","","    _this.cache && _this.cache.init && _this.cache.init(services, options.cache, options);","    return _this;","  }","","  Connector.prototype.load = function load(languages, namespaces, callback) {","    var _this2 = this;","","    if (!this.cache) return callback && callback();","    var options = _extends({}, this.cache.options, this.options.cache);","","    if (typeof languages === 'string') languages = this.services.languageUtils.toResolveHierarchy(languages);","    if (typeof namespaces === 'string') namespaces = [namespaces];","","    if (options.enabled) {","      this.cache.load(languages, function (err, data) {","        if (err) _this2.logger.error('loading languages ' + languages.join(', ') + ' from cache failed', err);","        if (data) {","          for (var l in data) {","            for (var n in data[l]) {","              if (n === 'i18nStamp') continue;","              var bundle = data[l][n];","              if (bundle) _this2.store.addResourceBundle(l, n, bundle);","            }","          }","        }","        if (callback) callback();","      });","    } else {","      if (callback) callback();","    }","  };","","  Connector.prototype.save = function save() {","    if (this.cache && this.options.cache && this.options.cache.enabled) this.cache.save(this.store.data);","  };","","  return Connector;","}(_EventEmitter3.default);","","exports.default = Connector;"],"l":{"3":1,"7":1,"9":1,"11":1,"13":1,"15":1,"17":1,"19":1,"21":2,"23":1,"25":1,"27":1,"29":1,"31":1,"33":1,"34":1,"36":1,"37":0,"39":0,"41":0,"43":0,"44":0,"45":0,"46":0,"47":0,"49":0,"50":0,"53":1,"54":0,"56":0,"57":0,"59":0,"60":0,"62":0,"63":0,"64":0,"65":0,"66":0,"67":0,"68":0,"69":0,"70":0,"74":0,"77":0,"81":1,"82":0,"85":1,"88":1}},"/home/travis/build/npmtest/node-npmtest-i18next/i18next/dist/commonjs/defaults.js":{"path":"/home/travis/build/npmtest/node-npmtest-i18next/i18next/dist/commonjs/defaults.js","s":{"1":1,"2":1,"3":1,"4":1,"5":0,"6":0,"7":0,"8":1,"9":1,"10":0,"11":1,"12":0,"13":1,"14":0,"15":1,"16":0,"17":1},"b":{"1":[0,1],"2":[0,1],"3":[0,1],"4":[0,1],"5":[1,0]},"f":{"1":0,"2":0,"3":0,"4":0,"5":1},"fnMap":{"1":{"name":"get","line":8,"loc":{"start":{"line":8,"column":0},"end":{"line":8,"column":15}}},"2":{"name":"returnedObjectHandler","line":38,"loc":{"start":{"line":38,"column":27},"end":{"line":38,"column":60}}},"3":{"name":"overloadTranslationOptionHandler","line":42,"loc":{"start":{"line":42,"column":38},"end":{"line":42,"column":86}}},"4":{"name":"format","line":48,"loc":{"start":{"line":48,"column":14},"end":{"line":48,"column":51}}},"5":{"name":"transformOptions","line":68,"loc":{"start":{"line":68,"column":0},"end":{"line":68,"column":35}}}},"statementMap":{"1":{"start":{"line":3,"column":0},"end":{"line":5,"column":3}},"2":{"start":{"line":6,"column":0},"end":{"line":6,"column":18}},"3":{"start":{"line":7,"column":0},"end":{"line":7,"column":44}},"4":{"start":{"line":8,"column":0},"end":{"line":66,"column":1}},"5":{"start":{"line":9,"column":2},"end":{"line":65,"column":4}},"6":{"start":{"line":43,"column":6},"end":{"line":43,"column":39}},"7":{"start":{"line":49,"column":8},"end":{"line":49,"column":21}},"8":{"start":{"line":68,"column":0},"end":{"line":78,"column":1}},"9":{"start":{"line":70,"column":2},"end":{"line":70,"column":64}},"10":{"start":{"line":70,"column":38},"end":{"line":70,"column":64}},"11":{"start":{"line":71,"column":2},"end":{"line":71,"column":91}},"12":{"start":{"line":71,"column":47},"end":{"line":71,"column":91}},"13":{"start":{"line":72,"column":2},"end":{"line":72,"column":88}},"14":{"start":{"line":72,"column":46},"end":{"line":72,"column":88}},"15":{"start":{"line":75,"column":2},"end":{"line":75,"column":101}},"16":{"start":{"line":75,"column":68},"end":{"line":75,"column":101}},"17":{"start":{"line":77,"column":2},"end":{"line":77,"column":17}}},"branchMap":{"1":{"line":70,"type":"if","locations":[{"start":{"line":70,"column":2},"end":{"line":70,"column":2}},{"start":{"line":70,"column":2},"end":{"line":70,"column":2}}]},"2":{"line":71,"type":"if","locations":[{"start":{"line":71,"column":2},"end":{"line":71,"column":2}},{"start":{"line":71,"column":2},"end":{"line":71,"column":2}}]},"3":{"line":72,"type":"if","locations":[{"start":{"line":72,"column":2},"end":{"line":72,"column":2}},{"start":{"line":72,"column":2},"end":{"line":72,"column":2}}]},"4":{"line":75,"type":"if","locations":[{"start":{"line":75,"column":2},"end":{"line":75,"column":2}},{"start":{"line":75,"column":2},"end":{"line":75,"column":2}}]},"5":{"line":75,"type":"binary-expr","locations":[{"start":{"line":75,"column":6},"end":{"line":75,"column":23}},{"start":{"line":75,"column":27},"end":{"line":75,"column":66}}]}},"code":["'use strict';","","Object.defineProperty(exports, \"__esModule\", {","  value: true","});","exports.get = get;","exports.transformOptions = transformOptions;","function get() {","  return {","    debug: false,","    initImmediate: true,","","    ns: ['translation'],","    defaultNS: ['translation'],","    fallbackLng: ['dev'],","    fallbackNS: false, // string or array of namespaces","","    whitelist: false, // array with whitelisted languages","    nonExplicitWhitelist: false,","    load: 'all', // | currentOnly | languageOnly","    preload: false, // array with preload languages","","    simplifyPluralSuffix: true,","    keySeparator: '.',","    nsSeparator: ':',","    pluralSeparator: '_',","    contextSeparator: '_',","","    saveMissing: false, // enable to send missing values","    saveMissingTo: 'fallback', // 'current' || 'all'","    missingKeyHandler: false, // function(lng, ns, key, fallbackValue) -> override if prefer on handling","","    postProcess: false, // string or array of postProcessor names","    returnNull: true, // allows null value as valid translation","    returnEmptyString: true, // allows empty string value as valid translation","    returnObjects: false,","    joinArrays: false, // or string to join array","    returnedObjectHandler: function returnedObjectHandler() {}, // function(key, value, options) triggered if key returns object but returnObjects is set to false","    parseMissingKeyHandler: false, // function(key) parsed a key that was not found in t() before returning","    appendNamespaceToMissingKey: false,","    appendNamespaceToCIMode: false,","    overloadTranslationOptionHandler: function overloadTranslationOptionHandler(args) {","      return { defaultValue: args[1] };","    },","","    interpolation: {","      escapeValue: true,","      format: function format(value, _format, lng) {","        return value;","      },","      prefix: '{{',","      suffix: '}}',","      formatSeparator: ',',","      // prefixEscaped: '{{',","      // suffixEscaped: '}}',","      // unescapeSuffix: '',","      unescapePrefix: '-',","","      nestingPrefix: '$t(',","      nestingSuffix: ')',","      // nestingPrefixEscaped: '$t(',","      // nestingSuffixEscaped: ')',","      defaultVariables: undefined // object that can have values to interpolate on - extends passed in interpolation data","    }","  };","}","","function transformOptions(options) {","  // create namespace object if namespace is passed in as string","  if (typeof options.ns === 'string') options.ns = [options.ns];","  if (typeof options.fallbackLng === 'string') options.fallbackLng = [options.fallbackLng];","  if (typeof options.fallbackNS === 'string') options.fallbackNS = [options.fallbackNS];","","  // extend whitelist with cimode","  if (options.whitelist && options.whitelist.indexOf('cimode') < 0) options.whitelist.push('cimode');","","  return options;","}"],"l":{"3":1,"6":1,"7":1,"8":1,"9":0,"43":0,"49":0,"68":1,"70":1,"71":1,"72":1,"75":1,"77":1}}}